Copyright 1986-2022 Xilinx, Inc. All Rights Reserved. Copyright 2022-2024 Advanced Micro Devices, Inc. All Rights Reserved.
---------------------------------------------------------------------------------------------------------------------------------------------
| Tool Version : Vivado v.2024.2 (win64) Build 5239630 Fri Nov 08 22:35:27 MST 2024
| Date         : Tue May  6 23:02:48 2025
| Host         : cosmos running 64-bit major release  (build 9200)
| Command      : report_control_sets -verbose -file TOP_control_sets_placed.rpt
| Design       : TOP
| Device       : xc7z010
---------------------------------------------------------------------------------------------------------------------------------------------

Control Set Information

Table of Contents
-----------------
1. Summary
2. Histogram
3. Flip-Flop Distribution
4. Detailed Control Set Information

1. Summary
----------

+----------------------------------------------------------+-------+
|                          Status                          | Count |
+----------------------------------------------------------+-------+
| Total control sets                                       |   231 |
|    Minimum number of control sets                        |   231 |
|    Addition due to synthesis replication                 |     0 |
|    Addition due to physical synthesis replication        |     0 |
| Unused register locations in slices containing registers |  1465 |
+----------------------------------------------------------+-------+
* Control sets can be merged at opt_design using control_set_merge or merge_equivalent_drivers
** Run report_qor_suggestions for automated merging and remapping suggestions


2. Histogram
------------

+--------------------+-------+
|       Fanout       | Count |
+--------------------+-------+
| Total control sets |   231 |
| >= 0 to < 4        |   197 |
| >= 4 to < 6        |     3 |
| >= 6 to < 8        |     2 |
| >= 8 to < 10       |    11 |
| >= 10 to < 12      |     5 |
| >= 12 to < 14      |     1 |
| >= 14 to < 16      |     0 |
| >= 16              |    12 |
+--------------------+-------+
* Control sets can be remapped at either synth_design or opt_design


3. Flip-Flop Distribution
-------------------------

+--------------+-----------------------+------------------------+-----------------+--------------+
| Clock Enable | Synchronous Set/Reset | Asynchronous Set/Reset | Total Registers | Total Slices |
+--------------+-----------------------+------------------------+-----------------+--------------+
| No           | No                    | No                     |              12 |           10 |
| No           | No                    | Yes                    |             560 |          292 |
| No           | Yes                   | No                     |              89 |           71 |
| Yes          | No                    | No                     |              11 |           10 |
| Yes          | No                    | Yes                    |             271 |           93 |
| Yes          | Yes                   | No                     |               0 |            0 |
+--------------+-----------------------+------------------------+-----------------+--------------+


4. Detailed Control Set Information
-----------------------------------

+-----------------------------------------------------------------------------+---------------------------------------------------------------+----------------------------------------------------------------------------+------------------+----------------+--------------+
|                                 Clock Signal                                |                         Enable Signal                         |                              Set/Reset Signal                              | Slice Load Count | Bel Load Count | Bels / Slice |
+-----------------------------------------------------------------------------+---------------------------------------------------------------+----------------------------------------------------------------------------+------------------+----------------+--------------+
|  overall_FSM/game_controller/mole/gen_location/rand_reg_reg[21]_LDC_i_1_n_0 |                                                               | overall_FSM/game_controller/mole/gen_location/rand_reg_reg[21]_LDC_i_2_n_0 |                1 |              1 |         1.00 |
|  overall_FSM/game_controller/mole/gen_location/rand_reg_reg[19]_LDC_i_1_n_0 |                                                               | overall_FSM/game_controller/mole/gen_location/rand_reg_reg[19]_LDC_i_2_n_0 |                1 |              1 |         1.00 |
|  overall_FSM/game_controller/mole/gen_location/rand_reg_reg[22]_LDC_i_1_n_0 |                                                               | overall_FSM/game_controller/mole/gen_location/rand_reg_reg[22]_LDC_i_2_n_0 |                1 |              1 |         1.00 |
|  overall_FSM/game_controller/mole/gen_location/rand_reg_reg[25]_LDC_i_1_n_0 |                                                               | overall_FSM/game_controller/mole/gen_location/rand_reg_reg[25]_LDC_i_2_n_0 |                1 |              1 |         1.00 |
|  overall_FSM/game_controller/mole/gen_location/rand_reg_reg[27]_LDC_i_1_n_0 |                                                               | overall_FSM/game_controller/mole/gen_location/rand_reg_reg[27]_LDC_i_2_n_0 |                1 |              1 |         1.00 |
|  overall_FSM/game_controller/mole/gen_location/rand_reg_reg[1]_LDC_i_1_n_0  |                                                               | overall_FSM/game_controller/mole/gen_location/rand_reg_reg[1]_LDC_i_2_n_0  |                1 |              1 |         1.00 |
|  overall_FSM/game_controller/mole/gen_location/rand_reg_reg[17]_LDC_i_1_n_0 |                                                               | overall_FSM/game_controller/mole/gen_location/rand_reg_reg[17]_LDC_i_2_n_0 |                1 |              1 |         1.00 |
|  overall_FSM/game_controller/mole/gen_location/rand_reg_reg[20]_LDC_i_1_n_0 |                                                               | overall_FSM/game_controller/mole/gen_location/rand_reg_reg[20]_LDC_i_2_n_0 |                1 |              1 |         1.00 |
|  overall_FSM/game_controller/mole/gen_location/rand_reg_reg[23]_LDC_i_1_n_0 |                                                               | overall_FSM/game_controller/mole/gen_location/rand_reg_reg[23]_LDC_i_2_n_0 |                1 |              1 |         1.00 |
|  overall_FSM/game_controller/mole/gen_location/rand_reg_reg[24]_LDC_i_1_n_0 |                                                               | overall_FSM/game_controller/mole/gen_location/rand_reg_reg[24]_LDC_i_2_n_0 |                1 |              1 |         1.00 |
|  overall_FSM/game_controller/mole/gen_location/rand_reg_reg[18]_LDC_i_1_n_0 |                                                               | overall_FSM/game_controller/mole/gen_location/rand_reg_reg[18]_LDC_i_2_n_0 |                1 |              1 |         1.00 |
|  overall_FSM/game_controller/mole/gen_location/rand_reg_reg[26]_LDC_i_1_n_0 |                                                               | overall_FSM/game_controller/mole/gen_location/rand_reg_reg[26]_LDC_i_2_n_0 |                1 |              1 |         1.00 |
|  overall_FSM/game_controller/mole/gen_location/rand_reg_reg[0]_LDC_i_1_n_0  |                                                               | overall_FSM/game_controller/mole/gen_location/rand_reg_reg[0]_LDC_i_2_n_0  |                1 |              1 |         1.00 |
|  overall_FSM/game_controller/mole/gen_location/rand_reg_reg[11]_LDC_i_1_n_0 |                                                               | overall_FSM/game_controller/mole/gen_location/rand_reg_reg[11]_LDC_i_2_n_0 |                1 |              1 |         1.00 |
|  overall_FSM/game_controller/mole/gen_location/rand_reg_reg[14]_LDC_i_1_n_0 |                                                               | overall_FSM/game_controller/mole/gen_location/rand_reg_reg[14]_LDC_i_2_n_0 |                1 |              1 |         1.00 |
|  overall_FSM/game_controller/mole/gen_location/rand_reg_reg[15]_LDC_i_1_n_0 |                                                               | overall_FSM/game_controller/mole/gen_location/rand_reg_reg[15]_LDC_i_2_n_0 |                1 |              1 |         1.00 |
|  overall_FSM/game_controller/mole/gen_location/rand_reg_reg[13]_LDC_i_1_n_0 |                                                               | overall_FSM/game_controller/mole/gen_location/rand_reg_reg[13]_LDC_i_2_n_0 |                1 |              1 |         1.00 |
|  overall_FSM/game_controller/mole/gen_location/rand_reg_reg[10]_LDC_i_1_n_0 |                                                               | overall_FSM/game_controller/mole/gen_location/rand_reg_reg[10]_LDC_i_2_n_0 |                1 |              1 |         1.00 |
|  overall_FSM/game_controller/mole/gen_location/rand_reg_reg[16]_LDC_i_1_n_0 |                                                               | overall_FSM/game_controller/mole/gen_location/rand_reg_reg[16]_LDC_i_2_n_0 |                1 |              1 |         1.00 |
|  overall_FSM/game_controller/mole/gen_location/rand_reg_reg[12]_LDC_i_1_n_0 |                                                               | overall_FSM/game_controller/mole/gen_location/rand_reg_reg[12]_LDC_i_2_n_0 |                1 |              1 |         1.00 |
|  overall_FSM/game_controller/genblk1[4].kill_list_reg[4]_0                  |                                                               | overall_FSM/game_controller/game_rst_n_BUFG_inst                           |                1 |              1 |         1.00 |
|  overall_FSM/game_controller/mole/gen_location/rand_reg_reg[3]_LDC_i_1_n_0  |                                                               | overall_FSM/game_controller/mole/gen_location/rand_reg_reg[3]_LDC_i_2_n_0  |                1 |              1 |         1.00 |
|  overall_FSM/game_controller/mole/gen_location/rand_reg_reg[4]_LDC_i_1_n_0  |                                                               | overall_FSM/game_controller/mole/gen_location/rand_reg_reg[4]_LDC_i_2_n_0  |                1 |              1 |         1.00 |
|  overall_FSM/game_controller/mole/gen_location/rand_reg_reg[29]_LDC_i_1_n_0 |                                                               | overall_FSM/game_controller/mole/gen_location/rand_reg_reg[29]_LDC_i_2_n_0 |                1 |              1 |         1.00 |
|  overall_FSM/game_controller/mole/gen_location/rand_reg_reg[28]_LDC_i_1_n_0 |                                                               | overall_FSM/game_controller/mole/gen_location/rand_reg_reg[28]_LDC_i_2_n_0 |                1 |              1 |         1.00 |
|  overall_FSM/game_controller/mole/gen_location/rand_reg_reg[2]_LDC_i_1_n_0  |                                                               | overall_FSM/game_controller/mole/gen_location/rand_reg_reg[2]_LDC_i_2_n_0  |                1 |              1 |         1.00 |
|  beep_top/beep_play/change                                                  |                                                               | overall_FSM/game_controller/game_rst_n_BUFG_inst                           |                1 |              1 |         1.00 |
|  beep_top/beep_play/count_reg[0]_LDC_i_1_n_0                                |                                                               | beep_top/beep_play/count_reg[0]_LDC_i_2_n_0                                |                1 |              1 |         1.00 |
|  beep_top/beep_play/count_reg[11]_LDC_i_1_n_0                               |                                                               | u_touch_top/lcd_touch_driver/FSM_onehot_state_reg_reg[0]_10                |                1 |              1 |         1.00 |
|  beep_top/beep_play/count_reg[16]_LDC_i_1_n_0                               |                                                               | u_touch_top/lcd_touch_driver/FSM_onehot_state_reg_reg[0]_15                |                1 |              1 |         1.00 |
|  beep_top/beep_play/count_reg[13]_LDC_i_1_n_0                               |                                                               | u_touch_top/lcd_touch_driver/FSM_onehot_state_reg_reg[0]_12                |                1 |              1 |         1.00 |
|  beep_top/beep_play/count_reg[15]_LDC_i_1_n_0                               |                                                               | u_touch_top/lcd_touch_driver/FSM_onehot_state_reg_reg[0]_14                |                1 |              1 |         1.00 |
|  beep_top/beep_play/count_reg[12]_LDC_i_1_n_0                               |                                                               | u_touch_top/lcd_touch_driver/FSM_onehot_state_reg_reg[0]_11                |                1 |              1 |         1.00 |
|  beep_top/beep_play/count_reg[10]_LDC_i_1_n_0                               |                                                               | u_touch_top/lcd_touch_driver/FSM_onehot_state_reg_reg[0]_9                 |                1 |              1 |         1.00 |
|  beep_top/beep_play/count_reg[14]_LDC_i_1_n_0                               |                                                               | u_touch_top/lcd_touch_driver/FSM_onehot_state_reg_reg[0]_13                |                1 |              1 |         1.00 |
|  beep_top/beep_play/count_reg[17]_LDC_i_1_n_0                               |                                                               | u_touch_top/lcd_touch_driver/FSM_onehot_state_reg_reg[0]_16                |                1 |              1 |         1.00 |
|  beep_top/beep_play/count_reg[18]_LDC_i_1_n_0                               |                                                               | u_touch_top/lcd_touch_driver/FSM_onehot_state_reg_reg[0]_17                |                1 |              1 |         1.00 |
|  beep_top/beep_play/count_reg[20]_LDC_i_1_n_0                               |                                                               | u_touch_top/lcd_touch_driver/FSM_onehot_state_reg_reg[0]_19                |                1 |              1 |         1.00 |
|  beep_top/beep_play/count_reg[22]_LDC_i_1_n_0                               |                                                               | u_touch_top/lcd_touch_driver/FSM_onehot_state_reg_reg[0]_21                |                1 |              1 |         1.00 |
|  beep_top/beep_play/count_reg[21]_LDC_i_1_n_0                               |                                                               | u_touch_top/lcd_touch_driver/FSM_onehot_state_reg_reg[0]_20                |                1 |              1 |         1.00 |
|  beep_top/beep_play/count_reg[1]_LDC_i_1_n_0                                |                                                               | u_touch_top/lcd_touch_driver/FSM_onehot_state_reg_reg[0]_0                 |                1 |              1 |         1.00 |
|  beep_top/beep_play/count_reg[23]_LDC_i_1_n_0                               |                                                               | u_touch_top/lcd_touch_driver/FSM_onehot_state_reg_reg[0]_22                |                1 |              1 |         1.00 |
|  beep_top/beep_play/count_reg[24]_LDC_i_1_n_0                               |                                                               | u_touch_top/lcd_touch_driver/FSM_onehot_state_reg_reg[0]_23                |                1 |              1 |         1.00 |
|  beep_top/beep_play/count_reg[19]_LDC_i_1_n_0                               |                                                               | u_touch_top/lcd_touch_driver/FSM_onehot_state_reg_reg[0]_18                |                1 |              1 |         1.00 |
|  beep_top/beep_play/count_reg[28]_LDC_i_1_n_0                               |                                                               | u_touch_top/lcd_touch_driver/FSM_onehot_state_reg_reg[0]_27                |                1 |              1 |         1.00 |
|  beep_top/beep_play/count_reg[25]_LDC_i_1_n_0                               |                                                               | u_touch_top/lcd_touch_driver/FSM_onehot_state_reg_reg[0]_24                |                1 |              1 |         1.00 |
|  beep_top/beep_play/count_reg[3]_LDC_i_1_n_0                                |                                                               | u_touch_top/lcd_touch_driver/FSM_onehot_state_reg_reg[0]_2                 |                1 |              1 |         1.00 |
|  beep_top/beep_play/count_reg[27]_LDC_i_1_n_0                               |                                                               | u_touch_top/lcd_touch_driver/FSM_onehot_state_reg_reg[0]_26                |                1 |              1 |         1.00 |
|  beep_top/beep_play/count_reg[30]_LDC_i_1_n_0                               |                                                               | u_touch_top/lcd_touch_driver/FSM_onehot_state_reg_reg[0]_29                |                1 |              1 |         1.00 |
|  beep_top/beep_play/count_reg[26]_LDC_i_1_n_0                               |                                                               | u_touch_top/lcd_touch_driver/FSM_onehot_state_reg_reg[0]_25                |                1 |              1 |         1.00 |
|  beep_top/beep_play/count_reg[29]_LDC_i_1_n_0                               |                                                               | u_touch_top/lcd_touch_driver/FSM_onehot_state_reg_reg[0]_28                |                1 |              1 |         1.00 |
|  beep_top/beep_play/count_reg[4]_LDC_i_1_n_0                                |                                                               | u_touch_top/lcd_touch_driver/FSM_onehot_state_reg_reg[0]_3                 |                1 |              1 |         1.00 |
|  beep_top/beep_play/count_reg[2]_LDC_i_1_n_0                                |                                                               | u_touch_top/lcd_touch_driver/FSM_onehot_state_reg_reg[0]_1                 |                1 |              1 |         1.00 |
|  beep_top/beep_play/count_reg[9]_LDC_i_1_n_0                                |                                                               | u_touch_top/lcd_touch_driver/FSM_onehot_state_reg_reg[0]_8                 |                1 |              1 |         1.00 |
|  beep_top/beep_play/count_reg[8]_LDC_i_1_n_0                                |                                                               | u_touch_top/lcd_touch_driver/FSM_onehot_state_reg_reg[0]_7                 |                1 |              1 |         1.00 |
|  beep_top/beep_play/count_reg[6]_LDC_i_1_n_0                                |                                                               | u_touch_top/lcd_touch_driver/FSM_onehot_state_reg_reg[0]_5                 |                1 |              1 |         1.00 |
|  beep_top/beep_play/count_reg[5]_LDC_i_1_n_0                                |                                                               | u_touch_top/lcd_touch_driver/FSM_onehot_state_reg_reg[0]_4                 |                1 |              1 |         1.00 |
|  beep_top/beep_play/count_reg[7]_LDC_i_1_n_0                                |                                                               | u_touch_top/lcd_touch_driver/FSM_onehot_state_reg_reg[0]_6                 |                1 |              1 |         1.00 |
|  overall_FSM/game_controller/mole/gen_location/rand_reg_reg[30]_LDC_i_1_n_0 |                                                               | overall_FSM/game_controller/mole/gen_location/rand_reg_reg[30]_LDC_i_2_n_0 |                1 |              1 |         1.00 |
|  overall_FSM/game_controller/mole/gen_location/rand_reg_reg[31]_LDC_i_1_n_0 |                                                               | overall_FSM/game_controller/mole/gen_location/rand_reg_reg[31]_LDC_i_2_n_0 |                1 |              1 |         1.00 |
|  overall_FSM/game_controller/mole/gen_location/rand_reg_reg[7]_LDC_i_1_n_0  |                                                               | overall_FSM/game_controller/mole/gen_location/rand_reg_reg[7]_LDC_i_2_n_0  |                1 |              1 |         1.00 |
|  overall_FSM/game_controller/mole/gen_location/rand_reg_reg[9]_LDC_i_1_n_0  |                                                               | overall_FSM/game_controller/mole/gen_location/rand_reg_reg[9]_LDC_i_2_n_0  |                1 |              1 |         1.00 |
|  overall_FSM/game_controller/mole/gen_location/rand_reg_reg[5]_LDC_i_1_n_0  |                                                               | overall_FSM/game_controller/mole/gen_location/rand_reg_reg[5]_LDC_i_2_n_0  |                1 |              1 |         1.00 |
|  overall_FSM/game_controller/mole/gen_location/rand_reg_reg[6]_LDC_i_1_n_0  |                                                               | overall_FSM/game_controller/mole/gen_location/rand_reg_reg[6]_LDC_i_2_n_0  |                1 |              1 |         1.00 |
|  overall_FSM/game_controller/mole/gen_location/rand_reg_reg[8]_LDC_i_1_n_0  |                                                               | overall_FSM/game_controller/mole/gen_location/rand_reg_reg[8]_LDC_i_2_n_0  |                1 |              1 |         1.00 |
|  clk_wiz/inst/clk_out1                                                      |                                                               | overall_FSM/game_controller/mole/gen_location/rand_reg_reg[6]_LDC_i_2_n_0  |                1 |              1 |         1.00 |
|  clk_wiz/inst/clk_out1                                                      |                                                               | overall_FSM/game_controller/mole/gen_location/rand_reg_reg[6]_LDC_i_1_n_0  |                1 |              1 |         1.00 |
|  clk_wiz/inst/clk_out1                                                      |                                                               | overall_FSM/game_controller/mole/gen_location/rand_reg_reg[7]_LDC_i_2_n_0  |                1 |              1 |         1.00 |
|  clk_wiz/inst/clk_out1                                                      |                                                               | overall_FSM/game_controller/mole/gen_location/rand_reg_reg[8]_LDC_i_1_n_0  |                1 |              1 |         1.00 |
|  clk_IBUF_BUFG                                                              |                                                               |                                                                            |                1 |              1 |         1.00 |
|  clk_IBUF_BUFG                                                              |                                                               | overall_FSM/game_controller/game_rst_n_BUFG_inst                           |                1 |              1 |         1.00 |
|  clk_wiz/inst/clk_out1                                                      |                                                               | overall_FSM/game_controller/mole/gen_location/rand_reg_reg[5]_LDC_i_2_n_0  |                1 |              1 |         1.00 |
|  clk_IBUF_BUFG                                                              |                                                               | beep_top/beep_play/count_reg[0]_LDC_i_1_n_0                                |                1 |              1 |         1.00 |
|  clk_IBUF_BUFG                                                              |                                                               | beep_top/beep_play/count_reg[0]_LDC_i_2_n_0                                |                1 |              1 |         1.00 |
|  clk_IBUF_BUFG                                                              |                                                               | beep_top/beep_play/count_reg[11]_LDC_i_1_n_0                               |                1 |              1 |         1.00 |
|  clk_IBUF_BUFG                                                              |                                                               | beep_top/beep_play/count_reg[16]_LDC_i_1_n_0                               |                1 |              1 |         1.00 |
|  clk_IBUF_BUFG                                                              |                                                               | beep_top/beep_play/count_reg[13]_LDC_i_1_n_0                               |                1 |              1 |         1.00 |
|  clk_IBUF_BUFG                                                              |                                                               | beep_top/beep_play/count_reg[15]_LDC_i_1_n_0                               |                1 |              1 |         1.00 |
|  clk_IBUF_BUFG                                                              |                                                               | beep_top/beep_play/count_reg[12]_LDC_i_1_n_0                               |                1 |              1 |         1.00 |
|  clk_IBUF_BUFG                                                              |                                                               | beep_top/beep_play/count_reg[10]_LDC_i_1_n_0                               |                1 |              1 |         1.00 |
|  clk_IBUF_BUFG                                                              |                                                               | beep_top/beep_play/count_reg[14]_LDC_i_1_n_0                               |                1 |              1 |         1.00 |
|  clk_IBUF_BUFG                                                              |                                                               | beep_top/beep_play/count_reg[17]_LDC_i_1_n_0                               |                1 |              1 |         1.00 |
|  clk_IBUF_BUFG                                                              |                                                               | beep_top/beep_play/count_reg[18]_LDC_i_1_n_0                               |                1 |              1 |         1.00 |
|  clk_IBUF_BUFG                                                              |                                                               | beep_top/beep_play/count_reg[20]_LDC_i_1_n_0                               |                1 |              1 |         1.00 |
|  clk_IBUF_BUFG                                                              |                                                               | beep_top/beep_play/count_reg[22]_LDC_i_1_n_0                               |                1 |              1 |         1.00 |
|  clk_IBUF_BUFG                                                              |                                                               | beep_top/beep_play/count_reg[21]_LDC_i_1_n_0                               |                1 |              1 |         1.00 |
|  clk_IBUF_BUFG                                                              |                                                               | beep_top/beep_play/count_reg[1]_LDC_i_1_n_0                                |                1 |              1 |         1.00 |
|  clk_IBUF_BUFG                                                              |                                                               | beep_top/beep_play/count_reg[23]_LDC_i_1_n_0                               |                1 |              1 |         1.00 |
|  clk_IBUF_BUFG                                                              |                                                               | beep_top/beep_play/count_reg[24]_LDC_i_1_n_0                               |                1 |              1 |         1.00 |
|  clk_IBUF_BUFG                                                              |                                                               | beep_top/beep_play/count_reg[19]_LDC_i_1_n_0                               |                1 |              1 |         1.00 |
|  clk_IBUF_BUFG                                                              |                                                               | beep_top/beep_play/count_reg[28]_LDC_i_1_n_0                               |                1 |              1 |         1.00 |
|  clk_IBUF_BUFG                                                              |                                                               | beep_top/beep_play/count_reg[25]_LDC_i_1_n_0                               |                1 |              1 |         1.00 |
|  clk_IBUF_BUFG                                                              |                                                               | beep_top/beep_play/count_reg[3]_LDC_i_1_n_0                                |                1 |              1 |         1.00 |
|  clk_IBUF_BUFG                                                              |                                                               | beep_top/beep_play/count_reg[27]_LDC_i_1_n_0                               |                1 |              1 |         1.00 |
|  clk_IBUF_BUFG                                                              |                                                               | beep_top/beep_play/count_reg[30]_LDC_i_1_n_0                               |                1 |              1 |         1.00 |
|  clk_IBUF_BUFG                                                              |                                                               | beep_top/beep_play/count_reg[26]_LDC_i_1_n_0                               |                1 |              1 |         1.00 |
|  clk_IBUF_BUFG                                                              |                                                               | beep_top/beep_play/count_reg[29]_LDC_i_1_n_0                               |                1 |              1 |         1.00 |
|  clk_IBUF_BUFG                                                              |                                                               | beep_top/beep_play/count_reg[4]_LDC_i_1_n_0                                |                1 |              1 |         1.00 |
|  clk_IBUF_BUFG                                                              |                                                               | beep_top/beep_play/count_reg[2]_LDC_i_1_n_0                                |                1 |              1 |         1.00 |
|  clk_IBUF_BUFG                                                              |                                                               | beep_top/beep_play/count_reg[9]_LDC_i_1_n_0                                |                1 |              1 |         1.00 |
|  clk_IBUF_BUFG                                                              |                                                               | beep_top/beep_play/count_reg[8]_LDC_i_1_n_0                                |                1 |              1 |         1.00 |
|  clk_IBUF_BUFG                                                              |                                                               | beep_top/beep_play/count_reg[6]_LDC_i_1_n_0                                |                1 |              1 |         1.00 |
|  clk_IBUF_BUFG                                                              |                                                               | beep_top/beep_play/count_reg[5]_LDC_i_1_n_0                                |                1 |              1 |         1.00 |
|  clk_IBUF_BUFG                                                              |                                                               | beep_top/beep_play/count_reg[7]_LDC_i_1_n_0                                |                1 |              1 |         1.00 |
|  clk_IBUF_BUFG                                                              |                                                               | u_touch_top/lcd_touch_driver/FSM_onehot_state_reg_reg[0]_16                |                1 |              1 |         1.00 |
|  clk_IBUF_BUFG                                                              |                                                               | u_touch_top/lcd_touch_driver/FSM_onehot_state_reg_reg[0]_22                |                1 |              1 |         1.00 |
|  clk_IBUF_BUFG                                                              |                                                               | u_touch_top/lcd_touch_driver/FSM_onehot_state_reg_reg[0]_26                |                1 |              1 |         1.00 |
|  clk_IBUF_BUFG                                                              |                                                               | u_touch_top/lcd_touch_driver/FSM_onehot_state_reg_reg[0]_8                 |                1 |              1 |         1.00 |
|  clk_IBUF_BUFG                                                              |                                                               | u_touch_top/lcd_touch_driver/FSM_onehot_state_reg_reg[0]_6                 |                1 |              1 |         1.00 |
|  clk_IBUF_BUFG                                                              |                                                               | u_touch_top/lcd_touch_driver/FSM_onehot_state_reg_reg[0]_14                |                1 |              1 |         1.00 |
|  clk_IBUF_BUFG                                                              |                                                               | u_touch_top/lcd_touch_driver/FSM_onehot_state_reg_reg[0]_3                 |                1 |              1 |         1.00 |
|  clk_IBUF_BUFG                                                              |                                                               | u_touch_top/lcd_touch_driver/FSM_onehot_state_reg_reg[0]_19                |                1 |              1 |         1.00 |
|  clk_IBUF_BUFG                                                              |                                                               | u_touch_top/lcd_touch_driver/FSM_onehot_state_reg_reg[0]_5                 |                1 |              1 |         1.00 |
|  clk_IBUF_BUFG                                                              |                                                               | u_touch_top/lcd_touch_driver/FSM_onehot_state_reg_reg[0]_9                 |                1 |              1 |         1.00 |
|  clk_IBUF_BUFG                                                              |                                                               | u_touch_top/lcd_touch_driver/FSM_onehot_state_reg_reg[0]_13                |                1 |              1 |         1.00 |
|  clk_IBUF_BUFG                                                              |                                                               | u_touch_top/lcd_touch_driver/FSM_onehot_state_reg_reg[0]_1                 |                1 |              1 |         1.00 |
|  clk_IBUF_BUFG                                                              |                                                               | u_touch_top/lcd_touch_driver/FSM_onehot_state_reg_reg[0]_11                |                1 |              1 |         1.00 |
|  clk_IBUF_BUFG                                                              |                                                               | u_touch_top/lcd_touch_driver/FSM_onehot_state_reg_reg[0]_28                |                1 |              1 |         1.00 |
|  clk_IBUF_BUFG                                                              |                                                               | u_touch_top/lcd_touch_driver/FSM_onehot_state_reg_reg[0]_20                |                1 |              1 |         1.00 |
|  clk_IBUF_BUFG                                                              |                                                               | u_touch_top/lcd_touch_driver/FSM_onehot_state_reg_reg[0]_7                 |                1 |              1 |         1.00 |
|  clk_IBUF_BUFG                                                              |                                                               | u_touch_top/lcd_touch_driver/FSM_onehot_state_reg_reg[0]_25                |                1 |              1 |         1.00 |
|  clk_IBUF_BUFG                                                              |                                                               | u_touch_top/lcd_touch_driver/FSM_onehot_state_reg_reg[0]_27                |                1 |              1 |         1.00 |
|  clk_IBUF_BUFG                                                              |                                                               | u_touch_top/lcd_touch_driver/FSM_onehot_state_reg_reg[0]_29                |                1 |              1 |         1.00 |
|  clk_IBUF_BUFG                                                              |                                                               | u_touch_top/lcd_touch_driver/FSM_onehot_state_reg_reg[0]_4                 |                1 |              1 |         1.00 |
|  clk_IBUF_BUFG                                                              |                                                               | u_touch_top/lcd_touch_driver/FSM_onehot_state_reg_reg[0]_18                |                1 |              1 |         1.00 |
|  clk_IBUF_BUFG                                                              |                                                               | u_touch_top/lcd_touch_driver/FSM_onehot_state_reg_reg[0]_15                |                1 |              1 |         1.00 |
|  clk_IBUF_BUFG                                                              |                                                               | u_touch_top/lcd_touch_driver/FSM_onehot_state_reg_reg[0]_0                 |                1 |              1 |         1.00 |
|  clk_IBUF_BUFG                                                              |                                                               | u_touch_top/lcd_touch_driver/FSM_onehot_state_reg_reg[0]_10                |                1 |              1 |         1.00 |
|  clk_IBUF_BUFG                                                              |                                                               | u_touch_top/lcd_touch_driver/FSM_onehot_state_reg_reg[0]_12                |                1 |              1 |         1.00 |
|  clk_IBUF_BUFG                                                              |                                                               | u_touch_top/lcd_touch_driver/FSM_onehot_state_reg_reg[0]_2                 |                1 |              1 |         1.00 |
|  clk_IBUF_BUFG                                                              |                                                               | u_touch_top/lcd_touch_driver/FSM_onehot_state_reg_reg[0]_21                |                1 |              1 |         1.00 |
|  clk_IBUF_BUFG                                                              |                                                               | u_touch_top/lcd_touch_driver/FSM_onehot_state_reg_reg[0]_23                |                1 |              1 |         1.00 |
|  clk_IBUF_BUFG                                                              |                                                               | u_touch_top/lcd_touch_driver/FSM_onehot_state_reg_reg[0]_24                |                1 |              1 |         1.00 |
|  clk_IBUF_BUFG                                                              |                                                               | u_touch_top/lcd_touch_driver/FSM_onehot_state_reg_reg[0]_17                |                1 |              1 |         1.00 |
| ~game_rst_n_BUFG                                                            |                                                               | overall_FSM/game_controller/genblk1[4].kill_list_reg[4]_0                  |                1 |              1 |         1.00 |
|  dri_clk                                                                    | u_touch_top/lcd_touch_driver/touch_rst_n0                     | u_touch_top/lcd_touch_driver/rst_n                                         |                1 |              1 |         1.00 |
|  dri_clk                                                                    | u_touch_top/lcd_touch_i2c_dri_m/scl_i_1_n_0                   | u_touch_top/lcd_touch_driver/rst_n                                         |                1 |              1 |         1.00 |
|  clk_wiz/inst/clk_out1                                                      |                                                               | overall_FSM/game_controller/mole/gen_location/rand_reg_reg[21]_LDC_i_1_n_0 |                1 |              1 |         1.00 |
|  clk_wiz/inst/clk_out1                                                      |                                                               | overall_FSM/game_controller/mole/gen_location/rand_reg_reg[23]_LDC_i_2_n_0 |                1 |              1 |         1.00 |
|  clk_wiz/inst/clk_out1                                                      |                                                               | overall_FSM/game_controller/mole/gen_location/rand_reg_reg[19]_LDC_i_1_n_0 |                1 |              1 |         1.00 |
|  clk_wiz/inst/clk_out1                                                      |                                                               | overall_FSM/game_controller/mole/gen_location/rand_reg_reg[1]_LDC_i_2_n_0  |                1 |              1 |         1.00 |
|  clk_wiz/inst/clk_out1                                                      |                                                               | overall_FSM/game_controller/mole/gen_location/rand_reg_reg[22]_LDC_i_1_n_0 |                1 |              1 |         1.00 |
|  clk_wiz/inst/clk_out1                                                      |                                                               | overall_FSM/game_controller/mole/gen_location/rand_reg_reg[25]_LDC_i_1_n_0 |                1 |              1 |         1.00 |
|  clk_wiz/inst/clk_out1                                                      |                                                               | overall_FSM/game_controller/mole/gen_location/rand_reg_reg[27]_LDC_i_1_n_0 |                1 |              1 |         1.00 |
|  clk_wiz/inst/clk_out1                                                      |                                                               | overall_FSM/game_controller/mole/gen_location/rand_reg_reg[27]_LDC_i_2_n_0 |                1 |              1 |         1.00 |
|  clk_wiz/inst/clk_out1                                                      |                                                               | overall_FSM/game_controller/mole/gen_location/rand_reg_reg[1]_LDC_i_1_n_0  |                1 |              1 |         1.00 |
|  clk_wiz/inst/clk_out1                                                      |                                                               | overall_FSM/game_controller/mole/gen_location/rand_reg_reg[21]_LDC_i_2_n_0 |                1 |              1 |         1.00 |
|  clk_wiz/inst/clk_out1                                                      |                                                               | overall_FSM/game_controller/mole/gen_location/rand_reg_reg[18]_LDC_i_2_n_0 |                1 |              1 |         1.00 |
|  clk_wiz/inst/clk_out1                                                      |                                                               | overall_FSM/game_controller/mole/gen_location/rand_reg_reg[17]_LDC_i_1_n_0 |                1 |              1 |         1.00 |
|  clk_wiz/inst/clk_out1                                                      |                                                               | overall_FSM/game_controller/mole/gen_location/rand_reg_reg[20]_LDC_i_1_n_0 |                1 |              1 |         1.00 |
|  clk_wiz/inst/clk_out1                                                      |                                                               | overall_FSM/game_controller/mole/gen_location/rand_reg_reg[17]_LDC_i_2_n_0 |                1 |              1 |         1.00 |
|  clk_wiz/inst/clk_out1                                                      |                                                               | overall_FSM/game_controller/mole/gen_location/rand_reg_reg[20]_LDC_i_2_n_0 |                1 |              1 |         1.00 |
|  clk_wiz/inst/clk_out1                                                      |                                                               | overall_FSM/game_controller/mole/gen_location/rand_reg_reg[23]_LDC_i_1_n_0 |                1 |              1 |         1.00 |
|  clk_wiz/inst/clk_out1                                                      |                                                               | overall_FSM/game_controller/mole/gen_location/rand_reg_reg[24]_LDC_i_2_n_0 |                1 |              1 |         1.00 |
|  clk_wiz/inst/clk_out1                                                      |                                                               | overall_FSM/game_controller/mole/gen_location/rand_reg_reg[22]_LDC_i_2_n_0 |                1 |              1 |         1.00 |
|  clk_wiz/inst/clk_out1                                                      |                                                               | overall_FSM/game_controller/mole/gen_location/rand_reg_reg[24]_LDC_i_1_n_0 |                1 |              1 |         1.00 |
|  clk_wiz/inst/clk_out1                                                      |                                                               | overall_FSM/game_controller/mole/gen_location/rand_reg_reg[25]_LDC_i_2_n_0 |                1 |              1 |         1.00 |
|  clk_wiz/inst/clk_out1                                                      |                                                               | overall_FSM/game_controller/mole/gen_location/rand_reg_reg[18]_LDC_i_1_n_0 |                1 |              1 |         1.00 |
|  clk_wiz/inst/clk_out1                                                      |                                                               | overall_FSM/game_controller/mole/gen_location/rand_reg_reg[19]_LDC_i_2_n_0 |                1 |              1 |         1.00 |
|  clk_wiz/inst/clk_out1                                                      |                                                               | overall_FSM/game_controller/mole/gen_location/rand_reg_reg[26]_LDC_i_1_n_0 |                1 |              1 |         1.00 |
|  clk_wiz/inst/clk_out1                                                      |                                                               | overall_FSM/game_controller/mole/gen_location/rand_reg_reg[26]_LDC_i_2_n_0 |                1 |              1 |         1.00 |
|  clk_wiz/inst/clk_out1                                                      |                                                               | overall_FSM/game_controller/mole/gen_location/rand_reg_reg[0]_LDC_i_1_n_0  |                1 |              1 |         1.00 |
|  clk_wiz/inst/clk_out1                                                      |                                                               | overall_FSM/game_controller/mole/gen_location/rand_reg_reg[0]_LDC_i_2_n_0  |                1 |              1 |         1.00 |
|  clk_wiz/inst/clk_out1                                                      |                                                               | overall_FSM/game_controller/mole/gen_location/rand_reg_reg[10]_LDC_i_2_n_0 |                1 |              1 |         1.00 |
|  clk_wiz/inst/clk_out1                                                      |                                                               | overall_FSM/game_controller/mole/gen_location/rand_reg_reg[11]_LDC_i_1_n_0 |                1 |              1 |         1.00 |
|  clk_wiz/inst/clk_out1                                                      |                                                               | overall_FSM/game_controller/mole/gen_location/rand_reg_reg[14]_LDC_i_1_n_0 |                1 |              1 |         1.00 |
|  clk_wiz/inst/clk_out1                                                      |                                                               | overall_FSM/game_controller/mole/gen_location/rand_reg_reg[16]_LDC_i_2_n_0 |                1 |              1 |         1.00 |
|  clk_wiz/inst/clk_out1                                                      |                                                               | overall_FSM/game_controller/mole/gen_location/rand_reg_reg[11]_LDC_i_2_n_0 |                1 |              1 |         1.00 |
|  clk_wiz/inst/clk_out1                                                      |                                                               | overall_FSM/game_controller/mole/gen_location/rand_reg_reg[14]_LDC_i_2_n_0 |                1 |              1 |         1.00 |
|  clk_wiz/inst/clk_out1                                                      |                                                               | overall_FSM/game_controller/mole/gen_location/rand_reg_reg[15]_LDC_i_1_n_0 |                1 |              1 |         1.00 |
|  clk_wiz/inst/clk_out1                                                      |                                                               | overall_FSM/game_controller/mole/gen_location/rand_reg_reg[15]_LDC_i_2_n_0 |                1 |              1 |         1.00 |
|  clk_wiz/inst/clk_out1                                                      |                                                               | overall_FSM/game_controller/mole/gen_location/rand_reg_reg[13]_LDC_i_1_n_0 |                1 |              1 |         1.00 |
|  clk_wiz/inst/clk_out1                                                      |                                                               | overall_FSM/game_controller/mole/gen_location/rand_reg_reg[12]_LDC_i_2_n_0 |                1 |              1 |         1.00 |
|  clk_wiz/inst/clk_out1                                                      |                                                               | overall_FSM/game_controller/mole/gen_location/rand_reg_reg[13]_LDC_i_2_n_0 |                1 |              1 |         1.00 |
|  clk_wiz/inst/clk_out1                                                      |                                                               | overall_FSM/game_controller/mole/gen_location/rand_reg_reg[10]_LDC_i_1_n_0 |                1 |              1 |         1.00 |
|  clk_wiz/inst/clk_out1                                                      |                                                               | overall_FSM/game_controller/mole/gen_location/rand_reg_reg[16]_LDC_i_1_n_0 |                1 |              1 |         1.00 |
|  clk_wiz/inst/clk_out1                                                      |                                                               | overall_FSM/game_controller/mole/gen_location/rand_reg_reg[12]_LDC_i_1_n_0 |                1 |              1 |         1.00 |
|  clk_wiz/inst/clk_out1                                                      |                                                               | overall_FSM/game_controller/mole/gen_location/rand_reg_reg[3]_LDC_i_1_n_0  |                1 |              1 |         1.00 |
|  clk_wiz/inst/clk_out1                                                      |                                                               | overall_FSM/game_controller/mole/gen_location/rand_reg_reg[4]_LDC_i_1_n_0  |                1 |              1 |         1.00 |
|  clk_wiz/inst/clk_out1                                                      |                                                               | overall_FSM/game_controller/mole/gen_location/rand_reg_reg[3]_LDC_i_2_n_0  |                1 |              1 |         1.00 |
|  clk_wiz/inst/clk_out1                                                      |                                                               | overall_FSM/game_controller/mole/gen_location/rand_reg_reg[4]_LDC_i_2_n_0  |                1 |              1 |         1.00 |
|  clk_wiz/inst/clk_out1                                                      |                                                               | overall_FSM/game_controller/mole/gen_location/rand_reg_reg[29]_LDC_i_1_n_0 |                1 |              1 |         1.00 |
|  clk_wiz/inst/clk_out1                                                      |                                                               | overall_FSM/game_controller/mole/gen_location/rand_reg_reg[28]_LDC_i_1_n_0 |                1 |              1 |         1.00 |
|  clk_wiz/inst/clk_out1                                                      |                                                               | overall_FSM/game_controller/mole/gen_location/rand_reg_reg[28]_LDC_i_2_n_0 |                1 |              1 |         1.00 |
|  clk_wiz/inst/clk_out1                                                      |                                                               | overall_FSM/game_controller/mole/gen_location/rand_reg_reg[29]_LDC_i_2_n_0 |                1 |              1 |         1.00 |
|  clk_wiz/inst/clk_out1                                                      |                                                               | overall_FSM/game_controller/mole/gen_location/rand_reg_reg[2]_LDC_i_2_n_0  |                1 |              1 |         1.00 |
|  clk_wiz/inst/clk_out1                                                      |                                                               | overall_FSM/game_controller/mole/gen_location/rand_reg_reg[2]_LDC_i_1_n_0  |                1 |              1 |         1.00 |
|  clk_wiz/inst/clk_out1                                                      |                                                               | overall_FSM/game_controller/mole/gen_location/rand_reg_reg[30]_LDC_i_1_n_0 |                1 |              1 |         1.00 |
|  clk_wiz/inst/clk_out1                                                      |                                                               | overall_FSM/game_controller/mole/gen_location/rand_reg_reg[31]_LDC_i_1_n_0 |                1 |              1 |         1.00 |
|  clk_wiz/inst/clk_out1                                                      |                                                               | overall_FSM/game_controller/mole/gen_location/rand_reg_reg[31]_LDC_i_2_n_0 |                1 |              1 |         1.00 |
|  clk_wiz/inst/clk_out1                                                      |                                                               | overall_FSM/game_controller/mole/gen_location/rand_reg_reg[30]_LDC_i_2_n_0 |                1 |              1 |         1.00 |
|  clk_wiz/inst/clk_out1                                                      |                                                               | overall_FSM/game_controller/mole/gen_location/rand_reg_reg[8]_LDC_i_2_n_0  |                1 |              1 |         1.00 |
|  clk_wiz/inst/clk_out1                                                      |                                                               | overall_FSM/game_controller/mole/gen_location/rand_reg_reg[7]_LDC_i_1_n_0  |                1 |              1 |         1.00 |
|  clk_wiz/inst/clk_out1                                                      |                                                               | overall_FSM/game_controller/mole/gen_location/rand_reg_reg[9]_LDC_i_1_n_0  |                1 |              1 |         1.00 |
|  clk_wiz/inst/clk_out1                                                      |                                                               | overall_FSM/game_controller/mole/gen_location/rand_reg_reg[9]_LDC_i_2_n_0  |                1 |              1 |         1.00 |
|  clk_wiz/inst/clk_out1                                                      |                                                               | overall_FSM/game_controller/mole/gen_location/rand_reg_reg[5]_LDC_i_1_n_0  |                1 |              1 |         1.00 |
|  dri_clk                                                                    | u_touch_top/lcd_touch_driver/slave_addr0                      | u_touch_top/lcd_touch_driver/rst_n                                         |                1 |              3 |         3.00 |
|  clk_rhythm                                                                 |                                                               | overall_FSM/game_controller/genblk1[4].kill_list_reg[4]_1                  |                4 |              4 |         1.00 |
|  clk_wiz/inst/clk_out1                                                      | overall_FSM/game_controller/sel                               | overall_FSM/game_controller/game_rst_n_BUFG_inst                           |                3 |              4 |         1.33 |
|  clk_wiz/inst/clk_out1                                                      | overall_FSM/game_controller/mole/p_10_out[3]                  | overall_FSM/game_controller/mole/moles_reg[19]_i_3_n_0                     |                3 |              4 |         1.33 |
|  clk_wiz/inst/clk_out1                                                      | overall_FSM/game_controller/mole/p_10_out[19]                 | overall_FSM/game_controller/mole/moles_reg[19]_i_3_n_0                     |                2 |              6 |         3.00 |
|  clk_rhythm                                                                 |                                                               | overall_FSM/game_controller/genblk1[4].kill_list_reg[4]_0                  |                6 |              7 |         1.17 |
|  dri_clk                                                                    | u_touch_top/lcd_touch_i2c_dri_m/reg_cnt[7]_i_1_n_0            | u_touch_top/lcd_touch_driver/rst_n                                         |                3 |              8 |         2.67 |
|  dri_clk                                                                    | u_touch_top/lcd_touch_i2c_dri_m/i2c_data_r[7]_i_1_n_0         | u_touch_top/lcd_touch_driver/rst_n                                         |                1 |              8 |         8.00 |
|  dri_clk                                                                    | u_touch_top/lcd_touch_driver/chip_version[15]_i_1_n_0         | u_touch_top/lcd_touch_driver/rst_n                                         |                3 |              8 |         2.67 |
|  dri_clk                                                                    | u_touch_top/lcd_touch_driver/chip_version[7]_i_1_n_0          | u_touch_top/lcd_touch_driver/rst_n                                         |                4 |              8 |         2.00 |
|  dri_clk                                                                    | u_touch_top/lcd_touch_driver/tp_x_coord_t[15]_i_1_n_0         | u_touch_top/lcd_touch_driver/rst_n                                         |                2 |              8 |         4.00 |
|  dri_clk                                                                    | u_touch_top/lcd_touch_driver/tp_x_coord_t[7]_i_1_n_0          | u_touch_top/lcd_touch_driver/rst_n                                         |                1 |              8 |         8.00 |
|  dri_clk                                                                    | u_touch_top/lcd_touch_driver/tp_y_coord_t[15]_i_1_n_0         | u_touch_top/lcd_touch_driver/rst_n                                         |                1 |              8 |         8.00 |
|  dri_clk                                                                    | u_touch_top/lcd_touch_driver/tp_y_coord_t[7]_i_1_n_0          | u_touch_top/lcd_touch_driver/rst_n                                         |                3 |              8 |         2.67 |
|  clk_wiz/inst/clk_out1                                                      | overall_FSM/game_controller/mole/E[0]                         | overall_FSM/game_controller/game_rst_n_BUFG_inst                           |                3 |              8 |         2.67 |
|  clk_wiz/inst/clk_out1                                                      | overall_FSM/game_controller/mole/survival                     | overall_FSM/game_controller/game_rst_n_BUFG_inst                           |                4 |              8 |         2.00 |
|  dri_clk                                                                    | u_touch_top/lcd_touch_i2c_dri_m/addr_t                        | u_touch_top/lcd_touch_driver/rst_n                                         |                2 |              9 |         4.50 |
|  clk_wiz/inst/clk_out1                                                      | overall_FSM/game_controller/timer_reg                         | overall_FSM/game_controller/game_rst_n_BUFG_inst                           |                3 |             10 |         3.33 |
|  clk_rhythm                                                                 | beep_top/beep_bgm/tone[10]_i_1_n_0                            |                                                                            |               10 |             11 |         1.10 |
|  lcd_clk_OBUF_BUFG                                                          |                                                               |                                                                            |                9 |             11 |         1.22 |
|  lcd_clk_OBUF_BUFG                                                          | u_lcd_rgb_char/lcd_display_driver/sel                         | u_touch_top/lcd_touch_driver/rst_n                                         |                4 |             11 |         2.75 |
|  clk_wiz/inst/clk_out1                                                      | overall_FSM/game_controller/mole/p_10_out[7]                  | overall_FSM/game_controller/mole/moles_reg[19]_i_3_n_0                     |                3 |             11 |         3.67 |
|  dri_clk                                                                    | u_touch_top/lcd_touch_driver/i2c_addr0                        | u_touch_top/lcd_touch_driver/rst_n                                         |                6 |             12 |         2.00 |
|  clk_wiz/inst/clk_out1                                                      | overall_FSM/game_controller/mole/p_10_out[15]                 | overall_FSM/game_controller/mole/moles_reg[19]_i_3_n_0                     |                8 |             17 |         2.12 |
|  clk_wiz/inst/clk_out1                                                      | overall_FSM/game_controller/just_kill                         | overall_FSM/game_controller/game_rst_n_BUFG_inst                           |                7 |             18 |         2.57 |
|  clk_rhythm                                                                 |                                                               | overall_FSM/game_controller/game_rst_n_BUFG_inst                           |               11 |             18 |         1.64 |
|  clk_wiz/inst/clk_out1                                                      | overall_FSM/game_controller/mole/p_10_out[11]                 | overall_FSM/game_controller/mole/moles_reg[19]_i_3_n_0                     |               11 |             20 |         1.82 |
|  clk_IBUF_BUFG                                                              |                                                               | beep_top/beep_clkdiv/count3[0]_i_1_n_0                                     |                6 |             24 |         4.00 |
|  dri_clk                                                                    | u_touch_top/lcd_touch_driver/__28/last_tp_x_coord[15]_i_1_n_0 | u_touch_top/lcd_touch_driver/rst_n                                         |                7 |             32 |         4.57 |
|  dri_clk                                                                    | u_touch_top/lcd_touch_driver/tp_x_coord0                      | u_touch_top/lcd_touch_driver/rst_n                                         |                6 |             32 |         5.33 |
|  clk_wiz/inst/clk_out1                                                      |                                                               | overall_FSM/game_controller/game_rst_n_BUFG_inst                           |               15 |             37 |         2.47 |
|  clk_wiz/inst/clk_out1                                                      |                                                               | u_touch_top/lcd_touch_driver/rst_n                                         |               16 |             47 |         2.94 |
|  lcd_clk_OBUF_BUFG                                                          |                                                               | u_touch_top/lcd_touch_driver/rst_n                                         |               30 |             52 |         1.73 |
|  dri_clk                                                                    |                                                               | u_touch_top/lcd_touch_driver/rst_n                                         |               34 |             75 |         2.21 |
|  clk_wiz/inst/clk_out1                                                      |                                                               | overall_FSM/game_controller/mole/moles_reg[19]_i_3_n_0                     |               48 |            192 |         4.00 |
+-----------------------------------------------------------------------------+---------------------------------------------------------------+----------------------------------------------------------------------------+------------------+----------------+--------------+


