#-----------------------------------------------------------
# Vivado v2024.2 (64-bit)
# SW Build 5239630 on Fri Nov 08 22:35:27 MST 2024
# IP Build 5239520 on Sun Nov 10 16:12:51 MST 2024
# SharedData Build 5239561 on Fri Nov 08 14:39:27 MST 2024
# Start of session at: Tue May  6 12:48:05 2025
# Process ID         : 608
# Current directory  : D:/WorkStations/ASIC/Whac-A-Mole/sim/BEEP
# Command line       : vivado.exe -gui_launcher_event rodinguilauncherevent14248 D:\WorkStations\ASIC\Whac-A-Mole\sim\BEEP\BEEP.xpr
# Log file           : D:/WorkStations/ASIC/Whac-A-Mole/sim/BEEP/vivado.log
# Journal file       : D:/WorkStations/ASIC/Whac-A-Mole/sim/BEEP\vivado.jou
# Running On         : cosmos
# Platform           : Windows Server 2016 or Windows 10
# Operating System   : 26100
# Processor Detail   : 12th Gen Intel(R) Core(TM) i7-12700H
# CPU Frequency      : 2688 MHz
# CPU Physical cores : 14
# CPU Logical cores  : 20
# Host memory        : 16781 MB
# Swap memory        : 12884 MB
# Total Virtual      : 29666 MB
# Available Virtual  : 13450 MB
#-----------------------------------------------------------
start_gui
open_project D:/WorkStations/ASIC/Whac-A-Mole/sim/BEEP/BEEP.xpr
INFO: [filemgmt 56-3] Default IP Output Path : Could not find the directory 'D:/WorkStations/ASIC/Whac-A-Mole/sim/BEEP/BEEP.gen/sources_1'.
Scanning sources...
Finished scanning sources
INFO: [IP_Flow 19-234] Refreshing IP repositories
INFO: [IP_Flow 19-1704] No user IP repositories specified
INFO: [IP_Flow 19-2313] Loaded Vivado IP repository 'E:/Apps/Manual/Vivado/Vivado/2024.2/data/ip'.
update_compile_order -fileset sources_1
open_hw_manager
connect_hw_server -allow_non_jtag
INFO: [Labtools 27-2285] Connecting to hw_server url TCP:localhost:3121
INFO: [Labtools 27-2222] Launching hw_server...
INFO: [Labtools 27-2221] Launch Output:

****** Xilinx hw_server v2024.2
  **** Build date : Oct 29 2024 at 10:25:41
    ** Copyright 1986-2022 Xilinx, Inc. All Rights Reserved.


INFO: [Labtools 27-3415] Connecting to cs_server url TCP:localhost:0
INFO: [Labtools 27-3417] Launching cs_server...
INFO: [Labtools 27-2221] Launch Output:


******** Xilinx cs_server v2024.2.0
  ****** Build date   : Oct 31 2024-02:19:07
    **** Build number : 2024.2.1730312347
      ** Copyright 2017-2022 Xilinx, Inc. All Rights Reserved.
      ** Copyright 2022-2025 Advanced Micro Devices, Inc. All Rights Reserved.



disconnect_hw_server localhost:3121
connect_hw_server -allow_non_jtag
INFO: [Labtools 27-2285] Connecting to hw_server url TCP:localhost:3121
INFO: [Labtools 27-3415] Connecting to cs_server url TCP:localhost:0
INFO: [Labtools 27-3417] Launching cs_server...
INFO: [Labtools 27-2221] Launch Output:


******** Xilinx cs_server v2024.2.0
  ****** Build date   : Oct 31 2024-02:19:07
    **** Build number : 2024.2.1730312347
      ** Copyright 2017-2022 Xilinx, Inc. All Rights Reserved.
      ** Copyright 2022-2025 Advanced Micro Devices, Inc. All Rights Reserved.



open_hw_target
INFO: [Labtoolstcl 44-466] Opening hw_target localhost:3121/xilinx_tcf/Digilent/210251A08870
set_property PROGRAM.FILE {D:/WorkStations/ASIC/Whac-A-Mole/sim/BEEP/BEEP.runs/impl_1/BEEP_TOP.bit} [get_hw_devices xc7z010_1]
current_hw_device [get_hw_devices xc7z010_1]
refresh_hw_device -update_hw_probes false [lindex [get_hw_devices xc7z010_1] 0]
INFO: [Labtools 27-1435] Device xc7z010 (JTAG device index = 1) is not programmed (DONE status = 0).
set_property PROBES.FILE {} [get_hw_devices xc7z010_1]
set_property FULL_PROBES.FILE {} [get_hw_devices xc7z010_1]
set_property PROGRAM.FILE {D:/WorkStations/ASIC/Whac-A-Mole/sim/BEEP/BEEP.runs/impl_1/BEEP_TOP.bit} [get_hw_devices xc7z010_1]
program_hw_devices [get_hw_devices xc7z010_1]
INFO: [Labtools 27-3164] End of startup status: HIGH
refresh_hw_device [lindex [get_hw_devices xc7z010_1] 0]
INFO: [Labtools 27-1434] Device xc7z010 (JTAG device index = 1) is programmed with a design that has no supported debug core(s) in it.
close_hw_manager
update_compile_order -fileset sources_1
update_compile_order -fileset sources_1
reset_run synth_1
INFO: [Project 1-1161] Replacing file D:/WorkStations/ASIC/Whac-A-Mole/sim/BEEP/BEEP.srcs/utils_1/imports/synth_1/BEEP_TOP.dcp with file D:/WorkStations/ASIC/Whac-A-Mole/sim/BEEP/BEEP.runs/synth_1/BEEP_TOP.dcp
WARNING: [Vivado 12-1017] Problems encountered:
1. Failed to delete one or more files in run directory D:/WorkStations/ASIC/Whac-A-Mole/sim/BEEP/BEEP.runs/synth_1

launch_runs impl_1 -to_step write_bitstream -jobs 10
[Tue May  6 13:11:12 2025] Launched synth_1...
Run output will be captured here: D:/WorkStations/ASIC/Whac-A-Mole/sim/BEEP/BEEP.runs/synth_1/runme.log
[Tue May  6 13:11:12 2025] Launched impl_1...
Run output will be captured here: D:/WorkStations/ASIC/Whac-A-Mole/sim/BEEP/BEEP.runs/impl_1/runme.log
reset_run synth_1
WARNING: [Vivado 12-1017] Problems encountered:
1. Failed to delete one or more files in run directory D:/WorkStations/ASIC/Whac-A-Mole/sim/BEEP/BEEP.runs/synth_1

launch_runs impl_1 -to_step write_bitstream -jobs 10
[Tue May  6 13:14:31 2025] Launched synth_1...
Run output will be captured here: D:/WorkStations/ASIC/Whac-A-Mole/sim/BEEP/BEEP.runs/synth_1/runme.log
[Tue May  6 13:14:31 2025] Launched impl_1...
Run output will be captured here: D:/WorkStations/ASIC/Whac-A-Mole/sim/BEEP/BEEP.runs/impl_1/runme.log
open_hw_manager
connect_hw_server -allow_non_jtag
INFO: [Labtools 27-2285] Connecting to hw_server url TCP:localhost:3121
INFO: [Labtools 27-2222] Launching hw_server...
INFO: [Labtools 27-2221] Launch Output:

****** Xilinx hw_server v2024.2
  **** Build date : Oct 29 2024 at 10:25:41
    ** Copyright 1986-2022 Xilinx, Inc. All Rights Reserved.


INFO: [Labtools 27-3415] Connecting to cs_server url TCP:localhost:0
INFO: [Labtools 27-3417] Launching cs_server...
INFO: [Labtools 27-2221] Launch Output:


******** Xilinx cs_server v2024.2.0
  ****** Build date   : Oct 31 2024-02:19:07
    **** Build number : 2024.2.1730312347
      ** Copyright 2017-2022 Xilinx, Inc. All Rights Reserved.
      ** Copyright 2022-2025 Advanced Micro Devices, Inc. All Rights Reserved.



connect_hw_server: Time (s): cpu = 00:00:01 ; elapsed = 00:00:05 . Memory (MB): peak = 1366.719 ; gain = 0.000
open_hw_target
INFO: [Labtoolstcl 44-466] Opening hw_target localhost:3121/xilinx_tcf/Digilent/210251A08870
ERROR: [Labtools 27-2269] No devices detected on target localhost:3121/xilinx_tcf/Digilent/210251A08870.
Check cable connectivity and that the target board is powered up then
use the disconnect_hw_server and connect_hw_server to re-register this hardware target.
ERROR: [Common 17-39] 'open_hw_target' failed due to earlier errors.
set_property PROBES.FILE {} [get_hw_devices xc7z010_1]
set_property FULL_PROBES.FILE {} [get_hw_devices xc7z010_1]
set_property PROGRAM.FILE {D:/WorkStations/ASIC/Whac-A-Mole/sim/BEEP/BEEP.runs/impl_1/BEEP_TOP.bit} [get_hw_devices xc7z010_1]
program_hw_devices [get_hw_devices xc7z010_1]
INFO: [Labtools 27-3164] End of startup status: HIGH
refresh_hw_device [lindex [get_hw_devices xc7z010_1] 0]
INFO: [Labtools 27-1434] Device xc7z010 (JTAG device index = 1) is programmed with a design that has no supported debug core(s) in it.
ERROR: [Labtoolstcl 44-513] HW Target shutdown. Closing target: localhost:3121/xilinx_tcf/Digilent/210251A08870
reset_run synth_1
INFO: [Project 1-1161] Replacing file D:/WorkStations/ASIC/Whac-A-Mole/sim/BEEP/BEEP.srcs/utils_1/imports/synth_1/BEEP_TOP.dcp with file D:/WorkStations/ASIC/Whac-A-Mole/sim/BEEP/BEEP.runs/synth_1/BEEP_TOP.dcp
WARNING: [Vivado 12-1017] Problems encountered:
1. Failed to delete one or more files in run directory D:/WorkStations/ASIC/Whac-A-Mole/sim/BEEP/BEEP.runs/synth_1

launch_runs impl_1 -to_step write_bitstream -jobs 10
[Tue May  6 13:21:09 2025] Launched synth_1...
Run output will be captured here: D:/WorkStations/ASIC/Whac-A-Mole/sim/BEEP/BEEP.runs/synth_1/runme.log
[Tue May  6 13:21:09 2025] Launched impl_1...
Run output will be captured here: D:/WorkStations/ASIC/Whac-A-Mole/sim/BEEP/BEEP.runs/impl_1/runme.log
disconnect_hw_server localhost:3121
connect_hw_server -allow_non_jtag
INFO: [Labtools 27-2285] Connecting to hw_server url TCP:localhost:3121
INFO: [Labtools 27-3415] Connecting to cs_server url TCP:localhost:0
INFO: [Labtools 27-3417] Launching cs_server...
INFO: [Labtools 27-2221] Launch Output:


******** Xilinx cs_server v2024.2.0
  ****** Build date   : Oct 31 2024-02:19:07
    **** Build number : 2024.2.1730312347
      ** Copyright 2017-2022 Xilinx, Inc. All Rights Reserved.
      ** Copyright 2022-2025 Advanced Micro Devices, Inc. All Rights Reserved.



open_hw_target
INFO: [Labtoolstcl 44-466] Opening hw_target localhost:3121/xilinx_tcf/Digilent/210251A08870
ERROR: [Labtools 27-2269] No devices detected on target localhost:3121/xilinx_tcf/Digilent/210251A08870.
Check cable connectivity and that the target board is powered up then
use the disconnect_hw_server and connect_hw_server to re-register this hardware target.
ERROR: [Common 17-39] 'open_hw_target' failed due to earlier errors.
close_hw_manager
open_hw_manager
connect_hw_server -allow_non_jtag
INFO: [Labtools 27-2285] Connecting to hw_server url TCP:localhost:3121
INFO: [Labtools 27-3415] Connecting to cs_server url TCP:localhost:0
INFO: [Labtools 27-3417] Launching cs_server...
INFO: [Labtools 27-2221] Launch Output:


******** Xilinx cs_server v2024.2.0
  ****** Build date   : Oct 31 2024-02:19:07
    **** Build number : 2024.2.1730312347
      ** Copyright 2017-2022 Xilinx, Inc. All Rights Reserved.
      ** Copyright 2022-2025 Advanced Micro Devices, Inc. All Rights Reserved.



open_hw_target
INFO: [Labtoolstcl 44-466] Opening hw_target localhost:3121/xilinx_tcf/Digilent/210251A08870
set_property PROGRAM.FILE {D:/WorkStations/ASIC/Whac-A-Mole/sim/BEEP/BEEP.runs/impl_1/BEEP_TOP.bit} [get_hw_devices xc7z010_1]
current_hw_device [get_hw_devices xc7z010_1]
refresh_hw_device -update_hw_probes false [lindex [get_hw_devices xc7z010_1] 0]
INFO: [Labtools 27-1435] Device xc7z010 (JTAG device index = 1) is not programmed (DONE status = 0).
set_property PROBES.FILE {} [get_hw_devices xc7z010_1]
set_property FULL_PROBES.FILE {} [get_hw_devices xc7z010_1]
set_property PROGRAM.FILE {D:/WorkStations/ASIC/Whac-A-Mole/sim/BEEP/BEEP.runs/impl_1/BEEP_TOP.bit} [get_hw_devices xc7z010_1]
program_hw_devices [get_hw_devices xc7z010_1]
INFO: [Labtools 27-3164] End of startup status: HIGH
refresh_hw_device [lindex [get_hw_devices xc7z010_1] 0]
INFO: [Labtools 27-1434] Device xc7z010 (JTAG device index = 1) is programmed with a design that has no supported debug core(s) in it.
ERROR: [Labtoolstcl 44-513] HW Target shutdown. Closing target: localhost:3121/xilinx_tcf/Digilent/210251A08870
update_compile_order -fileset sources_1
INFO: [Device 21-403] Loading part xc7z010clg400-1
FALSE
update_compile_order -fileset sources_1
create_ip -name clk_wiz -vendor xilinx.com -library ip -version 6.0 -module_name BEEP_CLKMULT
set_property -dict [list \
  CONFIG.CLKIN1_JITTER_PS {200.0} \
  CONFIG.CLKOUT1_JITTER {162.035} \
  CONFIG.CLKOUT1_PHASE_ERROR {164.985} \
  CONFIG.MMCM_CLKFBOUT_MULT_F {20.000} \
  CONFIG.MMCM_CLKIN1_PERIOD {20.000} \
  CONFIG.MMCM_CLKIN2_PERIOD {10.0} \
  CONFIG.PRIM_IN_FREQ {50.000} \
] [get_ips BEEP_CLKMULT]
generate_target {instantiation_template} [get_files d:/WorkStations/ASIC/Whac-A-Mole/sim/BEEP/BEEP.srcs/sources_1/ip/BEEP_CLKMULT/BEEP_CLKMULT.xci]
INFO: [IP_Flow 19-1686] Generating 'Instantiation Template' target for IP 'BEEP_CLKMULT'...
generate_target all [get_files  d:/WorkStations/ASIC/Whac-A-Mole/sim/BEEP/BEEP.srcs/sources_1/ip/BEEP_CLKMULT/BEEP_CLKMULT.xci]
INFO: [IP_Flow 19-1686] Generating 'Synthesis' target for IP 'BEEP_CLKMULT'...
INFO: [IP_Flow 19-1686] Generating 'Simulation' target for IP 'BEEP_CLKMULT'...
INFO: [IP_Flow 19-1686] Generating 'Implementation' target for IP 'BEEP_CLKMULT'...
INFO: [IP_Flow 19-1686] Generating 'Change Log' target for IP 'BEEP_CLKMULT'...
catch { config_ip_cache -export [get_ips -all BEEP_CLKMULT] }
INFO: [IP_Flow 19-6924] IPCACHE: Running cache check for IP inst: BEEP_CLKMULT
export_ip_user_files -of_objects [get_files d:/WorkStations/ASIC/Whac-A-Mole/sim/BEEP/BEEP.srcs/sources_1/ip/BEEP_CLKMULT/BEEP_CLKMULT.xci] -no_script -sync -force -quiet
create_ip_run [get_files -of_objects [get_fileset sources_1] d:/WorkStations/ASIC/Whac-A-Mole/sim/BEEP/BEEP.srcs/sources_1/ip/BEEP_CLKMULT/BEEP_CLKMULT.xci]
launch_runs BEEP_CLKMULT_synth_1 -jobs 10
INFO: [IP_Flow 19-6924] IPCACHE: Running cache check for IP inst: BEEP_CLKMULT
[Tue May  6 13:33:14 2025] Launched BEEP_CLKMULT_synth_1...
Run output will be captured here: D:/WorkStations/ASIC/Whac-A-Mole/sim/BEEP/BEEP.runs/BEEP_CLKMULT_synth_1/runme.log
export_simulation -lib_map_path [list {modelsim=D:/WorkStations/ASIC/Whac-A-Mole/sim/BEEP/BEEP.cache/compile_simlib/modelsim} {questa=D:/WorkStations/ASIC/Whac-A-Mole/sim/BEEP/BEEP.cache/compile_simlib/questa} {riviera=D:/WorkStations/ASIC/Whac-A-Mole/sim/BEEP/BEEP.cache/compile_simlib/riviera} {activehdl=D:/WorkStations/ASIC/Whac-A-Mole/sim/BEEP/BEEP.cache/compile_simlib/activehdl}] -of_objects [get_files d:/WorkStations/ASIC/Whac-A-Mole/sim/BEEP/BEEP.srcs/sources_1/ip/BEEP_CLKMULT/BEEP_CLKMULT.xci] -directory D:/WorkStations/ASIC/Whac-A-Mole/sim/BEEP/BEEP.ip_user_files/sim_scripts -ip_user_files_dir D:/WorkStations/ASIC/Whac-A-Mole/sim/BEEP/BEEP.ip_user_files -ipstatic_source_dir D:/WorkStations/ASIC/Whac-A-Mole/sim/BEEP/BEEP.ip_user_files/ipstatic -use_ip_compiled_libs -force -quiet
close_hw_manager
add_files -norecurse {D:/WorkStations/ASIC/Whac-A-Mole/src/beep/BEEP_BGM.v D:/WorkStations/ASIC/Whac-A-Mole/src/beep/BEEP_TOP.v D:/WorkStations/ASIC/Whac-A-Mole/src/beep/BEEP_CLKDIV.v D:/WorkStations/ASIC/Whac-A-Mole/src/beep/BEEP_PLAY.v}
WARNING: [filemgmt 56-12] File 'D:/WorkStations/ASIC/Whac-A-Mole/src/beep/BEEP_BGM.v' cannot be added to the project because it already exists in the project, skipping this file
WARNING: [filemgmt 56-12] File 'D:/WorkStations/ASIC/Whac-A-Mole/src/beep/BEEP_TOP.v' cannot be added to the project because it already exists in the project, skipping this file
WARNING: [filemgmt 56-12] File 'D:/WorkStations/ASIC/Whac-A-Mole/src/beep/BEEP_CLKDIV.v' cannot be added to the project because it already exists in the project, skipping this file
WARNING: [filemgmt 56-12] File 'D:/WorkStations/ASIC/Whac-A-Mole/src/beep/BEEP_PLAY.v' cannot be added to the project because it already exists in the project, skipping this file
reset_run synth_1
INFO: [Project 1-1161] Replacing file D:/WorkStations/ASIC/Whac-A-Mole/sim/BEEP/BEEP.srcs/utils_1/imports/synth_1/BEEP_TOP.dcp with file D:/WorkStations/ASIC/Whac-A-Mole/sim/BEEP/BEEP.runs/synth_1/BEEP_TOP.dcp
WARNING: [Vivado 12-1017] Problems encountered:
1. Failed to delete one or more files in run directory D:/WorkStations/ASIC/Whac-A-Mole/sim/BEEP/BEEP.runs/synth_1

launch_runs impl_1 -to_step write_bitstream -jobs 10
[Tue May  6 13:34:01 2025] Launched synth_1...
Run output will be captured here: D:/WorkStations/ASIC/Whac-A-Mole/sim/BEEP/BEEP.runs/synth_1/runme.log
[Tue May  6 13:34:01 2025] Launched impl_1...
Run output will be captured here: D:/WorkStations/ASIC/Whac-A-Mole/sim/BEEP/BEEP.runs/impl_1/runme.log
open_hw_manager
connect_hw_server -allow_non_jtag
INFO: [Labtools 27-2285] Connecting to hw_server url TCP:localhost:3121
INFO: [Labtools 27-2222] Launching hw_server...
INFO: [Labtools 27-2221] Launch Output:

****** Xilinx hw_server v2024.2
  **** Build date : Oct 29 2024 at 10:25:41
    ** Copyright 1986-2022 Xilinx, Inc. All Rights Reserved.


INFO: [Labtools 27-3415] Connecting to cs_server url TCP:localhost:0
INFO: [Labtools 27-3417] Launching cs_server...
INFO: [Labtools 27-2221] Launch Output:


******** Xilinx cs_server v2024.2.0
  ****** Build date   : Oct 31 2024-02:19:07
    **** Build number : 2024.2.1730312347
      ** Copyright 2017-2022 Xilinx, Inc. All Rights Reserved.
      ** Copyright 2022-2025 Advanced Micro Devices, Inc. All Rights Reserved.



connect_hw_server: Time (s): cpu = 00:00:00 ; elapsed = 00:00:05 . Memory (MB): peak = 4411.129 ; gain = 0.000
open_hw_target
INFO: [Labtoolstcl 44-466] Opening hw_target localhost:3121/xilinx_tcf/Digilent/210251A08870
ERROR: [Labtools 27-2269] No devices detected on target localhost:3121/xilinx_tcf/Digilent/210251A08870.
Check cable connectivity and that the target board is powered up then
use the disconnect_hw_server and connect_hw_server to re-register this hardware target.
ERROR: [Common 17-39] 'open_hw_target' failed due to earlier errors.
set_property PROBES.FILE {} [get_hw_devices xc7z010_1]
set_property FULL_PROBES.FILE {} [get_hw_devices xc7z010_1]
set_property PROGRAM.FILE {D:/WorkStations/ASIC/Whac-A-Mole/sim/BEEP/BEEP.runs/impl_1/BEEP_TOP.bit} [get_hw_devices xc7z010_1]
program_hw_devices [get_hw_devices xc7z010_1]
INFO: [Labtools 27-3164] End of startup status: HIGH
refresh_hw_device [lindex [get_hw_devices xc7z010_1] 0]
INFO: [Labtools 27-1434] Device xc7z010 (JTAG device index = 1) is programmed with a design that has no supported debug core(s) in it.
ERROR: [Labtoolstcl 44-513] HW Target shutdown. Closing target: localhost:3121/xilinx_tcf/Digilent/210251A08870
reset_run synth_1
INFO: [Project 1-1161] Replacing file D:/WorkStations/ASIC/Whac-A-Mole/sim/BEEP/BEEP.srcs/utils_1/imports/synth_1/BEEP_TOP.dcp with file D:/WorkStations/ASIC/Whac-A-Mole/sim/BEEP/BEEP.runs/synth_1/BEEP_TOP.dcp
WARNING: [Vivado 12-1017] Problems encountered:
1. Failed to delete one or more files in run directory D:/WorkStations/ASIC/Whac-A-Mole/sim/BEEP/BEEP.runs/synth_1

launch_runs impl_1 -to_step write_bitstream -jobs 10
[Tue May  6 15:59:31 2025] Launched synth_1...
Run output will be captured here: D:/WorkStations/ASIC/Whac-A-Mole/sim/BEEP/BEEP.runs/synth_1/runme.log
[Tue May  6 15:59:31 2025] Launched impl_1...
Run output will be captured here: D:/WorkStations/ASIC/Whac-A-Mole/sim/BEEP/BEEP.runs/impl_1/runme.log
disconnect_hw_server localhost:3121
connect_hw_server -allow_non_jtag
INFO: [Labtools 27-2285] Connecting to hw_server url TCP:localhost:3121
INFO: [Labtools 27-3415] Connecting to cs_server url TCP:localhost:0
INFO: [Labtools 27-3417] Launching cs_server...
INFO: [Labtools 27-2221] Launch Output:


******** Xilinx cs_server v2024.2.0
  ****** Build date   : Oct 31 2024-02:19:07
    **** Build number : 2024.2.1730312347
      ** Copyright 2017-2022 Xilinx, Inc. All Rights Reserved.
      ** Copyright 2022-2025 Advanced Micro Devices, Inc. All Rights Reserved.



open_hw_target
INFO: [Labtoolstcl 44-466] Opening hw_target localhost:3121/xilinx_tcf/Digilent/210251A08870
ERROR: [Labtools 27-2269] No devices detected on target localhost:3121/xilinx_tcf/Digilent/210251A08870.
Check cable connectivity and that the target board is powered up then
use the disconnect_hw_server and connect_hw_server to re-register this hardware target.
ERROR: [Common 17-39] 'open_hw_target' failed due to earlier errors.
WARNING: [Labtoolstcl 44-129] No matching hw_ila_data was found.
set_property PROBES.FILE {} [get_hw_devices xc7z010_1]
set_property FULL_PROBES.FILE {} [get_hw_devices xc7z010_1]
set_property PROGRAM.FILE {D:/WorkStations/ASIC/Whac-A-Mole/sim/BEEP/BEEP.runs/impl_1/BEEP_TOP.bit} [get_hw_devices xc7z010_1]
program_hw_devices [get_hw_devices xc7z010_1]
INFO: [Labtools 27-3164] End of startup status: HIGH
refresh_hw_device [lindex [get_hw_devices xc7z010_1] 0]
INFO: [Labtools 27-1434] Device xc7z010 (JTAG device index = 1) is programmed with a design that has no supported debug core(s) in it.
set_property PROBES.FILE {} [get_hw_devices xc7z010_1]
set_property FULL_PROBES.FILE {} [get_hw_devices xc7z010_1]
set_property PROGRAM.FILE {D:/WorkStations/ASIC/Whac-A-Mole/sim/BEEP/BEEP.runs/impl_1/BEEP_TOP.bit} [get_hw_devices xc7z010_1]
program_hw_devices [get_hw_devices xc7z010_1]
INFO: [Labtools 27-3164] End of startup status: HIGH
refresh_hw_device [lindex [get_hw_devices xc7z010_1] 0]
INFO: [Labtools 27-1434] Device xc7z010 (JTAG device index = 1) is programmed with a design that has no supported debug core(s) in it.
reset_run synth_1
INFO: [Project 1-1161] Replacing file D:/WorkStations/ASIC/Whac-A-Mole/sim/BEEP/BEEP.srcs/utils_1/imports/synth_1/BEEP_TOP.dcp with file D:/WorkStations/ASIC/Whac-A-Mole/sim/BEEP/BEEP.runs/synth_1/BEEP_TOP.dcp
WARNING: [Vivado 12-1017] Problems encountered:
1. Failed to delete one or more files in run directory D:/WorkStations/ASIC/Whac-A-Mole/sim/BEEP/BEEP.runs/synth_1

launch_runs impl_1 -to_step write_bitstream -jobs 10
[Tue May  6 16:04:36 2025] Launched synth_1...
Run output will be captured here: D:/WorkStations/ASIC/Whac-A-Mole/sim/BEEP/BEEP.runs/synth_1/runme.log
[Tue May  6 16:04:36 2025] Launched impl_1...
Run output will be captured here: D:/WorkStations/ASIC/Whac-A-Mole/sim/BEEP/BEEP.runs/impl_1/runme.log
set_property PROBES.FILE {} [get_hw_devices xc7z010_1]
set_property FULL_PROBES.FILE {} [get_hw_devices xc7z010_1]
set_property PROGRAM.FILE {D:/WorkStations/ASIC/Whac-A-Mole/sim/BEEP/BEEP.runs/impl_1/BEEP_TOP.bit} [get_hw_devices xc7z010_1]
program_hw_devices [get_hw_devices xc7z010_1]
INFO: [Labtools 27-3164] End of startup status: HIGH
refresh_hw_device [lindex [get_hw_devices xc7z010_1] 0]
INFO: [Labtools 27-1434] Device xc7z010 (JTAG device index = 1) is programmed with a design that has no supported debug core(s) in it.
set_property PROBES.FILE {} [get_hw_devices xc7z010_1]
set_property FULL_PROBES.FILE {} [get_hw_devices xc7z010_1]
set_property PROGRAM.FILE {D:/WorkStations/ASIC/Whac-A-Mole/sim/BEEP/BEEP.runs/impl_1/BEEP_TOP.bit} [get_hw_devices xc7z010_1]
program_hw_devices [get_hw_devices xc7z010_1]
INFO: [Labtools 27-3164] End of startup status: HIGH
refresh_hw_device [lindex [get_hw_devices xc7z010_1] 0]
INFO: [Labtools 27-1434] Device xc7z010 (JTAG device index = 1) is programmed with a design that has no supported debug core(s) in it.
reset_run synth_1
INFO: [Project 1-1161] Replacing file D:/WorkStations/ASIC/Whac-A-Mole/sim/BEEP/BEEP.srcs/utils_1/imports/synth_1/BEEP_TOP.dcp with file D:/WorkStations/ASIC/Whac-A-Mole/sim/BEEP/BEEP.runs/synth_1/BEEP_TOP.dcp
WARNING: [Vivado 12-1017] Problems encountered:
1. Failed to delete one or more files in run directory D:/WorkStations/ASIC/Whac-A-Mole/sim/BEEP/BEEP.runs/synth_1

launch_runs impl_1 -to_step write_bitstream -jobs 10
[Tue May  6 16:07:31 2025] Launched synth_1...
Run output will be captured here: D:/WorkStations/ASIC/Whac-A-Mole/sim/BEEP/BEEP.runs/synth_1/runme.log
[Tue May  6 16:07:31 2025] Launched impl_1...
Run output will be captured here: D:/WorkStations/ASIC/Whac-A-Mole/sim/BEEP/BEEP.runs/impl_1/runme.log
reset_run synth_1
WARNING: [Vivado 12-1017] Problems encountered:
1. Failed to delete one or more files in run directory D:/WorkStations/ASIC/Whac-A-Mole/sim/BEEP/BEEP.runs/synth_1

launch_runs impl_1 -to_step write_bitstream -jobs 10
[Tue May  6 16:08:18 2025] Launched synth_1...
Run output will be captured here: D:/WorkStations/ASIC/Whac-A-Mole/sim/BEEP/BEEP.runs/synth_1/runme.log
[Tue May  6 16:08:18 2025] Launched impl_1...
Run output will be captured here: D:/WorkStations/ASIC/Whac-A-Mole/sim/BEEP/BEEP.runs/impl_1/runme.log
set_property PROBES.FILE {} [get_hw_devices xc7z010_1]
set_property FULL_PROBES.FILE {} [get_hw_devices xc7z010_1]
set_property PROGRAM.FILE {D:/WorkStations/ASIC/Whac-A-Mole/sim/BEEP/BEEP.runs/impl_1/BEEP_TOP.bit} [get_hw_devices xc7z010_1]
program_hw_devices [get_hw_devices xc7z010_1]
INFO: [Labtools 27-3164] End of startup status: HIGH
refresh_hw_device [lindex [get_hw_devices xc7z010_1] 0]
INFO: [Labtools 27-1434] Device xc7z010 (JTAG device index = 1) is programmed with a design that has no supported debug core(s) in it.
reset_run synth_1
INFO: [Project 1-1161] Replacing file D:/WorkStations/ASIC/Whac-A-Mole/sim/BEEP/BEEP.srcs/utils_1/imports/synth_1/BEEP_TOP.dcp with file D:/WorkStations/ASIC/Whac-A-Mole/sim/BEEP/BEEP.runs/synth_1/BEEP_TOP.dcp
WARNING: [Vivado 12-1017] Problems encountered:
1. Failed to delete one or more files in run directory D:/WorkStations/ASIC/Whac-A-Mole/sim/BEEP/BEEP.runs/synth_1

launch_runs impl_1 -to_step write_bitstream -jobs 10
[Tue May  6 16:15:00 2025] Launched synth_1...
Run output will be captured here: D:/WorkStations/ASIC/Whac-A-Mole/sim/BEEP/BEEP.runs/synth_1/runme.log
[Tue May  6 16:15:00 2025] Launched impl_1...
Run output will be captured here: D:/WorkStations/ASIC/Whac-A-Mole/sim/BEEP/BEEP.runs/impl_1/runme.log
set_property PROBES.FILE {} [get_hw_devices xc7z010_1]
set_property FULL_PROBES.FILE {} [get_hw_devices xc7z010_1]
set_property PROGRAM.FILE {D:/WorkStations/ASIC/Whac-A-Mole/sim/BEEP/BEEP.runs/impl_1/BEEP_TOP.bit} [get_hw_devices xc7z010_1]
program_hw_devices [get_hw_devices xc7z010_1]
INFO: [Labtools 27-3164] End of startup status: HIGH
refresh_hw_device [lindex [get_hw_devices xc7z010_1] 0]
INFO: [Labtools 27-1434] Device xc7z010 (JTAG device index = 1) is programmed with a design that has no supported debug core(s) in it.
ERROR: [Labtoolstcl 44-513] HW Target shutdown. Closing target: localhost:3121/xilinx_tcf/Digilent/210251A08870
reset_run synth_1
INFO: [Project 1-1161] Replacing file D:/WorkStations/ASIC/Whac-A-Mole/sim/BEEP/BEEP.srcs/utils_1/imports/synth_1/BEEP_TOP.dcp with file D:/WorkStations/ASIC/Whac-A-Mole/sim/BEEP/BEEP.runs/synth_1/BEEP_TOP.dcp
WARNING: [Vivado 12-1017] Problems encountered:
1. Failed to delete one or more files in run directory D:/WorkStations/ASIC/Whac-A-Mole/sim/BEEP/BEEP.runs/synth_1

launch_runs impl_1 -to_step write_bitstream -jobs 10
[Tue May  6 16:24:29 2025] Launched synth_1...
Run output will be captured here: D:/WorkStations/ASIC/Whac-A-Mole/sim/BEEP/BEEP.runs/synth_1/runme.log
[Tue May  6 16:24:29 2025] Launched impl_1...
Run output will be captured here: D:/WorkStations/ASIC/Whac-A-Mole/sim/BEEP/BEEP.runs/impl_1/runme.log
disconnect_hw_server localhost:3121
connect_hw_server -allow_non_jtag
INFO: [Labtools 27-2285] Connecting to hw_server url TCP:localhost:3121
INFO: [Labtools 27-3415] Connecting to cs_server url TCP:localhost:0
INFO: [Labtools 27-3417] Launching cs_server...
INFO: [Labtools 27-2221] Launch Output:


******** Xilinx cs_server v2024.2.0
  ****** Build date   : Oct 31 2024-02:19:07
    **** Build number : 2024.2.1730312347
      ** Copyright 2017-2022 Xilinx, Inc. All Rights Reserved.
      ** Copyright 2022-2025 Advanced Micro Devices, Inc. All Rights Reserved.



open_hw_target
INFO: [Labtoolstcl 44-466] Opening hw_target localhost:3121/xilinx_tcf/Digilent/210251A08870
ERROR: [Labtools 27-2269] No devices detected on target localhost:3121/xilinx_tcf/Digilent/210251A08870.
Check cable connectivity and that the target board is powered up then
use the disconnect_hw_server and connect_hw_server to re-register this hardware target.
ERROR: [Common 17-39] 'open_hw_target' failed due to earlier errors.
close_hw_manager
open_hw_manager
connect_hw_server -allow_non_jtag
INFO: [Labtools 27-2285] Connecting to hw_server url TCP:localhost:3121
INFO: [Labtools 27-3415] Connecting to cs_server url TCP:localhost:0
INFO: [Labtools 27-3417] Launching cs_server...
INFO: [Labtools 27-2221] Launch Output:


******** Xilinx cs_server v2024.2.0
  ****** Build date   : Oct 31 2024-02:19:07
    **** Build number : 2024.2.1730312347
      ** Copyright 2017-2022 Xilinx, Inc. All Rights Reserved.
      ** Copyright 2022-2025 Advanced Micro Devices, Inc. All Rights Reserved.



open_hw_target
INFO: [Labtoolstcl 44-466] Opening hw_target localhost:3121/xilinx_tcf/Digilent/210251A08870
set_property PROGRAM.FILE {D:/WorkStations/ASIC/Whac-A-Mole/sim/BEEP/BEEP.runs/impl_1/BEEP_TOP.bit} [get_hw_devices xc7z010_1]
current_hw_device [get_hw_devices xc7z010_1]
refresh_hw_device -update_hw_probes false [lindex [get_hw_devices xc7z010_1] 0]
INFO: [Labtools 27-1435] Device xc7z010 (JTAG device index = 1) is not programmed (DONE status = 0).
set_property PROBES.FILE {} [get_hw_devices xc7z010_1]
set_property FULL_PROBES.FILE {} [get_hw_devices xc7z010_1]
set_property PROGRAM.FILE {D:/WorkStations/ASIC/Whac-A-Mole/sim/BEEP/BEEP.runs/impl_1/BEEP_TOP.bit} [get_hw_devices xc7z010_1]
program_hw_devices [get_hw_devices xc7z010_1]
INFO: [Labtools 27-3164] End of startup status: HIGH
refresh_hw_device [lindex [get_hw_devices xc7z010_1] 0]
INFO: [Labtools 27-1434] Device xc7z010 (JTAG device index = 1) is programmed with a design that has no supported debug core(s) in it.
ERROR: [Labtoolstcl 44-513] HW Target shutdown. Closing target: localhost:3121/xilinx_tcf/Digilent/210251A08870
reset_run synth_1
INFO: [Project 1-1161] Replacing file D:/WorkStations/ASIC/Whac-A-Mole/sim/BEEP/BEEP.srcs/utils_1/imports/synth_1/BEEP_TOP.dcp with file D:/WorkStations/ASIC/Whac-A-Mole/sim/BEEP/BEEP.runs/synth_1/BEEP_TOP.dcp
WARNING: [Vivado 12-1017] Problems encountered:
1. Failed to delete one or more files in run directory D:/WorkStations/ASIC/Whac-A-Mole/sim/BEEP/BEEP.runs/synth_1

launch_runs impl_1 -to_step write_bitstream -jobs 10
[Tue May  6 16:37:09 2025] Launched synth_1...
Run output will be captured here: D:/WorkStations/ASIC/Whac-A-Mole/sim/BEEP/BEEP.runs/synth_1/runme.log
[Tue May  6 16:37:09 2025] Launched impl_1...
Run output will be captured here: D:/WorkStations/ASIC/Whac-A-Mole/sim/BEEP/BEEP.runs/impl_1/runme.log
disconnect_hw_server localhost:3121
connect_hw_server -allow_non_jtag
INFO: [Labtools 27-2285] Connecting to hw_server url TCP:localhost:3121
INFO: [Labtools 27-3415] Connecting to cs_server url TCP:localhost:0
INFO: [Labtools 27-3417] Launching cs_server...
INFO: [Labtools 27-2221] Launch Output:


******** Xilinx cs_server v2024.2.0
  ****** Build date   : Oct 31 2024-02:19:07
    **** Build number : 2024.2.1730312347
      ** Copyright 2017-2022 Xilinx, Inc. All Rights Reserved.
      ** Copyright 2022-2025 Advanced Micro Devices, Inc. All Rights Reserved.



open_hw_target
INFO: [Labtoolstcl 44-466] Opening hw_target localhost:3121/xilinx_tcf/Digilent/210251A08870
ERROR: [Labtools 27-2269] No devices detected on target localhost:3121/xilinx_tcf/Digilent/210251A08870.
Check cable connectivity and that the target board is powered up then
use the disconnect_hw_server and connect_hw_server to re-register this hardware target.
ERROR: [Common 17-39] 'open_hw_target' failed due to earlier errors.
WARNING: [Labtoolstcl 44-129] No matching hw_ila_data was found.
set_property PROBES.FILE {} [get_hw_devices xc7z010_1]
set_property FULL_PROBES.FILE {} [get_hw_devices xc7z010_1]
set_property PROGRAM.FILE {D:/WorkStations/ASIC/Whac-A-Mole/sim/BEEP/BEEP.runs/impl_1/BEEP_TOP.bit} [get_hw_devices xc7z010_1]
program_hw_devices [get_hw_devices xc7z010_1]
INFO: [Labtools 27-3164] End of startup status: HIGH
refresh_hw_device [lindex [get_hw_devices xc7z010_1] 0]
INFO: [Labtools 27-1434] Device xc7z010 (JTAG device index = 1) is programmed with a design that has no supported debug core(s) in it.
ERROR: [Labtoolstcl 44-513] HW Target shutdown. Closing target: localhost:3121/xilinx_tcf/Digilent/210251A08870
reset_run synth_1
INFO: [Project 1-1161] Replacing file D:/WorkStations/ASIC/Whac-A-Mole/sim/BEEP/BEEP.srcs/utils_1/imports/synth_1/BEEP_TOP.dcp with file D:/WorkStations/ASIC/Whac-A-Mole/sim/BEEP/BEEP.runs/synth_1/BEEP_TOP.dcp
WARNING: [Vivado 12-1017] Problems encountered:
1. Failed to delete one or more files in run directory D:/WorkStations/ASIC/Whac-A-Mole/sim/BEEP/BEEP.runs/synth_1

launch_runs impl_1 -to_step write_bitstream -jobs 10
[Tue May  6 16:55:23 2025] Launched synth_1...
Run output will be captured here: D:/WorkStations/ASIC/Whac-A-Mole/sim/BEEP/BEEP.runs/synth_1/runme.log
[Tue May  6 16:55:23 2025] Launched impl_1...
Run output will be captured here: D:/WorkStations/ASIC/Whac-A-Mole/sim/BEEP/BEEP.runs/impl_1/runme.log
reset_run synth_1
WARNING: [Vivado 12-1017] Problems encountered:
1. Failed to delete one or more files in run directory D:/WorkStations/ASIC/Whac-A-Mole/sim/BEEP/BEEP.runs/synth_1

launch_runs impl_1 -to_step write_bitstream -jobs 10
[Tue May  6 17:01:23 2025] Launched synth_1...
Run output will be captured here: D:/WorkStations/ASIC/Whac-A-Mole/sim/BEEP/BEEP.runs/synth_1/runme.log
[Tue May  6 17:01:23 2025] Launched impl_1...
Run output will be captured here: D:/WorkStations/ASIC/Whac-A-Mole/sim/BEEP/BEEP.runs/impl_1/runme.log
disconnect_hw_server localhost:3121
connect_hw_server -allow_non_jtag
INFO: [Labtools 27-2285] Connecting to hw_server url TCP:localhost:3121
INFO: [Labtools 27-3415] Connecting to cs_server url TCP:localhost:0
INFO: [Labtools 27-3417] Launching cs_server...
INFO: [Labtools 27-2221] Launch Output:


******** Xilinx cs_server v2024.2.0
  ****** Build date   : Oct 31 2024-02:19:07
    **** Build number : 2024.2.1730312347
      ** Copyright 2017-2022 Xilinx, Inc. All Rights Reserved.
      ** Copyright 2022-2025 Advanced Micro Devices, Inc. All Rights Reserved.



open_hw_target
INFO: [Labtoolstcl 44-466] Opening hw_target localhost:3121/xilinx_tcf/Digilent/210251A08870
ERROR: [Labtools 27-2269] No devices detected on target localhost:3121/xilinx_tcf/Digilent/210251A08870.
Check cable connectivity and that the target board is powered up then
use the disconnect_hw_server and connect_hw_server to re-register this hardware target.
ERROR: [Common 17-39] 'open_hw_target' failed due to earlier errors.
close_hw_manager
open_hw_manager
connect_hw_server -allow_non_jtag
INFO: [Labtools 27-2285] Connecting to hw_server url TCP:localhost:3121
INFO: [Labtools 27-3415] Connecting to cs_server url TCP:localhost:0
INFO: [Labtools 27-3417] Launching cs_server...
INFO: [Labtools 27-2221] Launch Output:


******** Xilinx cs_server v2024.2.0
  ****** Build date   : Oct 31 2024-02:19:07
    **** Build number : 2024.2.1730312347
      ** Copyright 2017-2022 Xilinx, Inc. All Rights Reserved.
      ** Copyright 2022-2025 Advanced Micro Devices, Inc. All Rights Reserved.



open_hw_target
INFO: [Labtoolstcl 44-466] Opening hw_target localhost:3121/xilinx_tcf/Digilent/210251A08870
set_property PROGRAM.FILE {D:/WorkStations/ASIC/Whac-A-Mole/sim/BEEP/BEEP.runs/impl_1/BEEP_TOP.bit} [get_hw_devices xc7z010_1]
current_hw_device [get_hw_devices xc7z010_1]
refresh_hw_device -update_hw_probes false [lindex [get_hw_devices xc7z010_1] 0]
INFO: [Labtools 27-1435] Device xc7z010 (JTAG device index = 1) is not programmed (DONE status = 0).
set_property PROBES.FILE {} [get_hw_devices xc7z010_1]
set_property FULL_PROBES.FILE {} [get_hw_devices xc7z010_1]
set_property PROGRAM.FILE {D:/WorkStations/ASIC/Whac-A-Mole/sim/BEEP/BEEP.runs/impl_1/BEEP_TOP.bit} [get_hw_devices xc7z010_1]
program_hw_devices [get_hw_devices xc7z010_1]
INFO: [Labtools 27-3164] End of startup status: HIGH
refresh_hw_device [lindex [get_hw_devices xc7z010_1] 0]
INFO: [Labtools 27-1434] Device xc7z010 (JTAG device index = 1) is programmed with a design that has no supported debug core(s) in it.
ERROR: [Labtoolstcl 44-513] HW Target shutdown. Closing target: localhost:3121/xilinx_tcf/Digilent/210251A08870
reset_run synth_1
INFO: [Project 1-1161] Replacing file D:/WorkStations/ASIC/Whac-A-Mole/sim/BEEP/BEEP.srcs/utils_1/imports/synth_1/BEEP_TOP.dcp with file D:/WorkStations/ASIC/Whac-A-Mole/sim/BEEP/BEEP.runs/synth_1/BEEP_TOP.dcp
WARNING: [Vivado 12-1017] Problems encountered:
1. Failed to delete one or more files in run directory D:/WorkStations/ASIC/Whac-A-Mole/sim/BEEP/BEEP.runs/synth_1

launch_runs impl_1 -to_step write_bitstream -jobs 10
[Tue May  6 17:15:37 2025] Launched synth_1...
Run output will be captured here: D:/WorkStations/ASIC/Whac-A-Mole/sim/BEEP/BEEP.runs/synth_1/runme.log
[Tue May  6 17:15:37 2025] Launched impl_1...
Run output will be captured here: D:/WorkStations/ASIC/Whac-A-Mole/sim/BEEP/BEEP.runs/impl_1/runme.log
disconnect_hw_server localhost:3121
connect_hw_server -allow_non_jtag
INFO: [Labtools 27-2285] Connecting to hw_server url TCP:localhost:3121
INFO: [Labtools 27-3415] Connecting to cs_server url TCP:localhost:0
INFO: [Labtools 27-3417] Launching cs_server...
INFO: [Labtools 27-2221] Launch Output:


******** Xilinx cs_server v2024.2.0
  ****** Build date   : Oct 31 2024-02:19:07
    **** Build number : 2024.2.1730312347
      ** Copyright 2017-2022 Xilinx, Inc. All Rights Reserved.
      ** Copyright 2022-2025 Advanced Micro Devices, Inc. All Rights Reserved.



open_hw_target
INFO: [Labtoolstcl 44-466] Opening hw_target localhost:3121/xilinx_tcf/Digilent/210251A08870
ERROR: [Labtools 27-2269] No devices detected on target localhost:3121/xilinx_tcf/Digilent/210251A08870.
Check cable connectivity and that the target board is powered up then
use the disconnect_hw_server and connect_hw_server to re-register this hardware target.
ERROR: [Common 17-39] 'open_hw_target' failed due to earlier errors.
close_hw_manager
open_hw_manager
connect_hw_server -allow_non_jtag
INFO: [Labtools 27-2285] Connecting to hw_server url TCP:localhost:3121
INFO: [Labtools 27-3415] Connecting to cs_server url TCP:localhost:0
INFO: [Labtools 27-3417] Launching cs_server...
INFO: [Labtools 27-2221] Launch Output:


******** Xilinx cs_server v2024.2.0
  ****** Build date   : Oct 31 2024-02:19:07
    **** Build number : 2024.2.1730312347
      ** Copyright 2017-2022 Xilinx, Inc. All Rights Reserved.
      ** Copyright 2022-2025 Advanced Micro Devices, Inc. All Rights Reserved.



open_hw_target
INFO: [Labtoolstcl 44-466] Opening hw_target localhost:3121/xilinx_tcf/Digilent/210251A08870
set_property PROGRAM.FILE {D:/WorkStations/ASIC/Whac-A-Mole/sim/BEEP/BEEP.runs/impl_1/BEEP_TOP.bit} [get_hw_devices xc7z010_1]
current_hw_device [get_hw_devices xc7z010_1]
refresh_hw_device -update_hw_probes false [lindex [get_hw_devices xc7z010_1] 0]
INFO: [Labtools 27-1435] Device xc7z010 (JTAG device index = 1) is not programmed (DONE status = 0).
set_property PROBES.FILE {} [get_hw_devices xc7z010_1]
set_property FULL_PROBES.FILE {} [get_hw_devices xc7z010_1]
set_property PROGRAM.FILE {D:/WorkStations/ASIC/Whac-A-Mole/sim/BEEP/BEEP.runs/impl_1/BEEP_TOP.bit} [get_hw_devices xc7z010_1]
program_hw_devices [get_hw_devices xc7z010_1]
INFO: [Labtools 27-3164] End of startup status: HIGH
refresh_hw_device [lindex [get_hw_devices xc7z010_1] 0]
INFO: [Labtools 27-1434] Device xc7z010 (JTAG device index = 1) is programmed with a design that has no supported debug core(s) in it.
reset_run synth_1
INFO: [Project 1-1161] Replacing file D:/WorkStations/ASIC/Whac-A-Mole/sim/BEEP/BEEP.srcs/utils_1/imports/synth_1/BEEP_TOP.dcp with file D:/WorkStations/ASIC/Whac-A-Mole/sim/BEEP/BEEP.runs/synth_1/BEEP_TOP.dcp
WARNING: [Vivado 12-1017] Problems encountered:
1. Failed to delete one or more files in run directory D:/WorkStations/ASIC/Whac-A-Mole/sim/BEEP/BEEP.runs/synth_1

launch_runs impl_1 -to_step write_bitstream -jobs 10
[Tue May  6 17:30:30 2025] Launched synth_1...
Run output will be captured here: D:/WorkStations/ASIC/Whac-A-Mole/sim/BEEP/BEEP.runs/synth_1/runme.log
[Tue May  6 17:30:30 2025] Launched impl_1...
Run output will be captured here: D:/WorkStations/ASIC/Whac-A-Mole/sim/BEEP/BEEP.runs/impl_1/runme.log
set_property PROBES.FILE {} [get_hw_devices xc7z010_1]
set_property FULL_PROBES.FILE {} [get_hw_devices xc7z010_1]
set_property PROGRAM.FILE {D:/WorkStations/ASIC/Whac-A-Mole/sim/BEEP/BEEP.runs/impl_1/BEEP_TOP.bit} [get_hw_devices xc7z010_1]
program_hw_devices [get_hw_devices xc7z010_1]
INFO: [Labtools 27-3164] End of startup status: HIGH
refresh_hw_device [lindex [get_hw_devices xc7z010_1] 0]
INFO: [Labtools 27-1434] Device xc7z010 (JTAG device index = 1) is programmed with a design that has no supported debug core(s) in it.
reset_run synth_1
INFO: [Project 1-1161] Replacing file D:/WorkStations/ASIC/Whac-A-Mole/sim/BEEP/BEEP.srcs/utils_1/imports/synth_1/BEEP_TOP.dcp with file D:/WorkStations/ASIC/Whac-A-Mole/sim/BEEP/BEEP.runs/synth_1/BEEP_TOP.dcp
WARNING: [Vivado 12-1017] Problems encountered:
1. Failed to delete one or more files in run directory D:/WorkStations/ASIC/Whac-A-Mole/sim/BEEP/BEEP.runs/synth_1

launch_runs impl_1 -to_step write_bitstream -jobs 10
[Tue May  6 17:44:34 2025] Launched synth_1...
Run output will be captured here: D:/WorkStations/ASIC/Whac-A-Mole/sim/BEEP/BEEP.runs/synth_1/runme.log
[Tue May  6 17:44:34 2025] Launched impl_1...
Run output will be captured here: D:/WorkStations/ASIC/Whac-A-Mole/sim/BEEP/BEEP.runs/impl_1/runme.log
reset_run synth_1
INFO: [Project 1-1161] Replacing file D:/WorkStations/ASIC/Whac-A-Mole/sim/BEEP/BEEP.srcs/utils_1/imports/synth_1/BEEP_TOP.dcp with file D:/WorkStations/ASIC/Whac-A-Mole/sim/BEEP/BEEP.runs/synth_1/BEEP_TOP.dcp
WARNING: [Vivado 12-1017] Problems encountered:
1. Failed to delete one or more files in run directory D:/WorkStations/ASIC/Whac-A-Mole/sim/BEEP/BEEP.runs/synth_1

launch_runs impl_1 -to_step write_bitstream -jobs 10
[Tue May  6 17:51:53 2025] Launched synth_1...
Run output will be captured here: D:/WorkStations/ASIC/Whac-A-Mole/sim/BEEP/BEEP.runs/synth_1/runme.log
[Tue May  6 17:51:53 2025] Launched impl_1...
Run output will be captured here: D:/WorkStations/ASIC/Whac-A-Mole/sim/BEEP/BEEP.runs/impl_1/runme.log
set_property PROBES.FILE {} [get_hw_devices xc7z010_1]
set_property FULL_PROBES.FILE {} [get_hw_devices xc7z010_1]
set_property PROGRAM.FILE {D:/WorkStations/ASIC/Whac-A-Mole/sim/BEEP/BEEP.runs/impl_1/BEEP_TOP.bit} [get_hw_devices xc7z010_1]
program_hw_devices [get_hw_devices xc7z010_1]
INFO: [Labtools 27-3164] End of startup status: HIGH
refresh_hw_device [lindex [get_hw_devices xc7z010_1] 0]
INFO: [Labtools 27-1434] Device xc7z010 (JTAG device index = 1) is programmed with a design that has no supported debug core(s) in it.
reset_run synth_1
INFO: [Project 1-1161] Replacing file D:/WorkStations/ASIC/Whac-A-Mole/sim/BEEP/BEEP.srcs/utils_1/imports/synth_1/BEEP_TOP.dcp with file D:/WorkStations/ASIC/Whac-A-Mole/sim/BEEP/BEEP.runs/synth_1/BEEP_TOP.dcp
WARNING: [Vivado 12-1017] Problems encountered:
1. Failed to delete one or more files in run directory D:/WorkStations/ASIC/Whac-A-Mole/sim/BEEP/BEEP.runs/synth_1

launch_runs impl_1 -to_step write_bitstream -jobs 10
[Tue May  6 17:59:54 2025] Launched synth_1...
Run output will be captured here: D:/WorkStations/ASIC/Whac-A-Mole/sim/BEEP/BEEP.runs/synth_1/runme.log
[Tue May  6 17:59:54 2025] Launched impl_1...
Run output will be captured here: D:/WorkStations/ASIC/Whac-A-Mole/sim/BEEP/BEEP.runs/impl_1/runme.log
reset_run synth_1
WARNING: [Vivado 12-1017] Problems encountered:
1. Failed to delete one or more files in run directory D:/WorkStations/ASIC/Whac-A-Mole/sim/BEEP/BEEP.runs/synth_1

launch_runs impl_1 -to_step write_bitstream -jobs 10
[Tue May  6 18:00:36 2025] Launched synth_1...
Run output will be captured here: D:/WorkStations/ASIC/Whac-A-Mole/sim/BEEP/BEEP.runs/synth_1/runme.log
[Tue May  6 18:00:36 2025] Launched impl_1...
Run output will be captured here: D:/WorkStations/ASIC/Whac-A-Mole/sim/BEEP/BEEP.runs/impl_1/runme.log
reset_run synth_1
WARNING: [Vivado 12-1017] Problems encountered:
1. Failed to delete one or more files in run directory D:/WorkStations/ASIC/Whac-A-Mole/sim/BEEP/BEEP.runs/synth_1

launch_runs impl_1 -to_step write_bitstream -jobs 10
[Tue May  6 18:01:55 2025] Launched synth_1...
Run output will be captured here: D:/WorkStations/ASIC/Whac-A-Mole/sim/BEEP/BEEP.runs/synth_1/runme.log
[Tue May  6 18:01:55 2025] Launched impl_1...
Run output will be captured here: D:/WorkStations/ASIC/Whac-A-Mole/sim/BEEP/BEEP.runs/impl_1/runme.log
set_property PROBES.FILE {} [get_hw_devices xc7z010_1]
set_property FULL_PROBES.FILE {} [get_hw_devices xc7z010_1]
set_property PROGRAM.FILE {D:/WorkStations/ASIC/Whac-A-Mole/sim/BEEP/BEEP.runs/impl_1/BEEP_TOP.bit} [get_hw_devices xc7z010_1]
program_hw_devices [get_hw_devices xc7z010_1]
INFO: [Labtools 27-3164] End of startup status: HIGH
refresh_hw_device [lindex [get_hw_devices xc7z010_1] 0]
INFO: [Labtools 27-1434] Device xc7z010 (JTAG device index = 1) is programmed with a design that has no supported debug core(s) in it.
reset_run synth_1
INFO: [Project 1-1161] Replacing file D:/WorkStations/ASIC/Whac-A-Mole/sim/BEEP/BEEP.srcs/utils_1/imports/synth_1/BEEP_TOP.dcp with file D:/WorkStations/ASIC/Whac-A-Mole/sim/BEEP/BEEP.runs/synth_1/BEEP_TOP.dcp
WARNING: [Vivado 12-1017] Problems encountered:
1. Failed to delete one or more files in run directory D:/WorkStations/ASIC/Whac-A-Mole/sim/BEEP/BEEP.runs/synth_1

launch_runs impl_1 -to_step write_bitstream -jobs 10
[Tue May  6 18:11:37 2025] Launched synth_1...
Run output will be captured here: D:/WorkStations/ASIC/Whac-A-Mole/sim/BEEP/BEEP.runs/synth_1/runme.log
[Tue May  6 18:11:37 2025] Launched impl_1...
Run output will be captured here: D:/WorkStations/ASIC/Whac-A-Mole/sim/BEEP/BEEP.runs/impl_1/runme.log
set_property PROBES.FILE {} [get_hw_devices xc7z010_1]
set_property FULL_PROBES.FILE {} [get_hw_devices xc7z010_1]
set_property PROGRAM.FILE {D:/WorkStations/ASIC/Whac-A-Mole/sim/BEEP/BEEP.runs/impl_1/BEEP_TOP.bit} [get_hw_devices xc7z010_1]
program_hw_devices [get_hw_devices xc7z010_1]
INFO: [Labtools 27-3164] End of startup status: HIGH
refresh_hw_device [lindex [get_hw_devices xc7z010_1] 0]
INFO: [Labtools 27-1434] Device xc7z010 (JTAG device index = 1) is programmed with a design that has no supported debug core(s) in it.
update_compile_order -fileset sources_1
update_compile_order -fileset sources_1
ERROR: [Labtoolstcl 44-513] HW Target shutdown. Closing target: localhost:3121/xilinx_tcf/Digilent/210251A08870
INFO: [Labtoolstcl 44-466] Opening hw_target localhost:3121/xilinx_tcf/Digilent/210251A08870
WARNING: [Labtoolstcl 44-129] No matching hw_ila_data was found.
INFO: [Labtools 27-1434] Device xc7z010 (JTAG device index = 1) is programmed with a design that has no supported debug core(s) in it.
WARNING: [Labtoolstcl 44-129] No matching hw_ila_data was found.
ERROR: [Labtoolstcl 44-513] HW Target shutdown. Closing target: localhost:3121/xilinx_tcf/Digilent/210251A08870
INFO: [Labtoolstcl 44-466] Opening hw_target localhost:3121/xilinx_tcf/Digilent/210251A08870
WARNING: [Labtoolstcl 44-129] No matching hw_ila_data was found.
INFO: [Labtools 27-1435] Device xc7z010 (JTAG device index = 1) is not programmed (DONE status = 0).
WARNING: [Labtoolstcl 44-129] No matching hw_ila_data was found.
ERROR: [Labtoolstcl 44-513] HW Target shutdown. Closing target: localhost:3121/xilinx_tcf/Digilent/210251A08870
INFO: [Labtoolstcl 44-466] Opening hw_target localhost:3121/xilinx_tcf/Digilent/210251A08870
WARNING: [Labtoolstcl 44-129] No matching hw_ila_data was found.
INFO: [Labtools 27-1435] Device xc7z010 (JTAG device index = 1) is not programmed (DONE status = 0).
WARNING: [Labtoolstcl 44-129] No matching hw_ila_data was found.
ERROR: [Labtoolstcl 44-513] HW Target shutdown. Closing target: localhost:3121/xilinx_tcf/Digilent/210251A08870
INFO: [Labtoolstcl 44-466] Opening hw_target localhost:3121/xilinx_tcf/Digilent/210251A08870
WARNING: [Labtoolstcl 44-129] No matching hw_ila_data was found.
INFO: [Labtools 27-1435] Device xc7z010 (JTAG device index = 1) is not programmed (DONE status = 0).
WARNING: [Labtoolstcl 44-129] No matching hw_ila_data was found.
ERROR: [Labtoolstcl 44-513] HW Target shutdown. Closing target: localhost:3121/xilinx_tcf/Digilent/210251A08870
INFO: [Labtoolstcl 44-466] Opening hw_target localhost:3121/xilinx_tcf/Digilent/210251A08870
WARNING: [Labtoolstcl 44-129] No matching hw_ila_data was found.
INFO: [Labtools 27-1435] Device xc7z010 (JTAG device index = 1) is not programmed (DONE status = 0).
WARNING: [Labtoolstcl 44-129] No matching hw_ila_data was found.
ERROR: [Labtoolstcl 44-513] HW Target shutdown. Closing target: localhost:3121/xilinx_tcf/Digilent/210251A08870
INFO: [Labtoolstcl 44-466] Opening hw_target localhost:3121/xilinx_tcf/Digilent/210251A08870
WARNING: [Labtoolstcl 44-129] No matching hw_ila_data was found.
INFO: [Labtools 27-1435] Device xc7z010 (JTAG device index = 1) is not programmed (DONE status = 0).
WARNING: [Labtoolstcl 44-129] No matching hw_ila_data was found.
ERROR: [Labtoolstcl 44-513] HW Target shutdown. Closing target: localhost:3121/xilinx_tcf/Digilent/210251A08870
INFO: [Labtoolstcl 44-466] Opening hw_target localhost:3121/xilinx_tcf/Digilent/210251A08870
WARNING: [Labtoolstcl 44-129] No matching hw_ila_data was found.
INFO: [Labtools 27-1435] Device xc7z010 (JTAG device index = 1) is not programmed (DONE status = 0).
WARNING: [Labtoolstcl 44-129] No matching hw_ila_data was found.
ERROR: [Labtoolstcl 44-513] HW Target shutdown. Closing target: localhost:3121/xilinx_tcf/Digilent/210251A08870
INFO: [Labtoolstcl 44-466] Opening hw_target localhost:3121/xilinx_tcf/Digilent/210251A08870
WARNING: [Labtoolstcl 44-129] No matching hw_ila_data was found.
INFO: [Labtools 27-1435] Device xc7z010 (JTAG device index = 1) is not programmed (DONE status = 0).
WARNING: [Labtoolstcl 44-129] No matching hw_ila_data was found.
ERROR: [Labtoolstcl 44-513] HW Target shutdown. Closing target: localhost:3121/xilinx_tcf/Digilent/210251A08870
INFO: [Labtoolstcl 44-466] Opening hw_target localhost:3121/xilinx_tcf/Digilent/210251A08870
WARNING: [Labtoolstcl 44-129] No matching hw_ila_data was found.
INFO: [Labtools 27-1435] Device xc7z010 (JTAG device index = 1) is not programmed (DONE status = 0).
WARNING: [Labtoolstcl 44-129] No matching hw_ila_data was found.
ERROR: [Labtoolstcl 44-513] HW Target shutdown. Closing target: localhost:3121/xilinx_tcf/Digilent/210251A08870
INFO: [Labtoolstcl 44-466] Opening hw_target localhost:3121/xilinx_tcf/Digilent/210251A08870
WARNING: [Labtoolstcl 44-129] No matching hw_ila_data was found.
INFO: [Labtools 27-1435] Device xc7z010 (JTAG device index = 1) is not programmed (DONE status = 0).
WARNING: [Labtoolstcl 44-129] No matching hw_ila_data was found.
ERROR: [Labtoolstcl 44-513] HW Target shutdown. Closing target: localhost:3121/xilinx_tcf/Digilent/210251A08870
update_compile_order -fileset sources_1
update_compile_order -fileset sources_1
INFO: [Labtoolstcl 44-466] Opening hw_target localhost:3121/xilinx_tcf/Digilent/210251A08870
WARNING: [Labtoolstcl 44-129] No matching hw_ila_data was found.
INFO: [Labtools 27-1435] Device xc7z010 (JTAG device index = 1) is not programmed (DONE status = 0).
WARNING: [Labtoolstcl 44-129] No matching hw_ila_data was found.
exit
INFO: [Common 17-206] Exiting Vivado at Tue May  6 20:31:03 2025...
