#-----------------------------------------------------------
# Vivado v2024.2 (64-bit)
# SW Build 5239630 on Fri Nov 08 22:35:27 MST 2024
# IP Build 5239520 on Sun Nov 10 16:12:51 MST 2024
# SharedData Build 5239561 on Fri Nov 08 14:39:27 MST 2024
# Start of session at: Sat May  3 14:16:48 2025
# Process ID         : 29668
# Current directory  : D:/WorkStations/ASIC/Whac-A-Mole/sim/FINAL1
# Command line       : vivado.exe -gui_launcher_event rodinguilauncherevent16004 D:\WorkStations\ASIC\Whac-A-Mole\sim\FINAL1\FINAL1.xpr
# Log file           : D:/WorkStations/ASIC/Whac-A-Mole/sim/FINAL1/vivado.log
# Journal file       : D:/WorkStations/ASIC/Whac-A-Mole/sim/FINAL1\vivado.jou
# Running On         : cosmos
# Platform           : Windows Server 2016 or Windows 10
# Operating System   : 26100
# Processor Detail   : 12th Gen Intel(R) Core(TM) i7-12700H
# CPU Frequency      : 2688 MHz
# CPU Physical cores : 14
# CPU Logical cores  : 20
# Host memory        : 16781 MB
# Swap memory        : 11274 MB
# Total Virtual      : 28056 MB
# Available Virtual  : 8525 MB
#-----------------------------------------------------------
start_gui
open_project D:/WorkStations/ASIC/Whac-A-Mole/sim/FINAL1/FINAL1.xpr
INFO: [filemgmt 56-3] Default IP Output Path : Could not find the directory 'D:/WorkStations/ASIC/Whac-A-Mole/sim/FINAL1/FINAL1.gen/sources_1'.
Scanning sources...
Finished scanning sources
INFO: [IP_Flow 19-234] Refreshing IP repositories
INFO: [IP_Flow 19-1704] No user IP repositories specified
INFO: [IP_Flow 19-2313] Loaded Vivado IP repository 'E:/Apps/Manual/Vivado/Vivado/2024.2/data/ip'.
update_compile_order -fileset sources_1
add_files -norecurse {D:/WorkStations/ASIC/Whac-A-Mole/sim/FINAL1/FINAL1.srcs/sources_1/ip/MENUSCREEN/MENUSCREEN.xci D:/WorkStations/ASIC/Whac-A-Mole/sim/FINAL1/FINAL1.srcs/sources_1/ip/MOLESCREEN/MOLESCREEN.xci D:/WorkStations/ASIC/Whac-A-Mole/sim/FINAL1/FINAL1.srcs/sources_1/ip/OVERSCREEN/OVERSCREEN.xci D:/WorkStations/ASIC/Whac-A-Mole/sim/FINAL1/FINAL1.srcs/sources_1/ip/clk_wiz_0/clk_wiz_0.xci D:/WorkStations/ASIC/Whac-A-Mole/sim/FINAL1/FINAL1.srcs/sources_1/ip/GAMESCREEN/GAMESCREEN.xci}
INFO: [Device 21-403] Loading part xc7z020clg400-2
WARNING: [IP_Flow 19-2162] IP 'MENUSCREEN' is locked:
* Current project part 'xc7z010clg400-1' and the part 'xc7z020clg400-2' used to customize the IP 'MENUSCREEN' do not match.
WARNING: [IP_Flow 19-2162] IP 'MOLESCREEN' is locked:
* Current project part 'xc7z010clg400-1' and the part 'xc7z020clg400-2' used to customize the IP 'MOLESCREEN' do not match.
WARNING: [IP_Flow 19-2162] IP 'OVERSCREEN' is locked:
* Current project part 'xc7z010clg400-1' and the part 'xc7z020clg400-2' used to customize the IP 'OVERSCREEN' do not match.
WARNING: [IP_Flow 19-2162] IP 'clk_wiz_0' is locked:
* Current project part 'xc7z010clg400-1' and the part 'xc7z020clg400-2' used to customize the IP 'clk_wiz_0' do not match.
WARNING: [IP_Flow 19-2162] IP 'GAMESCREEN' is locked:
* Current project part 'xc7z010clg400-1' and the part 'xc7z020clg400-2' used to customize the IP 'GAMESCREEN' do not match.
add_files: Time (s): cpu = 00:00:16 ; elapsed = 00:00:17 . Memory (MB): peak = 1567.867 ; gain = 301.203
update_compile_order -fileset sources_1
reset_run synth_1
launch_runs impl_1 -to_step write_bitstream -jobs 10
INFO: [IP_Flow 19-6924] IPCACHE: Running cache check for IP inst: MOLESCREEN
WARNING: [Vivado 12-4802] The synthesis checkpoint for IP 'D:/WorkStations/ASIC/Whac-A-Mole/sim/FINAL1/FINAL1.srcs/sources_1/ip/MOLESCREEN/MOLESCREEN.xci' is not generated and IP is locked. An out-of-context (OOC) run will be created and/or launched, but synthesis may not be able to complete or could result in incorrect behavior.
Please select 'Report IP Status' from the 'Tools/Report' menu or run Tcl command 'report_ip_status' for more information.
INFO: [IP_Flow 19-6924] IPCACHE: Running cache check for IP inst: OVERSCREEN
WARNING: [Vivado 12-4802] The synthesis checkpoint for IP 'D:/WorkStations/ASIC/Whac-A-Mole/sim/FINAL1/FINAL1.srcs/sources_1/ip/OVERSCREEN/OVERSCREEN.xci' is not generated and IP is locked. An out-of-context (OOC) run will be created and/or launched, but synthesis may not be able to complete or could result in incorrect behavior.
Please select 'Report IP Status' from the 'Tools/Report' menu or run Tcl command 'report_ip_status' for more information.
INFO: [IP_Flow 19-6924] IPCACHE: Running cache check for IP inst: GAMESCREEN
WARNING: [Vivado 12-4802] The synthesis checkpoint for IP 'D:/WorkStations/ASIC/Whac-A-Mole/sim/FINAL1/FINAL1.srcs/sources_1/ip/GAMESCREEN/GAMESCREEN.xci' is not generated and IP is locked. An out-of-context (OOC) run will be created and/or launched, but synthesis may not be able to complete or could result in incorrect behavior.
Please select 'Report IP Status' from the 'Tools/Report' menu or run Tcl command 'report_ip_status' for more information.
INFO: [IP_Flow 19-6924] IPCACHE: Running cache check for IP inst: MENUSCREEN
WARNING: [Vivado 12-4802] The synthesis checkpoint for IP 'D:/WorkStations/ASIC/Whac-A-Mole/sim/FINAL1/FINAL1.srcs/sources_1/ip/MENUSCREEN/MENUSCREEN.xci' is not generated and IP is locked. An out-of-context (OOC) run will be created and/or launched, but synthesis may not be able to complete or could result in incorrect behavior.
Please select 'Report IP Status' from the 'Tools/Report' menu or run Tcl command 'report_ip_status' for more information.
INFO: [IP_Flow 19-6924] IPCACHE: Running cache check for IP inst: clk_wiz_0
WARNING: [Vivado 12-4802] The synthesis checkpoint for IP 'D:/WorkStations/ASIC/Whac-A-Mole/sim/FINAL1/FINAL1.srcs/sources_1/ip/clk_wiz_0/clk_wiz_0.xci' is not generated and IP is locked. An out-of-context (OOC) run will be created and/or launched, but synthesis may not be able to complete or could result in incorrect behavior.
Please select 'Report IP Status' from the 'Tools/Report' menu or run Tcl command 'report_ip_status' for more information.
WARNING: [Project 1-576] IP 'D:/WorkStations/ASIC/Whac-A-Mole/sim/FINAL1/FINAL1.srcs/sources_1/ip/MENUSCREEN/MENUSCREEN.xci' in run MENUSCREEN_synth_1 is locked, no out-of-context (OOC) run will be launched. The run may not be able to complete.
Please select 'Report IP Status' from 'Tools/Report' or run the Tcl command 'report_ip_status' for more information.
WARNING: [Project 1-576] IP 'D:/WorkStations/ASIC/Whac-A-Mole/sim/FINAL1/FINAL1.srcs/sources_1/ip/MOLESCREEN/MOLESCREEN.xci' in run MOLESCREEN_synth_1 is locked, no out-of-context (OOC) run will be launched. The run may not be able to complete.
Please select 'Report IP Status' from 'Tools/Report' or run the Tcl command 'report_ip_status' for more information.
WARNING: [Project 1-576] IP 'D:/WorkStations/ASIC/Whac-A-Mole/sim/FINAL1/FINAL1.srcs/sources_1/ip/OVERSCREEN/OVERSCREEN.xci' in run OVERSCREEN_synth_1 is locked, no out-of-context (OOC) run will be launched. The run may not be able to complete.
Please select 'Report IP Status' from 'Tools/Report' or run the Tcl command 'report_ip_status' for more information.
WARNING: [Project 1-576] IP 'D:/WorkStations/ASIC/Whac-A-Mole/sim/FINAL1/FINAL1.srcs/sources_1/ip/clk_wiz_0/clk_wiz_0.xci' in run clk_wiz_0_synth_1 is locked, no out-of-context (OOC) run will be launched. The run may not be able to complete.
Please select 'Report IP Status' from 'Tools/Report' or run the Tcl command 'report_ip_status' for more information.
WARNING: [Project 1-576] IP 'D:/WorkStations/ASIC/Whac-A-Mole/sim/FINAL1/FINAL1.srcs/sources_1/ip/GAMESCREEN/GAMESCREEN.xci' in run GAMESCREEN_synth_1 is locked, no out-of-context (OOC) run will be launched. The run may not be able to complete.
Please select 'Report IP Status' from 'Tools/Report' or run the Tcl command 'report_ip_status' for more information.
WARNING: [Runs 36-337] The following IPs are either missing output products or output products are not up-to-date for Synthesis target. Since these IPs are locked, no update to the output products can be done. 
Please select 'Report IP Status' from the 'Tools/Report' menu or run Tcl command 'report_ip_status' for more information.
D:/WorkStations/ASIC/Whac-A-Mole/sim/FINAL1/FINAL1.srcs/sources_1/ip/MENUSCREEN/MENUSCREEN.xci

WARNING: [Runs 36-337] The following IPs are either missing output products or output products are not up-to-date for Synthesis target. Since these IPs are locked, no update to the output products can be done. 
Please select 'Report IP Status' from the 'Tools/Report' menu or run Tcl command 'report_ip_status' for more information.
D:/WorkStations/ASIC/Whac-A-Mole/sim/FINAL1/FINAL1.srcs/sources_1/ip/MOLESCREEN/MOLESCREEN.xci

WARNING: [Runs 36-337] The following IPs are either missing output products or output products are not up-to-date for Synthesis target. Since these IPs are locked, no update to the output products can be done. 
Please select 'Report IP Status' from the 'Tools/Report' menu or run Tcl command 'report_ip_status' for more information.
D:/WorkStations/ASIC/Whac-A-Mole/sim/FINAL1/FINAL1.srcs/sources_1/ip/OVERSCREEN/OVERSCREEN.xci

WARNING: [Runs 36-337] The following IPs are either missing output products or output products are not up-to-date for Synthesis target. Since these IPs are locked, no update to the output products can be done. 
Please select 'Report IP Status' from the 'Tools/Report' menu or run Tcl command 'report_ip_status' for more information.
D:/WorkStations/ASIC/Whac-A-Mole/sim/FINAL1/FINAL1.srcs/sources_1/ip/clk_wiz_0/clk_wiz_0.xci

WARNING: [Runs 36-337] The following IPs are either missing output products or output products are not up-to-date for Implementation target. Since these IPs are locked, no update to the output products can be done. 
Please select 'Report IP Status' from the 'Tools/Report' menu or run Tcl command 'report_ip_status' for more information.
D:/WorkStations/ASIC/Whac-A-Mole/sim/FINAL1/FINAL1.srcs/sources_1/ip/clk_wiz_0/clk_wiz_0.xci

WARNING: [Runs 36-337] The following IPs are either missing output products or output products are not up-to-date for Synthesis target. Since these IPs are locked, no update to the output products can be done. 
Please select 'Report IP Status' from the 'Tools/Report' menu or run Tcl command 'report_ip_status' for more information.
D:/WorkStations/ASIC/Whac-A-Mole/sim/FINAL1/FINAL1.srcs/sources_1/ip/GAMESCREEN/GAMESCREEN.xci

WARNING: [Project 1-576] IP 'D:/WorkStations/ASIC/Whac-A-Mole/sim/FINAL1/FINAL1.srcs/sources_1/ip/MENUSCREEN/MENUSCREEN.xci' in run MENUSCREEN_synth_1 is locked, no out-of-context (OOC) run will be launched. The run may not be able to complete.
Please select 'Report IP Status' from 'Tools/Report' or run the Tcl command 'report_ip_status' for more information.
WARNING: [Project 1-576] IP 'D:/WorkStations/ASIC/Whac-A-Mole/sim/FINAL1/FINAL1.srcs/sources_1/ip/MOLESCREEN/MOLESCREEN.xci' in run MOLESCREEN_synth_1 is locked, no out-of-context (OOC) run will be launched. The run may not be able to complete.
Please select 'Report IP Status' from 'Tools/Report' or run the Tcl command 'report_ip_status' for more information.
WARNING: [Project 1-576] IP 'D:/WorkStations/ASIC/Whac-A-Mole/sim/FINAL1/FINAL1.srcs/sources_1/ip/OVERSCREEN/OVERSCREEN.xci' in run OVERSCREEN_synth_1 is locked, no out-of-context (OOC) run will be launched. The run may not be able to complete.
Please select 'Report IP Status' from 'Tools/Report' or run the Tcl command 'report_ip_status' for more information.
WARNING: [Project 1-576] IP 'D:/WorkStations/ASIC/Whac-A-Mole/sim/FINAL1/FINAL1.srcs/sources_1/ip/clk_wiz_0/clk_wiz_0.xci' in run clk_wiz_0_synth_1 is locked, no out-of-context (OOC) run will be launched. The run may not be able to complete.
Please select 'Report IP Status' from 'Tools/Report' or run the Tcl command 'report_ip_status' for more information.
WARNING: [Project 1-576] IP 'D:/WorkStations/ASIC/Whac-A-Mole/sim/FINAL1/FINAL1.srcs/sources_1/ip/GAMESCREEN/GAMESCREEN.xci' in run GAMESCREEN_synth_1 is locked, no out-of-context (OOC) run will be launched. The run may not be able to complete.
Please select 'Report IP Status' from 'Tools/Report' or run the Tcl command 'report_ip_status' for more information.
[Sat May  3 14:19:32 2025] Launched MENUSCREEN_synth_1, MOLESCREEN_synth_1, OVERSCREEN_synth_1, clk_wiz_0_synth_1, GAMESCREEN_synth_1, synth_1...
Run output will be captured here:
MENUSCREEN_synth_1: D:/WorkStations/ASIC/Whac-A-Mole/sim/FINAL1/FINAL1.runs/MENUSCREEN_synth_1/runme.log
MOLESCREEN_synth_1: D:/WorkStations/ASIC/Whac-A-Mole/sim/FINAL1/FINAL1.runs/MOLESCREEN_synth_1/runme.log
OVERSCREEN_synth_1: D:/WorkStations/ASIC/Whac-A-Mole/sim/FINAL1/FINAL1.runs/OVERSCREEN_synth_1/runme.log
clk_wiz_0_synth_1: D:/WorkStations/ASIC/Whac-A-Mole/sim/FINAL1/FINAL1.runs/clk_wiz_0_synth_1/runme.log
GAMESCREEN_synth_1: D:/WorkStations/ASIC/Whac-A-Mole/sim/FINAL1/FINAL1.runs/GAMESCREEN_synth_1/runme.log
synth_1: D:/WorkStations/ASIC/Whac-A-Mole/sim/FINAL1/FINAL1.runs/synth_1/runme.log
[Sat May  3 14:19:33 2025] Launched impl_1...
Run output will be captured here: D:/WorkStations/ASIC/Whac-A-Mole/sim/FINAL1/FINAL1.runs/impl_1/runme.log
WARNING: [IP_Flow 19-4067] Ignoring invalid widget type specified checkbox.Providing a default widget
WARNING: [IP_Flow 19-4067] Ignoring invalid widget type specified checkbox.Providing a default widget
upgrade_ip -srcset clk_wiz_0 -vlnv xilinx.com:ip:clk_wiz:6.0 [get_ips  clk_wiz_0] -log ip_upgrade.log
Upgrading 'clk_wiz_0'
INFO: [Project 1-386] Moving file 'D:/WorkStations/ASIC/Whac-A-Mole/sim/FINAL1/FINAL1.srcs/sources_1/ip/clk_wiz_0/clk_wiz_0.xci' from fileset 'clk_wiz_0' to fileset 'sources_1'.
INFO: [Device 21-403] Loading part xc7z010clg400-1
INFO: [IP_Flow 19-3420] Updated clk_wiz_0 to use current project options
INFO: [IP_Flow 19-1686] Generating 'Instantiation Template' target for IP 'clk_wiz_0'...
INFO: [Coretcl 2-1525] Wrote upgrade log to 'D:/WorkStations/ASIC/Whac-A-Mole/sim/FINAL1/ip_upgrade.log'.
export_ip_user_files -of_objects [get_ips clk_wiz_0] -no_script -sync -force -quiet
upgrade_ip -srcset MENUSCREEN -vlnv xilinx.com:ip:blk_mem_gen:8.4 [get_ips  MENUSCREEN] -log ip_upgrade.log
Upgrading 'MENUSCREEN'
INFO: [Project 1-386] Moving file 'D:/WorkStations/ASIC/Whac-A-Mole/sim/FINAL1/FINAL1.srcs/sources_1/ip/MENUSCREEN/MENUSCREEN.xci' from fileset 'MENUSCREEN' to fileset 'sources_1'.
INFO: [IP_Flow 19-3420] Updated MENUSCREEN to use current project options
INFO: [IP_Flow 19-1686] Generating 'Instantiation Template' target for IP 'MENUSCREEN'...
INFO: [Coretcl 2-1525] Wrote upgrade log to 'D:/WorkStations/ASIC/Whac-A-Mole/sim/FINAL1/ip_upgrade.log'.
export_ip_user_files -of_objects [get_ips MENUSCREEN] -no_script -sync -force -quiet
update_compile_order -fileset sources_1
upgrade_ip -srcset GAMESCREEN [get_ips  {GAMESCREEN OVERSCREEN MOLESCREEN}] -log ip_upgrade.log
Upgrading 'GAMESCREEN'
INFO: [Project 1-386] Moving file 'D:/WorkStations/ASIC/Whac-A-Mole/sim/FINAL1/FINAL1.srcs/sources_1/ip/GAMESCREEN/GAMESCREEN.xci' from fileset 'GAMESCREEN' to fileset 'sources_1'.
INFO: [IP_Flow 19-3420] Updated GAMESCREEN to use current project options
INFO: [IP_Flow 19-1686] Generating 'Instantiation Template' target for IP 'GAMESCREEN'...
Upgrading 'MOLESCREEN'
INFO: [Project 1-386] Moving file 'D:/WorkStations/ASIC/Whac-A-Mole/sim/FINAL1/FINAL1.srcs/sources_1/ip/MOLESCREEN/MOLESCREEN.xci' from fileset 'MOLESCREEN' to fileset 'sources_1'.
INFO: [IP_Flow 19-3420] Updated MOLESCREEN to use current project options
INFO: [IP_Flow 19-1686] Generating 'Instantiation Template' target for IP 'MOLESCREEN'...
Upgrading 'OVERSCREEN'
INFO: [Project 1-386] Moving file 'D:/WorkStations/ASIC/Whac-A-Mole/sim/FINAL1/FINAL1.srcs/sources_1/ip/OVERSCREEN/OVERSCREEN.xci' from fileset 'OVERSCREEN' to fileset 'sources_1'.
INFO: [IP_Flow 19-3420] Updated OVERSCREEN to use current project options
INFO: [IP_Flow 19-1686] Generating 'Instantiation Template' target for IP 'OVERSCREEN'...
INFO: [Coretcl 2-1525] Wrote upgrade log to 'D:/WorkStations/ASIC/Whac-A-Mole/sim/FINAL1/ip_upgrade.log'.
export_ip_user_files -of_objects [get_ips {GAMESCREEN OVERSCREEN MOLESCREEN}] -no_script -sync -force -quiet
update_compile_order -fileset sources_1
reset_run synth_1
launch_runs impl_1 -to_step write_bitstream -jobs 10
INFO: [IP_Flow 19-1686] Generating 'Synthesis' target for IP 'MOLESCREEN'...
INFO: [IP_Flow 19-6924] IPCACHE: Running cache check for IP inst: MOLESCREEN
INFO: [IP_Flow 19-1686] Generating 'Synthesis' target for IP 'OVERSCREEN'...
INFO: [IP_Flow 19-6924] IPCACHE: Running cache check for IP inst: OVERSCREEN
INFO: [IP_Flow 19-1686] Generating 'Synthesis' target for IP 'GAMESCREEN'...
INFO: [IP_Flow 19-6924] IPCACHE: Running cache check for IP inst: GAMESCREEN
INFO: [IP_Flow 19-1686] Generating 'Synthesis' target for IP 'MENUSCREEN'...
INFO: [IP_Flow 19-6924] IPCACHE: Running cache check for IP inst: MENUSCREEN
INFO: [IP_Flow 19-1686] Generating 'Synthesis' target for IP 'clk_wiz_0'...
INFO: [IP_Flow 19-1686] Generating 'Implementation' target for IP 'clk_wiz_0'...
INFO: [IP_Flow 19-6924] IPCACHE: Running cache check for IP inst: clk_wiz_0
[Sat May  3 14:20:53 2025] Launched MENUSCREEN_synth_1, MOLESCREEN_synth_1, OVERSCREEN_synth_1, clk_wiz_0_synth_1, GAMESCREEN_synth_1, synth_1...
Run output will be captured here:
MENUSCREEN_synth_1: D:/WorkStations/ASIC/Whac-A-Mole/sim/FINAL1/FINAL1.runs/MENUSCREEN_synth_1/runme.log
MOLESCREEN_synth_1: D:/WorkStations/ASIC/Whac-A-Mole/sim/FINAL1/FINAL1.runs/MOLESCREEN_synth_1/runme.log
OVERSCREEN_synth_1: D:/WorkStations/ASIC/Whac-A-Mole/sim/FINAL1/FINAL1.runs/OVERSCREEN_synth_1/runme.log
clk_wiz_0_synth_1: D:/WorkStations/ASIC/Whac-A-Mole/sim/FINAL1/FINAL1.runs/clk_wiz_0_synth_1/runme.log
GAMESCREEN_synth_1: D:/WorkStations/ASIC/Whac-A-Mole/sim/FINAL1/FINAL1.runs/GAMESCREEN_synth_1/runme.log
synth_1: D:/WorkStations/ASIC/Whac-A-Mole/sim/FINAL1/FINAL1.runs/synth_1/runme.log
[Sat May  3 14:20:53 2025] Launched impl_1...
Run output will be captured here: D:/WorkStations/ASIC/Whac-A-Mole/sim/FINAL1/FINAL1.runs/impl_1/runme.log
open_hw_manager
connect_hw_server -allow_non_jtag
INFO: [Labtools 27-2285] Connecting to hw_server url TCP:localhost:3121
INFO: [Labtools 27-2222] Launching hw_server...
INFO: [Labtools 27-2221] Launch Output:

****** Xilinx hw_server v2024.2
  **** Build date : Oct 29 2024 at 10:25:41
    ** Copyright 1986-2022 Xilinx, Inc. All Rights Reserved.


INFO: [Labtools 27-3415] Connecting to cs_server url TCP:localhost:0
INFO: [Labtools 27-3417] Launching cs_server...
INFO: [Labtools 27-2221] Launch Output:


******** Xilinx cs_server v2024.2.0
  ****** Build date   : Oct 31 2024-02:19:07
    **** Build number : 2024.2.1730312347
      ** Copyright 2017-2022 Xilinx, Inc. All Rights Reserved.
      ** Copyright 2022-2025 Advanced Micro Devices, Inc. All Rights Reserved.



connect_hw_server: Time (s): cpu = 00:00:01 ; elapsed = 00:00:06 . Memory (MB): peak = 1700.492 ; gain = 17.133
open_hw_target
INFO: [Labtoolstcl 44-466] Opening hw_target localhost:3121/xilinx_tcf/Digilent/210251A08870
set_property PROGRAM.FILE {D:/WorkStations/ASIC/Whac-A-Mole/sim/FINAL1/FINAL1.runs/impl_1/TOP.bit} [get_hw_devices xc7z010_1]
current_hw_device [get_hw_devices xc7z010_1]
refresh_hw_device -update_hw_probes false [lindex [get_hw_devices xc7z010_1] 0]
INFO: [Labtools 27-1434] Device xc7z010 (JTAG device index = 1) is programmed with a design that has no supported debug core(s) in it.
set_property PROBES.FILE {} [get_hw_devices xc7z010_1]
set_property FULL_PROBES.FILE {} [get_hw_devices xc7z010_1]
set_property PROGRAM.FILE {D:/WorkStations/ASIC/Whac-A-Mole/sim/FINAL1/FINAL1.runs/impl_1/TOP.bit} [get_hw_devices xc7z010_1]
program_hw_devices [get_hw_devices xc7z010_1]
INFO: [Labtools 27-3164] End of startup status: HIGH
refresh_hw_device [lindex [get_hw_devices xc7z010_1] 0]
INFO: [Labtools 27-1434] Device xc7z010 (JTAG device index = 1) is programmed with a design that has no supported debug core(s) in it.
update_compile_order -fileset sources_1
reset_run synth_1
INFO: [Project 1-1160] Copying file D:/WorkStations/ASIC/Whac-A-Mole/sim/FINAL1/FINAL1.runs/synth_1/TOP.dcp to D:/WorkStations/ASIC/Whac-A-Mole/sim/FINAL1/FINAL1.srcs/utils_1/imports/synth_1 and adding it to utils fileset
WARNING: [Vivado 12-1017] Problems encountered:
1. Failed to delete one or more files in run directory D:/WorkStations/ASIC/Whac-A-Mole/sim/FINAL1/FINAL1.runs/synth_1

launch_runs impl_1 -to_step write_bitstream -jobs 10
[Sat May  3 14:30:22 2025] Launched synth_1...
Run output will be captured here: D:/WorkStations/ASIC/Whac-A-Mole/sim/FINAL1/FINAL1.runs/synth_1/runme.log
[Sat May  3 14:30:22 2025] Launched impl_1...
Run output will be captured here: D:/WorkStations/ASIC/Whac-A-Mole/sim/FINAL1/FINAL1.runs/impl_1/runme.log
reset_run synth_1
WARNING: [Vivado 12-1017] Problems encountered:
1. Failed to delete one or more files in run directory D:/WorkStations/ASIC/Whac-A-Mole/sim/FINAL1/FINAL1.runs/synth_1

launch_runs impl_1 -to_step write_bitstream -jobs 10
[Sat May  3 14:32:54 2025] Launched synth_1...
Run output will be captured here: D:/WorkStations/ASIC/Whac-A-Mole/sim/FINAL1/FINAL1.runs/synth_1/runme.log
[Sat May  3 14:32:54 2025] Launched impl_1...
Run output will be captured here: D:/WorkStations/ASIC/Whac-A-Mole/sim/FINAL1/FINAL1.runs/impl_1/runme.log
set_property PROBES.FILE {} [get_hw_devices xc7z010_1]
set_property FULL_PROBES.FILE {} [get_hw_devices xc7z010_1]
set_property PROGRAM.FILE {D:/WorkStations/ASIC/Whac-A-Mole/sim/FINAL1/FINAL1.runs/impl_1/TOP.bit} [get_hw_devices xc7z010_1]
program_hw_devices [get_hw_devices xc7z010_1]
INFO: [Labtools 27-3164] End of startup status: HIGH
refresh_hw_device [lindex [get_hw_devices xc7z010_1] 0]
INFO: [Labtools 27-1434] Device xc7z010 (JTAG device index = 1) is programmed with a design that has no supported debug core(s) in it.
reset_run synth_1
INFO: [Project 1-1161] Replacing file D:/WorkStations/ASIC/Whac-A-Mole/sim/FINAL1/FINAL1.srcs/utils_1/imports/synth_1/TOP.dcp with file D:/WorkStations/ASIC/Whac-A-Mole/sim/FINAL1/FINAL1.runs/synth_1/TOP.dcp
WARNING: [Vivado 12-1017] Problems encountered:
1. Failed to delete one or more files in run directory D:/WorkStations/ASIC/Whac-A-Mole/sim/FINAL1/FINAL1.runs/synth_1

launch_runs impl_1 -to_step write_bitstream -jobs 10
[Sat May  3 14:38:21 2025] Launched synth_1...
Run output will be captured here: D:/WorkStations/ASIC/Whac-A-Mole/sim/FINAL1/FINAL1.runs/synth_1/runme.log
[Sat May  3 14:38:21 2025] Launched impl_1...
Run output will be captured here: D:/WorkStations/ASIC/Whac-A-Mole/sim/FINAL1/FINAL1.runs/impl_1/runme.log
set_property PROBES.FILE {} [get_hw_devices xc7z010_1]
set_property FULL_PROBES.FILE {} [get_hw_devices xc7z010_1]
set_property PROGRAM.FILE {D:/WorkStations/ASIC/Whac-A-Mole/sim/FINAL1/FINAL1.runs/impl_1/TOP.bit} [get_hw_devices xc7z010_1]
program_hw_devices [get_hw_devices xc7z010_1]
INFO: [Labtools 27-3164] End of startup status: HIGH
refresh_hw_device [lindex [get_hw_devices xc7z010_1] 0]
INFO: [Labtools 27-1434] Device xc7z010 (JTAG device index = 1) is programmed with a design that has no supported debug core(s) in it.
WARNING: [filemgmt 56-199] Attempt to get parsing info during refresh. "On-the-fly" syntax checking information may be incorrect. [D:\WorkStations\ASIC\Whac-A-Mole\src\TOP.v:]
WARNING: [filemgmt 56-199] Attempt to get parsing info during refresh. "On-the-fly" syntax checking information may be incorrect. [D:\WorkStations\ASIC\Whac-A-Mole\src\lcd\lcd_rgb_char.v:]
WARNING: [filemgmt 56-199] Attempt to get parsing info during refresh. "On-the-fly" syntax checking information may be incorrect. [D:\WorkStations\ASIC\Whac-A-Mole\src\lcd\lcd_rgb_char.v:]
WARNING: [filemgmt 56-199] Attempt to get parsing info during refresh. "On-the-fly" syntax checking information may be incorrect. [D:\WorkStations\ASIC\Whac-A-Mole\src\lcd\lcd_rgb_char.v:]
ERROR: [Common 17-180] Spawn failed: No error
WARNING: [filemgmt 56-199] Attempt to get parsing info during refresh. "On-the-fly" syntax checking information may be incorrect. [D:\WorkStations\ASIC\Whac-A-Mole\src\TOP.v:]
WARNING: [filemgmt 56-199] Attempt to get parsing info during refresh. "On-the-fly" syntax checking information may be incorrect. [D:\WorkStations\ASIC\Whac-A-Mole\src\lcd\lcd_rgb_char.v:]
WARNING: [filemgmt 56-199] Attempt to get parsing info during refresh. "On-the-fly" syntax checking information may be incorrect. [D:\WorkStations\ASIC\Whac-A-Mole\src\lcd\lcd_rgb_char.v:]
WARNING: [filemgmt 56-199] Attempt to get parsing info during refresh. "On-the-fly" syntax checking information may be incorrect. [D:\WorkStations\ASIC\Whac-A-Mole\src\lcd\lcd_rgb_char.v:]
ERROR: [Common 17-180] Spawn failed: No error
WARNING: [filemgmt 56-199] Attempt to get parsing info during refresh. "On-the-fly" syntax checking information may be incorrect. [D:\WorkStations\ASIC\Whac-A-Mole\src\TOP.v:]
WARNING: [filemgmt 56-199] Attempt to get parsing info during refresh. "On-the-fly" syntax checking information may be incorrect. [D:\WorkStations\ASIC\Whac-A-Mole\src\lcd\lcd_rgb_char.v:]
WARNING: [filemgmt 56-199] Attempt to get parsing info during refresh. "On-the-fly" syntax checking information may be incorrect. [D:\WorkStations\ASIC\Whac-A-Mole\src\lcd\lcd_rgb_char.v:]
WARNING: [filemgmt 56-199] Attempt to get parsing info during refresh. "On-the-fly" syntax checking information may be incorrect. [D:\WorkStations\ASIC\Whac-A-Mole\src\lcd\lcd_rgb_char.v:]
ERROR: [Common 17-180] Spawn failed: No error
WARNING: [filemgmt 56-199] Attempt to get parsing info during refresh. "On-the-fly" syntax checking information may be incorrect. [D:\WorkStations\ASIC\Whac-A-Mole\src\TOP.v:]
WARNING: [filemgmt 56-199] Attempt to get parsing info during refresh. "On-the-fly" syntax checking information may be incorrect. [D:\WorkStations\ASIC\Whac-A-Mole\src\lcd\lcd_rgb_char.v:]
WARNING: [filemgmt 56-199] Attempt to get parsing info during refresh. "On-the-fly" syntax checking information may be incorrect. [D:\WorkStations\ASIC\Whac-A-Mole\src\lcd\lcd_rgb_char.v:]
WARNING: [filemgmt 56-199] Attempt to get parsing info during refresh. "On-the-fly" syntax checking information may be incorrect. [D:\WorkStations\ASIC\Whac-A-Mole\src\lcd\lcd_rgb_char.v:]
ERROR: [Common 17-180] Spawn failed: No error
WARNING: [filemgmt 56-199] Attempt to get parsing info during refresh. "On-the-fly" syntax checking information may be incorrect. [D:\WorkStations\ASIC\Whac-A-Mole\src\TOP.v:]
WARNING: [filemgmt 56-199] Attempt to get parsing info during refresh. "On-the-fly" syntax checking information may be incorrect. [D:\WorkStations\ASIC\Whac-A-Mole\src\lcd\lcd_rgb_char.v:]
WARNING: [filemgmt 56-199] Attempt to get parsing info during refresh. "On-the-fly" syntax checking information may be incorrect. [D:\WorkStations\ASIC\Whac-A-Mole\src\lcd\lcd_rgb_char.v:]
WARNING: [filemgmt 56-199] Attempt to get parsing info during refresh. "On-the-fly" syntax checking information may be incorrect. [D:\WorkStations\ASIC\Whac-A-Mole\src\lcd\lcd_rgb_char.v:]
ERROR: [Common 17-180] Spawn failed: No error
WARNING: [filemgmt 56-199] Attempt to get parsing info during refresh. "On-the-fly" syntax checking information may be incorrect. [D:\WorkStations\ASIC\Whac-A-Mole\src\TOP.v:]
WARNING: [filemgmt 56-199] Attempt to get parsing info during refresh. "On-the-fly" syntax checking information may be incorrect. [D:\WorkStations\ASIC\Whac-A-Mole\src\lcd\lcd_rgb_char.v:]
WARNING: [filemgmt 56-199] Attempt to get parsing info during refresh. "On-the-fly" syntax checking information may be incorrect. [D:\WorkStations\ASIC\Whac-A-Mole\src\lcd\lcd_rgb_char.v:]
WARNING: [filemgmt 56-199] Attempt to get parsing info during refresh. "On-the-fly" syntax checking information may be incorrect. [D:\WorkStations\ASIC\Whac-A-Mole\src\lcd\lcd_rgb_char.v:]
ERROR: [Common 17-180] Spawn failed: No error
set_property PROBES.FILE {} [get_hw_devices xc7z010_1]
set_property FULL_PROBES.FILE {} [get_hw_devices xc7z010_1]
set_property PROGRAM.FILE {D:/WorkStations/ASIC/Whac-A-Mole/sim/FINAL1/FINAL1.runs/impl_1/TOP.bit} [get_hw_devices xc7z010_1]
program_hw_devices [get_hw_devices xc7z010_1]
INFO: [Labtools 27-3164] End of startup status: HIGH
refresh_hw_device [lindex [get_hw_devices xc7z010_1] 0]
INFO: [Labtools 27-1434] Device xc7z010 (JTAG device index = 1) is programmed with a design that has no supported debug core(s) in it.
reset_run synth_1
INFO: [Project 1-1161] Replacing file D:/WorkStations/ASIC/Whac-A-Mole/sim/FINAL1/FINAL1.srcs/utils_1/imports/synth_1/TOP.dcp with file D:/WorkStations/ASIC/Whac-A-Mole/sim/FINAL1/FINAL1.runs/synth_1/TOP.dcp
WARNING: [Vivado 12-1017] Problems encountered:
1. Failed to delete one or more files in run directory D:/WorkStations/ASIC/Whac-A-Mole/sim/FINAL1/FINAL1.runs/synth_1

launch_runs impl_1 -to_step write_bitstream -jobs 10
[Sat May  3 14:51:58 2025] Launched synth_1...
Run output will be captured here: D:/WorkStations/ASIC/Whac-A-Mole/sim/FINAL1/FINAL1.runs/synth_1/runme.log
[Sat May  3 14:51:58 2025] Launched impl_1...
Run output will be captured here: D:/WorkStations/ASIC/Whac-A-Mole/sim/FINAL1/FINAL1.runs/impl_1/runme.log
WARNING: [filemgmt 56-199] Attempt to get parsing info during refresh. "On-the-fly" syntax checking information may be incorrect. [D:\WorkStations\ASIC\Whac-A-Mole\src\TOP.v:]
WARNING: [filemgmt 56-199] Attempt to get parsing info during refresh. "On-the-fly" syntax checking information may be incorrect. [D:\WorkStations\ASIC\Whac-A-Mole\src\lcd\lcd_rgb_char.v:]
WARNING: [filemgmt 56-199] Attempt to get parsing info during refresh. "On-the-fly" syntax checking information may be incorrect. [D:\WorkStations\ASIC\Whac-A-Mole\src\lcd\lcd_rgb_char.v:]
WARNING: [filemgmt 56-199] Attempt to get parsing info during refresh. "On-the-fly" syntax checking information may be incorrect. [D:\WorkStations\ASIC\Whac-A-Mole\src\lcd\lcd_rgb_char.v:]
ERROR: [Common 17-180] Spawn failed: No error
close_hw_manager
reset_run synth_1
WARNING: [Vivado 12-1017] Problems encountered:
1. Failed to delete one or more files in run directory D:/WorkStations/ASIC/Whac-A-Mole/sim/FINAL1/FINAL1.runs/synth_1

launch_runs impl_1 -to_step write_bitstream -jobs 10
[Sat May  3 14:52:46 2025] Launched synth_1...
Run output will be captured here: D:/WorkStations/ASIC/Whac-A-Mole/sim/FINAL1/FINAL1.runs/synth_1/runme.log
[Sat May  3 14:52:46 2025] Launched impl_1...
Run output will be captured here: D:/WorkStations/ASIC/Whac-A-Mole/sim/FINAL1/FINAL1.runs/impl_1/runme.log
open_hw_manager
connect_hw_server -allow_non_jtag
INFO: [Labtools 27-2285] Connecting to hw_server url TCP:localhost:3121
INFO: [Labtools 27-2222] Launching hw_server...
INFO: [Labtools 27-2221] Launch Output:

****** Xilinx hw_server v2024.2
  **** Build date : Oct 29 2024 at 10:25:41
    ** Copyright 1986-2022 Xilinx, Inc. All Rights Reserved.


INFO: [Labtools 27-3415] Connecting to cs_server url TCP:localhost:0
INFO: [Labtools 27-3417] Launching cs_server...
INFO: [Labtools 27-2221] Launch Output:


******** Xilinx cs_server v2024.2.0
  ****** Build date   : Oct 31 2024-02:19:07
    **** Build number : 2024.2.1730312347
      ** Copyright 2017-2022 Xilinx, Inc. All Rights Reserved.
      ** Copyright 2022-2025 Advanced Micro Devices, Inc. All Rights Reserved.



connect_hw_server: Time (s): cpu = 00:00:01 ; elapsed = 00:00:05 . Memory (MB): peak = 1812.750 ; gain = 0.000
open_hw_target
INFO: [Labtoolstcl 44-466] Opening hw_target localhost:3121/xilinx_tcf/Digilent/210251A08870
set_property PROGRAM.FILE {D:/WorkStations/ASIC/Whac-A-Mole/sim/FINAL1/FINAL1.runs/impl_1/TOP.bit} [get_hw_devices xc7z010_1]
current_hw_device [get_hw_devices xc7z010_1]
refresh_hw_device -update_hw_probes false [lindex [get_hw_devices xc7z010_1] 0]
INFO: [Labtools 27-1434] Device xc7z010 (JTAG device index = 1) is programmed with a design that has no supported debug core(s) in it.
set_property PROBES.FILE {} [get_hw_devices xc7z010_1]
set_property FULL_PROBES.FILE {} [get_hw_devices xc7z010_1]
set_property PROGRAM.FILE {D:/WorkStations/ASIC/Whac-A-Mole/sim/FINAL1/FINAL1.runs/impl_1/TOP.bit} [get_hw_devices xc7z010_1]
program_hw_devices [get_hw_devices xc7z010_1]
INFO: [Labtools 27-3164] End of startup status: HIGH
refresh_hw_device [lindex [get_hw_devices xc7z010_1] 0]
INFO: [Labtools 27-1434] Device xc7z010 (JTAG device index = 1) is programmed with a design that has no supported debug core(s) in it.
reset_run synth_1
INFO: [Project 1-1161] Replacing file D:/WorkStations/ASIC/Whac-A-Mole/sim/FINAL1/FINAL1.srcs/utils_1/imports/synth_1/TOP.dcp with file D:/WorkStations/ASIC/Whac-A-Mole/sim/FINAL1/FINAL1.runs/synth_1/TOP.dcp
WARNING: [Vivado 12-1017] Problems encountered:
1. Failed to delete one or more files in run directory D:/WorkStations/ASIC/Whac-A-Mole/sim/FINAL1/FINAL1.runs/synth_1

launch_runs impl_1 -to_step write_bitstream -jobs 10
[Sat May  3 14:58:48 2025] Launched synth_1...
Run output will be captured here: D:/WorkStations/ASIC/Whac-A-Mole/sim/FINAL1/FINAL1.runs/synth_1/runme.log
[Sat May  3 14:58:48 2025] Launched impl_1...
Run output will be captured here: D:/WorkStations/ASIC/Whac-A-Mole/sim/FINAL1/FINAL1.runs/impl_1/runme.log
set_property PROBES.FILE {} [get_hw_devices xc7z010_1]
set_property FULL_PROBES.FILE {} [get_hw_devices xc7z010_1]
set_property PROGRAM.FILE {D:/WorkStations/ASIC/Whac-A-Mole/sim/FINAL1/FINAL1.runs/impl_1/TOP.bit} [get_hw_devices xc7z010_1]
program_hw_devices [get_hw_devices xc7z010_1]
INFO: [Labtools 27-3164] End of startup status: HIGH
refresh_hw_device [lindex [get_hw_devices xc7z010_1] 0]
INFO: [Labtools 27-1434] Device xc7z010 (JTAG device index = 1) is programmed with a design that has no supported debug core(s) in it.
update_compile_order -fileset sources_1
reset_run synth_1
INFO: [Project 1-1161] Replacing file D:/WorkStations/ASIC/Whac-A-Mole/sim/FINAL1/FINAL1.srcs/utils_1/imports/synth_1/TOP.dcp with file D:/WorkStations/ASIC/Whac-A-Mole/sim/FINAL1/FINAL1.runs/synth_1/TOP.dcp
WARNING: [Vivado 12-1017] Problems encountered:
1. Failed to delete one or more files in run directory D:/WorkStations/ASIC/Whac-A-Mole/sim/FINAL1/FINAL1.runs/synth_1

launch_runs impl_1 -to_step write_bitstream -jobs 10
[Sat May  3 15:02:37 2025] Launched synth_1...
Run output will be captured here: D:/WorkStations/ASIC/Whac-A-Mole/sim/FINAL1/FINAL1.runs/synth_1/runme.log
[Sat May  3 15:02:37 2025] Launched impl_1...
Run output will be captured here: D:/WorkStations/ASIC/Whac-A-Mole/sim/FINAL1/FINAL1.runs/impl_1/runme.log
set_property PROBES.FILE {} [get_hw_devices xc7z010_1]
set_property FULL_PROBES.FILE {} [get_hw_devices xc7z010_1]
set_property PROGRAM.FILE {D:/WorkStations/ASIC/Whac-A-Mole/sim/FINAL1/FINAL1.runs/impl_1/TOP.bit} [get_hw_devices xc7z010_1]
program_hw_devices [get_hw_devices xc7z010_1]
INFO: [Labtools 27-3164] End of startup status: HIGH
refresh_hw_device [lindex [get_hw_devices xc7z010_1] 0]
INFO: [Labtools 27-1434] Device xc7z010 (JTAG device index = 1) is programmed with a design that has no supported debug core(s) in it.
reset_run synth_1
INFO: [Project 1-1161] Replacing file D:/WorkStations/ASIC/Whac-A-Mole/sim/FINAL1/FINAL1.srcs/utils_1/imports/synth_1/TOP.dcp with file D:/WorkStations/ASIC/Whac-A-Mole/sim/FINAL1/FINAL1.runs/synth_1/TOP.dcp
WARNING: [Vivado 12-1017] Problems encountered:
1. Failed to delete one or more files in run directory D:/WorkStations/ASIC/Whac-A-Mole/sim/FINAL1/FINAL1.runs/synth_1

launch_runs impl_1 -to_step write_bitstream -jobs 10
[Sat May  3 15:10:42 2025] Launched synth_1...
Run output will be captured here: D:/WorkStations/ASIC/Whac-A-Mole/sim/FINAL1/FINAL1.runs/synth_1/runme.log
[Sat May  3 15:10:42 2025] Launched impl_1...
Run output will be captured here: D:/WorkStations/ASIC/Whac-A-Mole/sim/FINAL1/FINAL1.runs/impl_1/runme.log
set_property PROBES.FILE {} [get_hw_devices xc7z010_1]
set_property FULL_PROBES.FILE {} [get_hw_devices xc7z010_1]
set_property PROGRAM.FILE {D:/WorkStations/ASIC/Whac-A-Mole/sim/FINAL1/FINAL1.runs/impl_1/TOP.bit} [get_hw_devices xc7z010_1]
program_hw_devices [get_hw_devices xc7z010_1]
INFO: [Labtools 27-3164] End of startup status: HIGH
refresh_hw_device [lindex [get_hw_devices xc7z010_1] 0]
INFO: [Labtools 27-1434] Device xc7z010 (JTAG device index = 1) is programmed with a design that has no supported debug core(s) in it.
update_compile_order -fileset sources_1
update_compile_order -fileset sources_1
reset_run synth_1
INFO: [Project 1-1161] Replacing file D:/WorkStations/ASIC/Whac-A-Mole/sim/FINAL1/FINAL1.srcs/utils_1/imports/synth_1/TOP.dcp with file D:/WorkStations/ASIC/Whac-A-Mole/sim/FINAL1/FINAL1.runs/synth_1/TOP.dcp
WARNING: [Vivado 12-1017] Problems encountered:
1. Failed to delete one or more files in run directory D:/WorkStations/ASIC/Whac-A-Mole/sim/FINAL1/FINAL1.runs/synth_1

launch_runs impl_1 -to_step write_bitstream -jobs 10
[Sat May  3 15:26:04 2025] Launched synth_1...
Run output will be captured here: D:/WorkStations/ASIC/Whac-A-Mole/sim/FINAL1/FINAL1.runs/synth_1/runme.log
[Sat May  3 15:26:04 2025] Launched impl_1...
Run output will be captured here: D:/WorkStations/ASIC/Whac-A-Mole/sim/FINAL1/FINAL1.runs/impl_1/runme.log
reset_run synth_1
WARNING: [Vivado 12-1017] Problems encountered:
1. Failed to delete one or more files in run directory D:/WorkStations/ASIC/Whac-A-Mole/sim/FINAL1/FINAL1.runs/synth_1

launch_runs impl_1 -to_step write_bitstream -jobs 10
[Sat May  3 15:29:52 2025] Launched synth_1...
Run output will be captured here: D:/WorkStations/ASIC/Whac-A-Mole/sim/FINAL1/FINAL1.runs/synth_1/runme.log
[Sat May  3 15:29:52 2025] Launched impl_1...
Run output will be captured here: D:/WorkStations/ASIC/Whac-A-Mole/sim/FINAL1/FINAL1.runs/impl_1/runme.log
reset_run synth_1
WARNING: [Vivado 12-1017] Problems encountered:
1. Failed to delete one or more files in run directory D:/WorkStations/ASIC/Whac-A-Mole/sim/FINAL1/FINAL1.runs/synth_1

launch_runs impl_1 -to_step write_bitstream -jobs 10
[Sat May  3 15:35:40 2025] Launched synth_1...
Run output will be captured here: D:/WorkStations/ASIC/Whac-A-Mole/sim/FINAL1/FINAL1.runs/synth_1/runme.log
[Sat May  3 15:35:40 2025] Launched impl_1...
Run output will be captured here: D:/WorkStations/ASIC/Whac-A-Mole/sim/FINAL1/FINAL1.runs/impl_1/runme.log
set_property PROBES.FILE {} [get_hw_devices xc7z010_1]
set_property FULL_PROBES.FILE {} [get_hw_devices xc7z010_1]
set_property PROGRAM.FILE {D:/WorkStations/ASIC/Whac-A-Mole/sim/FINAL1/FINAL1.runs/impl_1/TOP.bit} [get_hw_devices xc7z010_1]
program_hw_devices [get_hw_devices xc7z010_1]
INFO: [Labtools 27-3164] End of startup status: HIGH
refresh_hw_device [lindex [get_hw_devices xc7z010_1] 0]
INFO: [Labtools 27-1434] Device xc7z010 (JTAG device index = 1) is programmed with a design that has no supported debug core(s) in it.
set_property PROBES.FILE {} [get_hw_devices xc7z010_1]
set_property FULL_PROBES.FILE {} [get_hw_devices xc7z010_1]
set_property PROGRAM.FILE {D:/WorkStations/ASIC/Whac-A-Mole/sim/FINAL1/FINAL1.runs/impl_1/TOP.bit} [get_hw_devices xc7z010_1]
program_hw_devices [get_hw_devices xc7z010_1]
INFO: [Labtools 27-3164] End of startup status: HIGH
refresh_hw_device [lindex [get_hw_devices xc7z010_1] 0]
INFO: [Labtools 27-1434] Device xc7z010 (JTAG device index = 1) is programmed with a design that has no supported debug core(s) in it.
reset_run synth_1
INFO: [Project 1-1161] Replacing file D:/WorkStations/ASIC/Whac-A-Mole/sim/FINAL1/FINAL1.srcs/utils_1/imports/synth_1/TOP.dcp with file D:/WorkStations/ASIC/Whac-A-Mole/sim/FINAL1/FINAL1.runs/synth_1/TOP.dcp
WARNING: [Vivado 12-1017] Problems encountered:
1. Failed to delete one or more files in run directory D:/WorkStations/ASIC/Whac-A-Mole/sim/FINAL1/FINAL1.runs/synth_1

launch_runs impl_1 -to_step write_bitstream -jobs 10
[Sat May  3 15:44:32 2025] Launched synth_1...
Run output will be captured here: D:/WorkStations/ASIC/Whac-A-Mole/sim/FINAL1/FINAL1.runs/synth_1/runme.log
[Sat May  3 15:44:32 2025] Launched impl_1...
Run output will be captured here: D:/WorkStations/ASIC/Whac-A-Mole/sim/FINAL1/FINAL1.runs/impl_1/runme.log
set_property PROBES.FILE {} [get_hw_devices xc7z010_1]
set_property FULL_PROBES.FILE {} [get_hw_devices xc7z010_1]
set_property PROGRAM.FILE {D:/WorkStations/ASIC/Whac-A-Mole/sim/FINAL1/FINAL1.runs/impl_1/TOP.bit} [get_hw_devices xc7z010_1]
program_hw_devices [get_hw_devices xc7z010_1]
INFO: [Labtools 27-3164] End of startup status: HIGH
refresh_hw_device [lindex [get_hw_devices xc7z010_1] 0]
INFO: [Labtools 27-1434] Device xc7z010 (JTAG device index = 1) is programmed with a design that has no supported debug core(s) in it.
exit
INFO: [Common 17-206] Exiting Vivado at Sat May  3 17:34:18 2025...
