#-----------------------------------------------------------
# Vivado v2024.2 (64-bit)
# SW Build 5239630 on Fri Nov 08 22:35:27 MST 2024
# IP Build 5239520 on Sun Nov 10 16:12:51 MST 2024
# SharedData Build 5239561 on Fri Nov 08 14:39:27 MST 2024
# Start of session at: Tue May  6 22:19:19 2025
# Process ID         : 32072
# Current directory  : D:/WorkStations/ASIC/Whac-A-Mole/sim/FINAL1
# Command line       : vivado.exe -gui_launcher_event rodinguilauncherevent12932 D:\WorkStations\ASIC\Whac-A-Mole\sim\FINAL1\FINAL1.xpr
# Log file           : D:/WorkStations/ASIC/Whac-A-Mole/sim/FINAL1/vivado.log
# Journal file       : D:/WorkStations/ASIC/Whac-A-Mole/sim/FINAL1\vivado.jou
# Running On         : cosmos
# Platform           : Windows Server 2016 or Windows 10
# Operating System   : 26100
# Processor Detail   : 12th Gen Intel(R) Core(TM) i7-12700H
# CPU Frequency      : 2688 MHz
# CPU Physical cores : 14
# CPU Logical cores  : 20
# Host memory        : 16781 MB
# Swap memory        : 13980 MB
# Total Virtual      : 30762 MB
# Available Virtual  : 5561 MB
#-----------------------------------------------------------
start_gui
open_project D:/WorkStations/ASIC/Whac-A-Mole/sim/FINAL1/FINAL1.xpr
CRITICAL WARNING: [Project 1-19] Could not find the file 'D:/WorkStations/ASIC/Whac-A-Mole/src/includes/PARAM.vh'.
CRITICAL WARNING: [Project 1-19] Could not find the file 'D:/WorkStations/ASIC/Whac-A-Mole/src/GAME_CONTROLLER.v'.
CRITICAL WARNING: [Project 1-19] Could not find the file 'D:/WorkStations/ASIC/Whac-A-Mole/src/MOLE.v'.
CRITICAL WARNING: [Project 1-19] Could not find the file 'D:/WorkStations/ASIC/Whac-A-Mole/src/OVERALL_FSM.v'.
CRITICAL WARNING: [Project 1-19] Could not find the file 'D:/WorkStations/ASIC/Whac-A-Mole/src/PRNG.v'.
CRITICAL WARNING: [Project 1-19] Could not find the file 'D:/WorkStations/ASIC/Whac-A-Mole/src/lcd/clk_div.v'.
CRITICAL WARNING: [Project 1-19] Could not find the file 'D:/WorkStations/ASIC/Whac-A-Mole/src/touch/i2c_dri_m.v'.
CRITICAL WARNING: [Project 1-19] Could not find the file 'D:/WorkStations/ASIC/Whac-A-Mole/src/lcd/lcd_display.v'.
CRITICAL WARNING: [Project 1-19] Could not find the file 'D:/WorkStations/ASIC/Whac-A-Mole/src/lcd/lcd_driver.v'.
CRITICAL WARNING: [Project 1-19] Could not find the file 'D:/WorkStations/ASIC/Whac-A-Mole/src/lcd/lcd_rgb_char.v'.
CRITICAL WARNING: [Project 1-19] Could not find the file 'D:/WorkStations/ASIC/Whac-A-Mole/src/lcd/rd_id.v'.
CRITICAL WARNING: [Project 1-19] Could not find the file 'D:/WorkStations/ASIC/Whac-A-Mole/src/touch/touch_dri.v'.
CRITICAL WARNING: [Project 1-19] Could not find the file 'D:/WorkStations/ASIC/Whac-A-Mole/src/touch/touch_top.v'.
Scanning sources...
Finished scanning sources
INFO: [IP_Flow 19-234] Refreshing IP repositories
INFO: [IP_Flow 19-1704] No user IP repositories specified
INFO: [IP_Flow 19-2313] Loaded Vivado IP repository 'E:/Apps/Manual/Vivado/Vivado/2024.2/data/ip'.
exit
INFO: [Common 17-206] Exiting Vivado at Tue May  6 22:19:40 2025...
