#-----------------------------------------------------------
# Vivado v2024.2 (64-bit)
# SW Build 5239630 on Fri Nov 08 22:35:27 MST 2024
# IP Build 5239520 on Sun Nov 10 16:12:51 MST 2024
# SharedData Build 5239561 on Fri Nov 08 14:39:27 MST 2024
# Start of session at: Sat May  3 14:15:19 2025
# Process ID         : 33400
# Current directory  : D:/WorkStations/ASIC/Whac-A-Mole/sim/FINAL1
# Command line       : vivado.exe -gui_launcher_event rodinguilauncherevent15452 D:\WorkStations\ASIC\Whac-A-Mole\sim\FINAL1\FINAL1.xpr
# Log file           : D:/WorkStations/ASIC/Whac-A-Mole/sim/FINAL1/vivado.log
# Journal file       : D:/WorkStations/ASIC/Whac-A-Mole/sim/FINAL1\vivado.jou
# Running On         : cosmos
# Platform           : Windows Server 2016 or Windows 10
# Operating System   : 26100
# Processor Detail   : 12th Gen Intel(R) Core(TM) i7-12700H
# CPU Frequency      : 2688 MHz
# CPU Physical cores : 14
# CPU Logical cores  : 20
# Host memory        : 16781 MB
# Swap memory        : 11274 MB
# Total Virtual      : 28056 MB
# Available Virtual  : 8288 MB
#-----------------------------------------------------------
start_gui
open_project D:/WorkStations/ASIC/Whac-A-Mole/sim/FINAL1/FINAL1.xpr
INFO: [filemgmt 56-3] Default IP Output Path : Could not find the directory 'D:/WorkStations/ASIC/Whac-A-Mole/sim/FINAL1/FINAL1.gen/sources_1'.
Scanning sources...
Finished scanning sources
INFO: [IP_Flow 19-234] Refreshing IP repositories
INFO: [IP_Flow 19-1704] No user IP repositories specified
INFO: [IP_Flow 19-2313] Loaded Vivado IP repository 'E:/Apps/Manual/Vivado/Vivado/2024.2/data/ip'.
open_project: Time (s): cpu = 00:00:09 ;export_ip_user_files -of_objects  [get_files D:/WorkStations/ASIC/Whac-A-Mole/src/LCD_TOP.v] -no_script -reexit
INFO: [Common 17-206] Exiting Vivado at Sat May  3 14:16:39 2025...
TOP.v
exit
INFO: [Common 17-206] Exiting Vivado at Sat May  3 14:16:36 2025...
