#-----------------------------------------------------------
# Vivado v2024.2 (64-bit)
# SW Build 5239630 on Fri Nov 08 22:35:27 MST 2024
# IP Build 5239520 on Sun Nov 10 16:12:51 MST 2024
# SharedData Build 5239561 on Fri Nov 08 14:39:27 MST 2024
# Start of session at: Sat May  3 23:47:59 2025
# Process ID         : 24324
# Current directory  : D:/WorkStations/ASIC/Whac-A-Mole/sim/FINAL1
# Command line       : vivado.exe -gui_launcher_event rodinguilauncherevent25752 D:\WorkStations\ASIC\Whac-A-Mole\sim\FINAL1\FINAL1.xpr
# Log file           : D:/WorkStations/ASIC/Whac-A-Mole/sim/FINAL1/vivado.log
# Journal file       : D:/WorkStations/ASIC/Whac-A-Mole/sim/FINAL1\vivado.jou
# Running On         : cosmos
# Platform           : Windows Server 2016 or Windows 10
# Operating System   : 26100
# Processor Detail   : 12th Gen Intel(R) Core(TM) i7-12700H
# CPU Frequency      : 2688 MHz
# CPU Physical cores : 14
# CPU Logical cores  : 20
# Host memory        : 16781 MB
# Swap memory        : 12348 MB
# Total Virtual      : 29130 MB
# Available Virtual  : 15522 MB
#-----------------------------------------------------------
start_gui
open_project D:/WorkStations/ASIC/Whac-A-Mole/sim/FINAL1/FINAL1.xpr
Scanning sources...
Finished scanning sources
INFO: [IP_Flow 19-234] Refreshing IP repositories
INFO: [IP_Flow 19-1704] No user IP repositories specified
INFO: [IP_Flow 19-2313] Loaded Vivado IP repository 'E:/Apps/Manual/Vivado/Vivado/2024.2/data/ip'.
update_compile_order -fileset sources_1
reset_run synth_1
INFO: [Project 1-1161] Replacing file D:/WorkStations/ASIC/Whac-A-Mole/sim/FINAL1/FINAL1.srcs/utils_1/imports/synth_1/TOP.dcp with file D:/WorkStations/ASIC/Whac-A-Mole/sim/FINAL1/FINAL1.runs/synth_1/TOP.dcp
launch_runs impl_1 -to_step write_bitstream -jobs 10
[Sat May  3 23:50:17 2025] Launched synth_1...
Run output will be captured here: D:/WorkStations/ASIC/Whac-A-Mole/sim/FINAL1/FINAL1.runs/synth_1/runme.log
[Sat May  3 23:50:17 2025] Launched impl_1...
Run output will be captured here: D:/WorkStations/ASIC/Whac-A-Mole/sim/FINAL1/FINAL1.runs/impl_1/runme.log
reset_run synth_1
launch_runs impl_1 -to_step write_bitstream -jobs 10
[Sat May  3 23:56:34 2025] Launched synth_1...
Run output will be captured here: D:/WorkStations/ASIC/Whac-A-Mole/sim/FINAL1/FINAL1.runs/synth_1/runme.log
[Sat May  3 23:56:34 2025] Launched impl_1...
Run output will be captured here: D:/WorkStations/ASIC/Whac-A-Mole/sim/FINAL1/FINAL1.runs/impl_1/runme.log
reset_run synth_1
launch_runs impl_1 -to_step write_bitstream -jobs 10
[Sat May  3 23:58:07 2025] Launched synth_1...
Run output will be captured here: D:/WorkStations/ASIC/Whac-A-Mole/sim/FINAL1/FINAL1.runs/synth_1/runme.log
[Sat May  3 23:58:07 2025] Launched impl_1...
Run output will be captured here: D:/WorkStations/ASIC/Whac-A-Mole/sim/FINAL1/FINAL1.runs/impl_1/runme.log
open_hw_manager
connect_hw_server -allow_non_jtag
INFO: [Labtools 27-2285] Connecting to hw_server url TCP:localhost:3121
INFO: [Labtools 27-2222] Launching hw_server...
INFO: [Labtools 27-2221] Launch Output:

****** Xilinx hw_server v2024.2
  **** Build date : Oct 29 2024 at 10:25:41
    ** Copyright 1986-2022 Xilinx, Inc. All Rights Reserved.


INFO: [Labtools 27-3415] Connecting to cs_server url TCP:localhost:0
INFO: [Labtools 27-3417] Launching cs_server...
INFO: [Labtools 27-2221] Launch Output:


******** Xilinx cs_server v2024.2.0
  ****** Build date   : Oct 31 2024-02:19:07
    **** Build number : 2024.2.1730312347
      ** Copyright 2017-2022 Xilinx, Inc. All Rights Reserved.
      ** Copyright 2022-2025 Advanced Micro Devices, Inc. All Rights Reserved.



connect_hw_server: Time (s): cpu = 00:00:01 ; elapsed = 00:00:06 . Memory (MB): peak = 1318.930 ; gain = 15.234
open_hw_target
INFO: [Labtoolstcl 44-466] Opening hw_target localhost:3121/xilinx_tcf/Digilent/210251A08870
set_property PROGRAM.FILE {D:/WorkStations/ASIC/Whac-A-Mole/sim/FINAL1/FINAL1.runs/impl_1/TOP.bit} [get_hw_devices xc7z010_1]
current_hw_device [get_hw_devices xc7z010_1]
refresh_hw_device -update_hw_probes false [lindex [get_hw_devices xc7z010_1] 0]
INFO: [Labtools 27-1435] Device xc7z010 (JTAG device index = 1) is not programmed (DONE status = 0).
set_property PROBES.FILE {} [get_hw_devices xc7z010_1]
set_property FULL_PROBES.FILE {} [get_hw_devices xc7z010_1]
set_property PROGRAM.FILE {D:/WorkStations/ASIC/Whac-A-Mole/sim/FINAL1/FINAL1.runs/impl_1/TOP.bit} [get_hw_devices xc7z010_1]
program_hw_devices [get_hw_devices xc7z010_1]
INFO: [Labtools 27-3164] End of startup status: HIGH
refresh_hw_device [lindex [get_hw_devices xc7z010_1] 0]
INFO: [Labtools 27-1434] Device xc7z010 (JTAG device index = 1) is programmed with a design that has no supported debug core(s) in it.
reset_run synth_1
INFO: [Project 1-1161] Replacing file D:/WorkStations/ASIC/Whac-A-Mole/sim/FINAL1/FINAL1.srcs/utils_1/imports/synth_1/TOP.dcp with file D:/WorkStations/ASIC/Whac-A-Mole/sim/FINAL1/FINAL1.runs/synth_1/TOP.dcp
WARNING: [Vivado 12-1017] Problems encountered:
1. Failed to delete one or more files in run directory D:/WorkStations/ASIC/Whac-A-Mole/sim/FINAL1/FINAL1.runs/synth_1

launch_runs impl_1 -to_step write_bitstream -jobs 10
[Sun May  4 00:10:10 2025] Launched synth_1...
Run output will be captured here: D:/WorkStations/ASIC/Whac-A-Mole/sim/FINAL1/FINAL1.runs/synth_1/runme.log
[Sun May  4 00:10:10 2025] Launched impl_1...
Run output will be captured here: D:/WorkStations/ASIC/Whac-A-Mole/sim/FINAL1/FINAL1.runs/impl_1/runme.log
set_property PROBES.FILE {} [get_hw_devices xc7z010_1]
set_property FULL_PROBES.FILE {} [get_hw_devices xc7z010_1]
set_property PROGRAM.FILE {D:/WorkStations/ASIC/Whac-A-Mole/sim/FINAL1/FINAL1.runs/impl_1/TOP.bit} [get_hw_devices xc7z010_1]
program_hw_devices [get_hw_devices xc7z010_1]
INFO: [Labtools 27-3164] End of startup status: HIGH
refresh_hw_device [lindex [get_hw_devices xc7z010_1] 0]
INFO: [Labtools 27-1434] Device xc7z010 (JTAG device index = 1) is programmed with a design that has no supported debug core(s) in it.
ERROR: [Labtoolstcl 44-513] HW Target shutdown. Closing target: localhost:3121/xilinx_tcf/Digilent/210251A08870
exit
INFO: [Common 17-206] Exiting Vivado at Sun May  4 00:17:05 2025...
