#-----------------------------------------------------------
# Vivado v2024.2 (64-bit)
# SW Build 5239630 on Fri Nov 08 22:35:27 MST 2024
# IP Build 5239520 on Sun Nov 10 16:12:51 MST 2024
# SharedData Build 5239561 on Fri Nov 08 14:39:27 MST 2024
# Start of session at: Fri May  2 23:14:26 2025
# Process ID         : 29896
# Current directory  : D:/WorkStations/ASIC/Whac-A-Mole/sim/FSM
# Command line       : vivado.exe -gui_launcher_event rodinguilauncherevent33564 D:\WorkStations\ASIC\Whac-A-Mole\sim\FSM\FSM.xpr
# Log file           : D:/WorkStations/ASIC/Whac-A-Mole/sim/FSM/vivado.log
# Journal file       : D:/WorkStations/ASIC/Whac-A-Mole/sim/FSM\vivado.jou
# Running On         : cosmos
# Platform           : Windows Server 2016 or Windows 10
# Operating System   : 26100
# Processor Detail   : 12th Gen Intel(R) Core(TM) i7-12700H
# CPU Frequency      : 2688 MHz
# CPU Physical cores : 14
# CPU Logical cores  : 20
# Host memory        : 16781 MB
# Swap memory        : 11274 MB
# Total Virtual      : 28056 MB
# Available Virtual  : 5797 MB
#-----------------------------------------------------------
start_gui
open_project D:/WorkStations/ASIC/Whac-A-Mole/sim/FSM/FSM.xpr
INFO: [filemgmt 56-3] Default IP Output Path : Could not find the directory 'D:/WorkStations/ASIC/Whac-A-Mole/sim/FSM/FSM.gen/sources_1'.
Scanning sources...
Finished scanning sources
INFO: [IP_Flow 19-234] Refreshing IP repositories
INFO: [IP_Flow 19-1704] No user IP repositories specified
INFO: [IP_Flow 19-2313] Loaded Vivado IP repository 'E:/Apps/Manual/Vivado/Vivado/2024.2/data/ip'.
open_project: Time (s): cpu = 00:00:11 ; elapsed = 00:00:08 . Memory (MB): peak = 1206.246 ; gain = 78.715
update_compile_order -fileset sources_1
launch_simulation
Command: launch_simulation 
INFO: [Vivado 12-12493] Simulation top is 'OVERALL_FSM_tb'
WARNING: [Vivado 12-13340] Unable to auto find GCC executables from simulator install path! (path not set)
INFO: [Vivado 12-5682] Launching behavioral simulation in 'D:/WorkStations/ASIC/Whac-A-Mole/sim/FSM/FSM.sim/sim_1/behav/xsim'
INFO: [SIM-utils-51] Simulation object is 'sim_1'
INFO: [SIM-utils-72] Using boost library from 'E:/Apps/Manual/Vivado/Vivado/2024.2/tps/boost_1_72_0'
INFO: [SIM-utils-54] Inspecting design source files for 'OVERALL_FSM_tb' in fileset 'sim_1'...
INFO: [USF-XSim-97] Finding global include files...
INFO: [USF-XSim-98] Fetching design files from 'sim_1'...
INFO: [USF-XSim-2] XSim::Compile design
INFO: [USF-XSim-61] Executing 'COMPILE and ANALYZE' step in 'D:/WorkStations/ASIC/Whac-A-Mole/sim/FSM/FSM.sim/sim_1/behav/xsim'
"xvlog --incr --relax -prj OVERALL_FSM_tb_vlog.prj"
INFO: [USF-XSim-69] 'compile' step finished in '1' seconds
INFO: [USF-XSim-3] XSim::Elaborate design
INFO: [USF-XSim-61] Executing 'ELABORATE' step in 'D:/WorkStations/ASIC/Whac-A-Mole/sim/FSM/FSM.sim/sim_1/behav/xsim'
"xelab --incr --debug typical --relax --mt 2 -L xil_defaultlib -L unisims_ver -L unimacro_ver -L secureip --snapshot OVERALL_FSM_tb_behav xil_defaultlib.OVERALL_FSM_tb xil_defaultlib.glbl -log elaborate.log"
Vivado Simulator v2024.2.0
Copyright 1986-2022 Xilinx, Inc. All Rights Reserved.
Copyright 2022-2024 Advanced Micro Devices, Inc. All Rights Reserved.
Running: E:/Apps/Manual/Vivado/Vivado/2024.2/bin/unwrapped/win64.o/xelab.exe --incr --debug typical --relax --mt 2 -L xil_defaultlib -L unisims_ver -L unimacro_ver -L secureip --snapshot OVERALL_FSM_tb_behav xil_defaultlib.OVERALL_FSM_tb xil_defaultlib.glbl -log elaborate.log 
Using 2 slave threads.
Starting static elaboration
Pass Through NonSizing Optimizer
WARNING: [VRFC 10-3091] actual bit length 16 differs from formal bit length 20 for port 'moles' [D:/WorkStations/ASIC/Whac-A-Mole/src/GAME_CONTROLLER.v:133]
Completed static elaboration
INFO: [XSIM 43-4323] No Change in HDL. Linking previously generated obj files to create kernel
INFO: [USF-XSim-69] 'elaborate' step finished in '2' seconds
INFO: [USF-XSim-4] XSim::Simulate design
INFO: [USF-XSim-61] Executing 'SIMULATE' step in 'D:/WorkStations/ASIC/Whac-A-Mole/sim/FSM/FSM.sim/sim_1/behav/xsim'
INFO: [USF-XSim-98] *** Running xsim
   with args "OVERALL_FSM_tb_behav -key {Behavioral:sim_1:Functional:OVERALL_FSM_tb} -tclbatch {OVERALL_FSM_tb.tcl} -view {D:/WorkStations/ASIC/Whac-A-Mole/sim/FSM/OVERALL_FSM_tb_behav.wcfg} -log {simulate.log}"
INFO: [USF-XSim-8] Loading simulator feature
Time resolution is 1 ps
open_wave_config D:/WorkStations/ASIC/Whac-A-Mole/sim/FSM/OVERALL_FSM_tb_behav.wcfg
source OVERALL_FSM_tb.tcl
# set curr_wave [current_wave_config]
# if { [string length $curr_wave] == 0 } {
#   if { [llength [get_objects]] > 0} {
#     add_wave /
#     set_property needs_save false [current_wave_config]
#   } else {
#      send_msg_id Add_Wave-1 WARNING "No top level signals found. Simulator will start without a wave window. If you want to open a wave window go to 'File->New Waveform Configuration' or type 'create_wave_config' in the TCL console."
#   }
# }
# run 1000ns
Time: 0 | State: 00 | Score:    0 | Level:  1 | Life Span:         60 | Gen Interval:         60
Time: 15000 | State: xx | Score:    0 | Level:  1 | Life Span:         60 | Gen Interval:         60
Time: 25000 | State: 00 | Score:    0 | Level:  1 | Life Span:         60 | Gen Interval:         60
Time: 35000 | State: 01 | Score:    0 | Level:  1 | Life Span:         60 | Gen Interval:         60
$finish called at time : 130 ns : File "D:/WorkStations/ASIC/Whac-A-Mole/tb/OVERALL_FSM_tb.v" Line 91
INFO: [USF-XSim-96] XSim completed. Design snapshot 'OVERALL_FSM_tb_behav' loaded.
INFO: [USF-XSim-97] XSim simulation ran for 1000ns
launch_simulation: Time (s): cpu = 00:00:04 ; elapsed = 00:00:06 . Memory (MB): peak = 1273.906 ; gain = 25.516
run all
Time: 7375000 | State: 01 | Score:    0 | Level:  2 | Life Span:         40 | Gen Interval:         40
Time: 7785000 | State: 10 | Score:    0 | Level:  1 | Life Span:         60 | Gen Interval:         60
Time: 7795000 | State: 00 | Score:    0 | Level:  1 | Life Span:         60 | Gen Interval:         60
relaunch_sim
Command: launch_simulation -step compile -simset sim_1 -mode behavioral
INFO: [Vivado 12-12493] Simulation top is 'OVERALL_FSM_tb'
WARNING: [Vivado 12-13340] Unable to auto find GCC executables from simulator install path! (path not set)
INFO: [Vivado 12-5682] Launching behavioral simulation in 'D:/WorkStations/ASIC/Whac-A-Mole/sim/FSM/FSM.sim/sim_1/behav/xsim'
INFO: [SIM-utils-51] Simulation object is 'sim_1'
INFO: [SIM-utils-72] Using boost library from 'E:/Apps/Manual/Vivado/Vivado/2024.2/tps/boost_1_72_0'
INFO: [SIM-utils-54] Inspecting design source files for 'OVERALL_FSM_tb' in fileset 'sim_1'...
INFO: [USF-XSim-97] Finding global include files...
INFO: [USF-XSim-98] Fetching design files from 'sim_1'...
INFO: [USF-XSim-2] XSim::Compile design
INFO: [USF-XSim-61] Executing 'COMPILE and ANALYZE' step in 'D:/WorkStations/ASIC/Whac-A-Mole/sim/FSM/FSM.sim/sim_1/behav/xsim'
"xvlog --incr --relax -prj OVERALL_FSM_tb_vlog.prj"
INFO: [USF-XSim-69] 'compile' step finished in '1' seconds
Command: launch_simulation -step elaborate -simset sim_1 -mode behavioral
INFO: [Vivado 12-12493] Simulation top is 'OVERALL_FSM_tb'
WARNING: [Vivado 12-13340] Unable to auto find GCC executables from simulator install path! (path not set)
INFO: [Vivado 12-5682] Launching behavioral simulation in 'D:/WorkStations/ASIC/Whac-A-Mole/sim/FSM/FSM.sim/sim_1/behav/xsim'
INFO: [SIM-utils-51] Simulation object is 'sim_1'
INFO: [USF-XSim-3] XSim::Elaborate design
INFO: [USF-XSim-61] Executing 'ELABORATE' step in 'D:/WorkStations/ASIC/Whac-A-Mole/sim/FSM/FSM.sim/sim_1/behav/xsim'
"xelab --incr --debug typical --relax --mt 2 -L xil_defaultlib -L unisims_ver -L unimacro_ver -L secureip --snapshot OVERALL_FSM_tb_behav xil_defaultlib.OVERALL_FSM_tb xil_defaultlib.glbl -log elaborate.log"
Vivado Simulator v2024.2.0
Copyright 1986-2022 Xilinx, Inc. All Rights Reserved.
Copyright 2022-2024 Advanced Micro Devices, Inc. All Rights Reserved.
Running: E:/Apps/Manual/Vivado/Vivado/2024.2/bin/unwrapped/win64.o/xelab.exe --incr --debug typical --relax --mt 2 -L xil_defaultlib -L unisims_ver -L unimacro_ver -L secureip --snapshot OVERALL_FSM_tb_behav xil_defaultlib.OVERALL_FSM_tb xil_defaultlib.glbl -log elaborate.log 
Using 2 slave threads.
Starting static elaboration
Pass Through NonSizing Optimizer
WARNING: [VRFC 10-3091] actual bit length 16 differs from formal bit length 20 for port 'moles' [D:/WorkStations/ASIC/Whac-A-Mole/src/GAME_CONTROLLER.v:133]
Completed static elaboration
INFO: [XSIM 43-4323] No Change in HDL. Linking previously generated obj files to create kernel
INFO: [USF-XSim-69] 'elaborate' step finished in '1' seconds
Time resolution is 1 ps
Time: 0 | State: 00 | Score:    0 | Level:  1 | Life Span:         60 | Gen Interval:         60
Time: 15000 | State: xx | Score:    0 | Level:  1 | Life Span:         60 | Gen Interval:         60
Time: 25000 | State: 00 | Score:    0 | Level:  1 | Life Span:         60 | Gen Interval:         60
Time: 35000 | State: 01 | Score:    0 | Level:  1 | Life Span:         60 | Gen Interval:         60
$finish called at time : 130 ns : File "D:/WorkStations/ASIC/Whac-A-Mole/tb/OVERALL_FSM_tb.v" Line 91
run all
Time: 7375000 | State: 01 | Score:    0 | Level:  2 | Life Span:         40 | Gen Interval:         40
Time: 7785000 | State: 10 | Score:    0 | Level:  1 | Life Span:         60 | Gen Interval:         60
Time: 7795000 | State: 00 | Score:    0 | Level:  1 | Life Span:         60 | Gen Interval:         60
relaunch_sim
Command: launch_simulation -step compile -simset sim_1 -mode behavioral
INFO: [Vivado 12-12493] Simulation top is 'OVERALL_FSM_tb'
WARNING: [Vivado 12-13340] Unable to auto find GCC executables from simulator install path! (path not set)
INFO: [Vivado 12-5682] Launching behavioral simulation in 'D:/WorkStations/ASIC/Whac-A-Mole/sim/FSM/FSM.sim/sim_1/behav/xsim'
INFO: [SIM-utils-51] Simulation object is 'sim_1'
INFO: [USF-XSim-2] XSim::Compile design
INFO: [USF-XSim-61] Executing 'COMPILE and ANALYZE' step in 'D:/WorkStations/ASIC/Whac-A-Mole/sim/FSM/FSM.sim/sim_1/behav/xsim'
"xvlog --incr --relax -prj OVERALL_FSM_tb_vlog.prj"
INFO: [VRFC 10-2263] Analyzing Verilog file "D:/WorkStations/ASIC/Whac-A-Mole/src/GAME_CONTROLLER.v" into library xil_defaultlib
INFO: [VRFC 10-311] analyzing module GAME_CONTROLLER
INFO: [VRFC 10-2263] Analyzing Verilog file "D:/WorkStations/ASIC/Whac-A-Mole/src/MOLE.v" into library xil_defaultlib
INFO: [VRFC 10-311] analyzing module MOLE
INFO: [VRFC 10-2263] Analyzing Verilog file "D:/WorkStations/ASIC/Whac-A-Mole/src/OVERALL_FSM.v" into library xil_defaultlib
INFO: [VRFC 10-311] analyzing module OVERALL_FSM
INFO: [VRFC 10-2263] Analyzing Verilog file "D:/WorkStations/ASIC/Whac-A-Mole/src/PRNG.v" into library xil_defaultlib
INFO: [VRFC 10-311] analyzing module PRNG
INFO: [VRFC 10-2263] Analyzing Verilog file "D:/WorkStations/ASIC/Whac-A-Mole/tb/OVERALL_FSM_tb.v" into library xil_defaultlib
INFO: [VRFC 10-311] analyzing module OVERALL_FSM_tb
INFO: [USF-XSim-69] 'compile' step finished in '1' seconds
Command: launch_simulation -step elaborate -simset sim_1 -mode behavioral
INFO: [Vivado 12-12493] Simulation top is 'OVERALL_FSM_tb'
WARNING: [Vivado 12-13340] Unable to auto find GCC executables from simulator install path! (path not set)
INFO: [Vivado 12-5682] Launching behavioral simulation in 'D:/WorkStations/ASIC/Whac-A-Mole/sim/FSM/FSM.sim/sim_1/behav/xsim'
INFO: [SIM-utils-51] Simulation object is 'sim_1'
INFO: [USF-XSim-3] XSim::Elaborate design
INFO: [USF-XSim-61] Executing 'ELABORATE' step in 'D:/WorkStations/ASIC/Whac-A-Mole/sim/FSM/FSM.sim/sim_1/behav/xsim'
"xelab --incr --debug typical --relax --mt 2 -L xil_defaultlib -L unisims_ver -L unimacro_ver -L secureip --snapshot OVERALL_FSM_tb_behav xil_defaultlib.OVERALL_FSM_tb xil_defaultlib.glbl -log elaborate.log"
Vivado Simulator v2024.2.0
Copyright 1986-2022 Xilinx, Inc. All Rights Reserved.
Copyright 2022-2024 Advanced Micro Devices, Inc. All Rights Reserved.
Running: E:/Apps/Manual/Vivado/Vivado/2024.2/bin/unwrapped/win64.o/xelab.exe --incr --debug typical --relax --mt 2 -L xil_defaultlib -L unisims_ver -L unimacro_ver -L secureip --snapshot OVERALL_FSM_tb_behav xil_defaultlib.OVERALL_FSM_tb xil_defaultlib.glbl -log elaborate.log 
Using 2 slave threads.
Starting static elaboration
Pass Through NonSizing Optimizer
Completed static elaboration
Starting simulation data flow analysis
WARNING: [XSIM 43-4099] "D:/WorkStations/ASIC/Whac-A-Mole/src/OVERALL_FSM.v" Line 2. Module OVERALL_FSM doesn't have a timescale but at least one module in design has a timescale.
WARNING: [XSIM 43-4099] "D:/WorkStations/ASIC/Whac-A-Mole/src/GAME_CONTROLLER.v" Line 2. Module GAME_CONTROLLER doesn't have a timescale but at least one module in design has a timescale.
WARNING: [XSIM 43-4099] "D:/WorkStations/ASIC/Whac-A-Mole/src/MOLE.v" Line 2. Module MOLE doesn't have a timescale but at least one module in design has a timescale.
WARNING: [XSIM 43-4099] "D:/WorkStations/ASIC/Whac-A-Mole/src/PRNG.v" Line 2. Module PRNG doesn't have a timescale but at least one module in design has a timescale.
WARNING: [XSIM 43-4099] "D:/WorkStations/ASIC/Whac-A-Mole/src/OVERALL_FSM.v" Line 2. Module OVERALL_FSM doesn't have a timescale but at least one module in design has a timescale.
WARNING: [XSIM 43-4099] "D:/WorkStations/ASIC/Whac-A-Mole/src/GAME_CONTROLLER.v" Line 2. Module GAME_CONTROLLER doesn't have a timescale but at least one module in design has a timescale.
WARNING: [XSIM 43-4099] "D:/WorkStations/ASIC/Whac-A-Mole/src/MOLE.v" Line 2. Module MOLE doesn't have a timescale but at least one module in design has a timescale.
WARNING: [XSIM 43-4099] "D:/WorkStations/ASIC/Whac-A-Mole/src/PRNG.v" Line 2. Module PRNG doesn't have a timescale but at least one module in design has a timescale.
Completed simulation data flow analysis
Time Resolution for simulation is 1ps
Compiling module xil_defaultlib.PRNG
Compiling module xil_defaultlib.MOLE
Compiling module xil_defaultlib.GAME_CONTROLLER
Compiling module xil_defaultlib.OVERALL_FSM
Compiling module xil_defaultlib.OVERALL_FSM_tb
Compiling module xil_defaultlib.glbl
Built simulation snapshot OVERALL_FSM_tb_behav
INFO: [USF-XSim-69] 'elaborate' step finished in '3' seconds
Time resolution is 1 ps
Time: 0 | State: 00 | Score:    0 | Level:  1 | Life Span:         60 | Gen Interval:         60
Time: 15000 | State: xx | Score:    0 | Level:  1 | Life Span:         60 | Gen Interval:         60
Time: 25000 | State: 00 | Score:    0 | Level:  1 | Life Span:         60 | Gen Interval:         60
Time: 35000 | State: 01 | Score:    0 | Level:  1 | Life Span:         60 | Gen Interval:         60
$finish called at time : 130 ns : File "D:/WorkStations/ASIC/Whac-A-Mole/tb/OVERALL_FSM_tb.v" Line 91
relaunch_sim: Time (s): cpu = 00:00:05 ; elapsed = 00:00:06 . Memory (MB): peak = 2344.957 ; gain = 0.000
run all
Time: 7375000 | State: 01 | Score:    0 | Level:  2 | Life Span:         40 | Gen Interval:         40
Time: 7785000 | State: 10 | Score:    0 | Level:  1 | Life Span:         60 | Gen Interval:         60
Time: 7795000 | State: 00 | Score:    0 | Level:  1 | Life Span:         60 | Gen Interval:         60
relaunch_sim
Command: launch_simulation -step compile -simset sim_1 -mode behavioral
INFO: [Vivado 12-12493] Simulation top is 'OVERALL_FSM_tb'
WARNING: [Vivado 12-13340] Unable to auto find GCC executables from simulator install path! (path not set)
INFO: [Vivado 12-5682] Launching behavioral simulation in 'D:/WorkStations/ASIC/Whac-A-Mole/sim/FSM/FSM.sim/sim_1/behav/xsim'
INFO: [SIM-utils-51] Simulation object is 'sim_1'
INFO: [USF-XSim-2] XSim::Compile design
INFO: [USF-XSim-61] Executing 'COMPILE and ANALYZE' step in 'D:/WorkStations/ASIC/Whac-A-Mole/sim/FSM/FSM.sim/sim_1/behav/xsim'
"xvlog --incr --relax -prj OVERALL_FSM_tb_vlog.prj"
INFO: [USF-XSim-69] 'compile' step finished in '1' seconds
Command: launch_simulation -step elaborate -simset sim_1 -mode behavioral
INFO: [Vivado 12-12493] Simulation top is 'OVERALL_FSM_tb'
WARNING: [Vivado 12-13340] Unable to auto find GCC executables from simulator install path! (path not set)
INFO: [Vivado 12-5682] Launching behavioral simulation in 'D:/WorkStations/ASIC/Whac-A-Mole/sim/FSM/FSM.sim/sim_1/behav/xsim'
INFO: [SIM-utils-51] Simulation object is 'sim_1'
INFO: [USF-XSim-3] XSim::Elaborate design
INFO: [USF-XSim-61] Executing 'ELABORATE' step in 'D:/WorkStations/ASIC/Whac-A-Mole/sim/FSM/FSM.sim/sim_1/behav/xsim'
"xelab --incr --debug typical --relax --mt 2 -L xil_defaultlib -L unisims_ver -L unimacro_ver -L secureip --snapshot OVERALL_FSM_tb_behav xil_defaultlib.OVERALL_FSM_tb xil_defaultlib.glbl -log elaborate.log"
Vivado Simulator v2024.2.0
Copyright 1986-2022 Xilinx, Inc. All Rights Reserved.
Copyright 2022-2024 Advanced Micro Devices, Inc. All Rights Reserved.
Running: E:/Apps/Manual/Vivado/Vivado/2024.2/bin/unwrapped/win64.o/xelab.exe --incr --debug typical --relax --mt 2 -L xil_defaultlib -L unisims_ver -L unimacro_ver -L secureip --snapshot OVERALL_FSM_tb_behav xil_defaultlib.OVERALL_FSM_tb xil_defaultlib.glbl -log elaborate.log 
Using 2 slave threads.
Starting static elaboration
Pass Through NonSizing Optimizer
Completed static elaboration
INFO: [XSIM 43-4323] No Change in HDL. Linking previously generated obj files to create kernel
INFO: [USF-XSim-69] 'elaborate' step finished in '1' seconds
Time resolution is 1 ps
Time: 0 | State: 00 | Score:    0 | Level:  1 | Life Span:         60 | Gen Interval:         60
Time: 15000 | State: xx | Score:    0 | Level:  1 | Life Span:         60 | Gen Interval:         60
Time: 25000 | State: 00 | Score:    0 | Level:  1 | Life Span:         60 | Gen Interval:         60
Time: 35000 | State: 01 | Score:    0 | Level:  1 | Life Span:         60 | Gen Interval:         60
$finish called at time : 130 ns : File "D:/WorkStations/ASIC/Whac-A-Mole/tb/OVERALL_FSM_tb.v" Line 91
run all
Time: 7375000 | State: 01 | Score:    0 | Level:  2 | Life Span:         40 | Gen Interval:         40
Time: 7785000 | State: 10 | Score:    0 | Level:  1 | Life Span:         60 | Gen Interval:         60
Time: 7795000 | State: 00 | Score:    0 | Level:  1 | Life Span:         60 | Gen Interval:         60
save_wave_config {D:/WorkStations/ASIC/Whac-A-Mole/sim/FSM/OVERALL_FSM_tb_behav.wcfg}
save_wave_config {D:/WorkStations/ASIC/Whac-A-Mole/sim/FSM/OVERALL_FSM_tb_behav.wcfg}
save_wave_config {D:/WorkStations/ASIC/Whac-A-Mole/sim/FSM/OVERALL_FSM_tb_behav.wcfg}
WARNING: [filemgmt 56-199] Attempt to get parsing info during refresh. "On-the-fly" syntax checking information may be incorrect. [D:\WorkStations\ASIC\Whac-A-Mole\tb\OVERALL_FSM_tb.v:]
WARNING: [filemgmt 56-199] Attempt to get parsing info during refresh. "On-the-fly" syntax checking information may be incorrect. [D:\WorkStations\ASIC\Whac-A-Mole\src\GAME_CONTROLLER.v:]
WARNING: [filemgmt 56-199] Attempt to get parsing info during refresh. "On-the-fly" syntax checking information may be incorrect. [D:\WorkStations\ASIC\Whac-A-Mole\src\GAME_CONTROLLER.v:]
WARNING: [filemgmt 56-199] Attempt to get parsing info during refresh. "On-the-fly" syntax checking information may be incorrect. [D:\WorkStations\ASIC\Whac-A-Mole\src\GAME_CONTROLLER.v:]
ERROR: [Common 17-180] Spawn failed: No error
WARNING: [filemgmt 56-199] Attempt to get parsing info during refresh. "On-the-fly" syntax checking information may be incorrect. [D:\WorkStations\ASIC\Whac-A-Mole\tb\OVERALL_FSM_tb.v:]
WARNING: [filemgmt 56-199] Attempt to get parsing info during refresh. "On-the-fly" syntax checking information may be incorrect. [D:\WorkStations\ASIC\Whac-A-Mole\src\GAME_CONTROLLER.v:]
WARNING: [filemgmt 56-199] Attempt to get parsing info during refresh. "On-the-fly" syntax checking information may be incorrect. [D:\WorkStations\ASIC\Whac-A-Mole\src\GAME_CONTROLLER.v:]
WARNING: [filemgmt 56-199] Attempt to get parsing info during refresh. "On-the-fly" syntax checking information may be incorrect. [D:\WorkStations\ASIC\Whac-A-Mole\src\GAME_CONTROLLER.v:]
ERROR: [Common 17-180] Spawn failed: No error
WARNING: [filemgmt 56-199] Attempt to get parsing info during refresh. "On-the-fly" syntax checking information may be incorrect. [D:\WorkStations\ASIC\Whac-A-Mole\tb\OVERALL_FSM_tb.v:]
WARNING: [filemgmt 56-199] Attempt to get parsing info during refresh. "On-the-fly" syntax checking information may be incorrect. [D:\WorkStations\ASIC\Whac-A-Mole\src\GAME_CONTROLLER.v:]
WARNING: [filemgmt 56-199] Attempt to get parsing info during refresh. "On-the-fly" syntax checking information may be incorrect. [D:\WorkStations\ASIC\Whac-A-Mole\src\GAME_CONTROLLER.v:]
WARNING: [filemgmt 56-199] Attempt to get parsing info during refresh. "On-the-fly" syntax checking information may be incorrect. [D:\WorkStations\ASIC\Whac-A-Mole\src\GAME_CONTROLLER.v:]
ERROR: [Common 17-180] Spawn failed: No error
WARNING: [filemgmt 56-199] Attempt to get parsing info during refresh. "On-the-fly" syntax checking information may be incorrect. [D:\WorkStations\ASIC\Whac-A-Mole\tb\OVERALL_FSM_tb.v:]
WARNING: [filemgmt 56-199] Attempt to get parsing info during refresh. "On-the-fly" syntax checking information may be incorrect. [D:\WorkStations\ASIC\Whac-A-Mole\src\GAME_CONTROLLER.v:]
WARNING: [filemgmt 56-199] Attempt to get parsing info during refresh. "On-the-fly" syntax checking information may be incorrect. [D:\WorkStations\ASIC\Whac-A-Mole\tb\OVERALL_FSM_tb.v:]
WARNING: [filemgmt 56-199] Attempt to get parsing info during refresh. "On-the-fly" syntax checking information may be incorrect. [D:\WorkStations\ASIC\Whac-A-Mole\tb\OVERALL_FSM_tb.v:]
ERROR: [Common 17-180] Spawn failed: No error
WARNING: [filemgmt 56-199] Attempt to get parsing info during refresh. "On-the-fly" syntax checking information may be incorrect. [D:\WorkStations\ASIC\Whac-A-Mole\tb\OVERALL_FSM_tb.v:]
WARNING: [filemgmt 56-199] Attempt to get parsing info during refresh. "On-the-fly" syntax checking information may be incorrect. [D:\WorkStations\ASIC\Whac-A-Mole\src\GAME_CONTROLLER.v:]
WARNING: [filemgmt 56-199] Attempt to get parsing info during refresh. "On-the-fly" syntax checking information may be incorrect. [D:\WorkStations\ASIC\Whac-A-Mole\src\GAME_CONTROLLER.v:]
WARNING: [filemgmt 56-199] Attempt to get parsing info during refresh. "On-the-fly" syntax checking information may be incorrect. [D:\WorkStations\ASIC\Whac-A-Mole\src\GAME_CONTROLLER.v:]
ERROR: [Common 17-180] Spawn failed: No error
relaunch_sim
Command: launch_simulation -step compile -simset sim_1 -mode behavioral
INFO: [Vivado 12-12493] Simulation top is 'OVERALL_FSM_tb'
WARNING: [Vivado 12-13340] Unable to auto find GCC executables from simulator install path! (path not set)
INFO: [Vivado 12-5682] Launching behavioral simulation in 'D:/WorkStations/ASIC/Whac-A-Mole/sim/FSM/FSM.sim/sim_1/behav/xsim'
INFO: [SIM-utils-51] Simulation object is 'sim_1'
INFO: [USF-XSim-2] XSim::Compile design
INFO: [USF-XSim-61] Executing 'COMPILE and ANALYZE' step in 'D:/WorkStations/ASIC/Whac-A-Mole/sim/FSM/FSM.sim/sim_1/behav/xsim'
"xvlog --incr --relax -prj OVERALL_FSM_tb_vlog.prj"
INFO: [VRFC 10-2263] Analyzing Verilog file "D:/WorkStations/ASIC/Whac-A-Mole/src/GAME_CONTROLLER.v" into library xil_defaultlib
INFO: [VRFC 10-311] analyzing module GAME_CONTROLLER
INFO: [VRFC 10-2263] Analyzing Verilog file "D:/WorkStations/ASIC/Whac-A-Mole/src/MOLE.v" into library xil_defaultlib
INFO: [VRFC 10-311] analyzing module MOLE
INFO: [VRFC 10-2263] Analyzing Verilog file "D:/WorkStations/ASIC/Whac-A-Mole/src/OVERALL_FSM.v" into library xil_defaultlib
INFO: [VRFC 10-311] analyzing module OVERALL_FSM
INFO: [VRFC 10-2263] Analyzing Verilog file "D:/WorkStations/ASIC/Whac-A-Mole/src/PRNG.v" into library xil_defaultlib
INFO: [VRFC 10-311] analyzing module PRNG
INFO: [VRFC 10-2263] Analyzing Verilog file "D:/WorkStations/ASIC/Whac-A-Mole/tb/OVERALL_FSM_tb.v" into library xil_defaultlib
INFO: [VRFC 10-311] analyzing module OVERALL_FSM_tb
INFO: [USF-XSim-69] 'compile' step finished in '2' seconds
Command: launch_simulation -step elaborate -simset sim_1 -mode behavioral
INFO: [Vivado 12-12493] Simulation top is 'OVERALL_FSM_tb'
WARNING: [Vivado 12-13340] Unable to auto find GCC executables from simulator install path! (path not set)
INFO: [Vivado 12-5682] Launching behavioral simulation in 'D:/WorkStations/ASIC/Whac-A-Mole/sim/FSM/FSM.sim/sim_1/behav/xsim'
INFO: [SIM-utils-51] Simulation object is 'sim_1'
INFO: [USF-XSim-3] XSim::Elaborate design
INFO: [USF-XSim-61] Executing 'ELABORATE' step in 'D:/WorkStations/ASIC/Whac-A-Mole/sim/FSM/FSM.sim/sim_1/behav/xsim'
"xelab --incr --debug typical --relax --mt 2 -L xil_defaultlib -L unisims_ver -L unimacro_ver -L secureip --snapshot OVERALL_FSM_tb_behav xil_defaultlib.OVERALL_FSM_tb xil_defaultlib.glbl -log elaborate.log"
Vivado Simulator v2024.2.0
Copyright 1986-2022 Xilinx, Inc. All Rights Reserved.
Copyright 2022-2024 Advanced Micro Devices, Inc. All Rights Reserved.
Running: E:/Apps/Manual/Vivado/Vivado/2024.2/bin/unwrapped/win64.o/xelab.exe --incr --debug typical --relax --mt 2 -L xil_defaultlib -L unisims_ver -L unimacro_ver -L secureip --snapshot OVERALL_FSM_tb_behav xil_defaultlib.OVERALL_FSM_tb xil_defaultlib.glbl -log elaborate.log 
Using 2 slave threads.
Starting static elaboration
Pass Through NonSizing Optimizer
WARNING: [VRFC 10-3091] actual bit length 11 differs from formal bit length 10 for port 'score' [D:/WorkStations/ASIC/Whac-A-Mole/tb/OVERALL_FSM_tb.v:31]
Completed static elaboration
Starting simulation data flow analysis
WARNING: [XSIM 43-4099] "D:/WorkStations/ASIC/Whac-A-Mole/src/OVERALL_FSM.v" Line 2. Module OVERALL_FSM doesn't have a timescale but at least one module in design has a timescale.
WARNING: [XSIM 43-4099] "D:/WorkStations/ASIC/Whac-A-Mole/src/GAME_CONTROLLER.v" Line 2. Module GAME_CONTROLLER doesn't have a timescale but at least one module in design has a timescale.
WARNING: [XSIM 43-4099] "D:/WorkStations/ASIC/Whac-A-Mole/src/MOLE.v" Line 2. Module MOLE doesn't have a timescale but at least one module in design has a timescale.
WARNING: [XSIM 43-4099] "D:/WorkStations/ASIC/Whac-A-Mole/src/PRNG.v" Line 2. Module PRNG doesn't have a timescale but at least one module in design has a timescale.
WARNING: [XSIM 43-4099] "D:/WorkStations/ASIC/Whac-A-Mole/src/OVERALL_FSM.v" Line 2. Module OVERALL_FSM doesn't have a timescale but at least one module in design has a timescale.
WARNING: [XSIM 43-4099] "D:/WorkStations/ASIC/Whac-A-Mole/src/GAME_CONTROLLER.v" Line 2. Module GAME_CONTROLLER doesn't have a timescale but at least one module in design has a timescale.
WARNING: [XSIM 43-4099] "D:/WorkStations/ASIC/Whac-A-Mole/src/MOLE.v" Line 2. Module MOLE doesn't have a timescale but at least one module in design has a timescale.
WARNING: [XSIM 43-4099] "D:/WorkStations/ASIC/Whac-A-Mole/src/PRNG.v" Line 2. Module PRNG doesn't have a timescale but at least one module in design has a timescale.
Completed simulation data flow analysis
Time Resolution for simulation is 1ps
Compiling module xil_defaultlib.PRNG
Compiling module xil_defaultlib.MOLE
Compiling module xil_defaultlib.GAME_CONTROLLER
Compiling module xil_defaultlib.OVERALL_FSM
Compiling module xil_defaultlib.OVERALL_FSM_tb
Compiling module xil_defaultlib.glbl
Built simulation snapshot OVERALL_FSM_tb_behav
INFO: [USF-XSim-69] 'elaborate' step finished in '4' seconds
Time resolution is 1 ps
Time: 0 | State: 00 | Score:    Z | Level:  1 | Life Span:         60 | Gen Interval:         60
Time: 15000 | State: xx | Score:    Z | Level:  1 | Life Span:         60 | Gen Interval:         60
Time: 25000 | State: 00 | Score:    Z | Level:  1 | Life Span:         60 | Gen Interval:         60
Time: 35000 | State: 01 | Score:    Z | Level:  1 | Life Span:         60 | Gen Interval:         60
$finish called at time : 130 ns : File "D:/WorkStations/ASIC/Whac-A-Mole/tb/OVERALL_FSM_tb.v" Line 91
relaunch_sim: Time (s): cpu = 00:00:01 ; elapsed = 00:00:08 . Memory (MB): peak = 2369.938 ; gain = 0.000
run all
Time: 7375000 | State: 01 | Score:    Z | Level:  2 | Life Span:         40 | Gen Interval:         40
Time: 7785000 | State: 10 | Score:    Z | Level:  1 | Life Span:         60 | Gen Interval:         60
Time: 7795000 | State: 00 | Score:    Z | Level:  1 | Life Span:         60 | Gen Interval:         60
save_wave_config {D:/WorkStations/ASIC/Whac-A-Mole/sim/FSM/OVERALL_FSM_tb_behav.wcfg}
relaunch_sim
Command: launch_simulation -step compile -simset sim_1 -mode behavioral
INFO: [Vivado 12-12493] Simulation top is 'OVERALL_FSM_tb'
WARNING: [Vivado 12-13340] Unable to auto find GCC executables from simulator install path! (path not set)
INFO: [Vivado 12-5682] Launching behavioral simulation in 'D:/WorkStations/ASIC/Whac-A-Mole/sim/FSM/FSM.sim/sim_1/behav/xsim'
INFO: [SIM-utils-51] Simulation object is 'sim_1'
INFO: [USF-XSim-2] XSim::Compile design
INFO: [USF-XSim-61] Executing 'COMPILE and ANALYZE' step in 'D:/WorkStations/ASIC/Whac-A-Mole/sim/FSM/FSM.sim/sim_1/behav/xsim'
"xvlog --incr --relax -prj OVERALL_FSM_tb_vlog.prj"
INFO: [VRFC 10-2263] Analyzing Verilog file "D:/WorkStations/ASIC/Whac-A-Mole/src/GAME_CONTROLLER.v" into library xil_defaultlib
INFO: [VRFC 10-311] analyzing module GAME_CONTROLLER
INFO: [VRFC 10-2263] Analyzing Verilog file "D:/WorkStations/ASIC/Whac-A-Mole/src/MOLE.v" into library xil_defaultlib
INFO: [VRFC 10-311] analyzing module MOLE
INFO: [VRFC 10-2263] Analyzing Verilog file "D:/WorkStations/ASIC/Whac-A-Mole/src/OVERALL_FSM.v" into library xil_defaultlib
INFO: [VRFC 10-311] analyzing module OVERALL_FSM
INFO: [VRFC 10-2263] Analyzing Verilog file "D:/WorkStations/ASIC/Whac-A-Mole/src/PRNG.v" into library xil_defaultlib
INFO: [VRFC 10-311] analyzing module PRNG
INFO: [VRFC 10-2263] Analyzing Verilog file "D:/WorkStations/ASIC/Whac-A-Mole/tb/OVERALL_FSM_tb.v" into library xil_defaultlib
INFO: [VRFC 10-311] analyzing module OVERALL_FSM_tb
INFO: [USF-XSim-69] 'compile' step finished in '1' seconds
Command: launch_simulation -step elaborate -simset sim_1 -mode behavioral
INFO: [Vivado 12-12493] Simulation top is 'OVERALL_FSM_tb'
WARNING: [Vivado 12-13340] Unable to auto find GCC executables from simulator install path! (path not set)
INFO: [Vivado 12-5682] Launching behavioral simulation in 'D:/WorkStations/ASIC/Whac-A-Mole/sim/FSM/FSM.sim/sim_1/behav/xsim'
INFO: [SIM-utils-51] Simulation object is 'sim_1'
INFO: [USF-XSim-3] XSim::Elaborate design
INFO: [USF-XSim-61] Executing 'ELABORATE' step in 'D:/WorkStations/ASIC/Whac-A-Mole/sim/FSM/FSM.sim/sim_1/behav/xsim'
"xelab --incr --debug typical --relax --mt 2 -L xil_defaultlib -L unisims_ver -L unimacro_ver -L secureip --snapshot OVERALL_FSM_tb_behav xil_defaultlib.OVERALL_FSM_tb xil_defaultlib.glbl -log elaborate.log"
Vivado Simulator v2024.2.0
Copyright 1986-2022 Xilinx, Inc. All Rights Reserved.
Copyright 2022-2024 Advanced Micro Devices, Inc. All Rights Reserved.
Running: E:/Apps/Manual/Vivado/Vivado/2024.2/bin/unwrapped/win64.o/xelab.exe --incr --debug typical --relax --mt 2 -L xil_defaultlib -L unisims_ver -L unimacro_ver -L secureip --snapshot OVERALL_FSM_tb_behav xil_defaultlib.OVERALL_FSM_tb xil_defaultlib.glbl -log elaborate.log 
Using 2 slave threads.
Starting static elaboration
Pass Through NonSizing Optimizer
Completed static elaboration
Starting simulation data flow analysis
WARNING: [XSIM 43-4099] "D:/WorkStations/ASIC/Whac-A-Mole/src/OVERALL_FSM.v" Line 2. Module OVERALL_FSM doesn't have a timescale but at least one module in design has a timescale.
WARNING: [XSIM 43-4099] "D:/WorkStations/ASIC/Whac-A-Mole/src/GAME_CONTROLLER.v" Line 2. Module GAME_CONTROLLER doesn't have a timescale but at least one module in design has a timescale.
WARNING: [XSIM 43-4099] "D:/WorkStations/ASIC/Whac-A-Mole/src/MOLE.v" Line 2. Module MOLE doesn't have a timescale but at least one module in design has a timescale.
WARNING: [XSIM 43-4099] "D:/WorkStations/ASIC/Whac-A-Mole/src/PRNG.v" Line 2. Module PRNG doesn't have a timescale but at least one module in design has a timescale.
WARNING: [XSIM 43-4099] "D:/WorkStations/ASIC/Whac-A-Mole/src/OVERALL_FSM.v" Line 2. Module OVERALL_FSM doesn't have a timescale but at least one module in design has a timescale.
WARNING: [XSIM 43-4099] "D:/WorkStations/ASIC/Whac-A-Mole/src/GAME_CONTROLLER.v" Line 2. Module GAME_CONTROLLER doesn't have a timescale but at least one module in design has a timescale.
WARNING: [XSIM 43-4099] "D:/WorkStations/ASIC/Whac-A-Mole/src/MOLE.v" Line 2. Module MOLE doesn't have a timescale but at least one module in design has a timescale.
WARNING: [XSIM 43-4099] "D:/WorkStations/ASIC/Whac-A-Mole/src/PRNG.v" Line 2. Module PRNG doesn't have a timescale but at least one module in design has a timescale.
Completed simulation data flow analysis
Time Resolution for simulation is 1ps
Compiling module xil_defaultlib.PRNG
Compiling module xil_defaultlib.MOLE
Compiling module xil_defaultlib.GAME_CONTROLLER
Compiling module xil_defaultlib.OVERALL_FSM
Compiling module xil_defaultlib.OVERALL_FSM_tb
Compiling module xil_defaultlib.glbl
Built simulation snapshot OVERALL_FSM_tb_behav
INFO: [USF-XSim-69] 'elaborate' step finished in '3' seconds
Time resolution is 1 ps
Time: 0 | State: 00 | Score:    0 | Level:  1 | Life Span:         60 | Gen Interval:         60
Time: 15000 | State: xx | Score:    0 | Level:  1 | Life Span:         60 | Gen Interval:         60
Time: 25000 | State: 00 | Score:    0 | Level:  1 | Life Span:         60 | Gen Interval:         60
Time: 35000 | State: 01 | Score:    0 | Level:  1 | Life Span:         60 | Gen Interval:         60
$finish called at time : 130 ns : File "D:/WorkStations/ASIC/Whac-A-Mole/tb/OVERALL_FSM_tb.v" Line 91
relaunch_sim: Time (s): cpu = 00:00:00 ; elapsed = 00:00:07 . Memory (MB): peak = 2369.938 ; gain = 0.000
relaunch_sim
Command: launch_simulation -step compile -simset sim_1 -mode behavioral
INFO: [Vivado 12-12493] Simulation top is 'OVERALL_FSM_tb'
WARNING: [Vivado 12-13340] Unable to auto find GCC executables from simulator install path! (path not set)
INFO: [Vivado 12-5682] Launching behavioral simulation in 'D:/WorkStations/ASIC/Whac-A-Mole/sim/FSM/FSM.sim/sim_1/behav/xsim'
INFO: [SIM-utils-51] Simulation object is 'sim_1'
INFO: [USF-XSim-2] XSim::Compile design
INFO: [USF-XSim-61] Executing 'COMPILE and ANALYZE' step in 'D:/WorkStations/ASIC/Whac-A-Mole/sim/FSM/FSM.sim/sim_1/behav/xsim'
"xvlog --incr --relax -prj OVERALL_FSM_tb_vlog.prj"
INFO: [VRFC 10-2263] Analyzing Verilog file "D:/WorkStations/ASIC/Whac-A-Mole/src/GAME_CONTROLLER.v" into library xil_defaultlib
INFO: [VRFC 10-311] analyzing module GAME_CONTROLLER
INFO: [VRFC 10-2263] Analyzing Verilog file "D:/WorkStations/ASIC/Whac-A-Mole/src/MOLE.v" into library xil_defaultlib
INFO: [VRFC 10-311] analyzing module MOLE
INFO: [VRFC 10-2263] Analyzing Verilog file "D:/WorkStations/ASIC/Whac-A-Mole/src/OVERALL_FSM.v" into library xil_defaultlib
INFO: [VRFC 10-311] analyzing module OVERALL_FSM
INFO: [VRFC 10-2263] Analyzing Verilog file "D:/WorkStations/ASIC/Whac-A-Mole/src/PRNG.v" into library xil_defaultlib
INFO: [VRFC 10-311] analyzing module PRNG
INFO: [VRFC 10-2263] Analyzing Verilog file "D:/WorkStations/ASIC/Whac-A-Mole/tb/OVERALL_FSM_tb.v" into library xil_defaultlib
INFO: [VRFC 10-311] analyzing module OVERALL_FSM_tb
INFO: [USF-XSim-69] 'compile' step finished in '2' seconds
Command: launch_simulation -step elaborate -simset sim_1 -mode behavioral
INFO: [Vivado 12-12493] Simulation top is 'OVERALL_FSM_tb'
WARNING: [Vivado 12-13340] Unable to auto find GCC executables from simulator install path! (path not set)
INFO: [Vivado 12-5682] Launching behavioral simulation in 'D:/WorkStations/ASIC/Whac-A-Mole/sim/FSM/FSM.sim/sim_1/behav/xsim'
INFO: [SIM-utils-51] Simulation object is 'sim_1'
INFO: [USF-XSim-3] XSim::Elaborate design
INFO: [USF-XSim-61] Executing 'ELABORATE' step in 'D:/WorkStations/ASIC/Whac-A-Mole/sim/FSM/FSM.sim/sim_1/behav/xsim'
"xelab --incr --debug typical --relax --mt 2 -L xil_defaultlib -L unisims_ver -L unimacro_ver -L secureip --snapshot OVERALL_FSM_tb_behav xil_defaultlib.OVERALL_FSM_tb xil_defaultlib.glbl -log elaborate.log"
Vivado Simulator v2024.2.0
Copyright 1986-2022 Xilinx, Inc. All Rights Reserved.
Copyright 2022-2024 Advanced Micro Devices, Inc. All Rights Reserved.
Running: E:/Apps/Manual/Vivado/Vivado/2024.2/bin/unwrapped/win64.o/xelab.exe --incr --debug typical --relax --mt 2 -L xil_defaultlib -L unisims_ver -L unimacro_ver -L secureip --snapshot OVERALL_FSM_tb_behav xil_defaultlib.OVERALL_FSM_tb xil_defaultlib.glbl -log elaborate.log 
Using 2 slave threads.
Starting static elaboration
Pass Through NonSizing Optimizer
Completed static elaboration
Starting simulation data flow analysis
WARNING: [XSIM 43-4099] "D:/WorkStations/ASIC/Whac-A-Mole/src/OVERALL_FSM.v" Line 2. Module OVERALL_FSM doesn't have a timescale but at least one module in design has a timescale.
WARNING: [XSIM 43-4099] "D:/WorkStations/ASIC/Whac-A-Mole/src/GAME_CONTROLLER.v" Line 2. Module GAME_CONTROLLER doesn't have a timescale but at least one module in design has a timescale.
WARNING: [XSIM 43-4099] "D:/WorkStations/ASIC/Whac-A-Mole/src/MOLE.v" Line 2. Module MOLE doesn't have a timescale but at least one module in design has a timescale.
WARNING: [XSIM 43-4099] "D:/WorkStations/ASIC/Whac-A-Mole/src/PRNG.v" Line 2. Module PRNG doesn't have a timescale but at least one module in design has a timescale.
WARNING: [XSIM 43-4099] "D:/WorkStations/ASIC/Whac-A-Mole/src/OVERALL_FSM.v" Line 2. Module OVERALL_FSM doesn't have a timescale but at least one module in design has a timescale.
WARNING: [XSIM 43-4099] "D:/WorkStations/ASIC/Whac-A-Mole/src/GAME_CONTROLLER.v" Line 2. Module GAME_CONTROLLER doesn't have a timescale but at least one module in design has a timescale.
WARNING: [XSIM 43-4099] "D:/WorkStations/ASIC/Whac-A-Mole/src/MOLE.v" Line 2. Module MOLE doesn't have a timescale but at least one module in design has a timescale.
WARNING: [XSIM 43-4099] "D:/WorkStations/ASIC/Whac-A-Mole/src/PRNG.v" Line 2. Module PRNG doesn't have a timescale but at least one module in design has a timescale.
Completed simulation data flow analysis
Time Resolution for simulation is 1ps
Compiling module xil_defaultlib.PRNG
Compiling module xil_defaultlib.MOLE
Compiling module xil_defaultlib.GAME_CONTROLLER
Compiling module xil_defaultlib.OVERALL_FSM
Compiling module xil_defaultlib.OVERALL_FSM_tb
Compiling module xil_defaultlib.glbl
Built simulation snapshot OVERALL_FSM_tb_behav
INFO: [USF-XSim-69] 'elaborate' step finished in '3' seconds
Time resolution is 1 ps
Time: 0 | State: 00 | Score:    0 | Level:  1 | Life Span:         60 | Gen Interval:         60
Time: 15000 | State: xx | Score:    0 | Level:  1 | Life Span:         60 | Gen Interval:         60
Time: 25000 | State: 00 | Score:    0 | Level:  1 | Life Span:         60 | Gen Interval:         60
Time: 35000 | State: 01 | Score:    0 | Level:  1 | Life Span:         60 | Gen Interval:         60
$finish called at time : 130 ns : File "D:/WorkStations/ASIC/Whac-A-Mole/tb/OVERALL_FSM_tb.v" Line 91
relaunch_sim: Time (s): cpu = 00:00:00 ; elapsed = 00:00:07 . Memory (MB): peak = 2369.938 ; gain = 0.000
run all
Time: 7375000 | State: 01 | Score:    0 | Level:  2 | Life Span:         40 | Gen Interval:         40
Time: 7785000 | State: 10 | Score:    0 | Level:  1 | Life Span:         60 | Gen Interval:         60
Time: 7795000 | State: 00 | Score:    0 | Level:  1 | Life Span:         60 | Gen Interval:         60
relaunch_sim
Command: launch_simulation -step compile -simset sim_1 -mode behavioral
INFO: [Vivado 12-12493] Simulation top is 'OVERALL_FSM_tb'
WARNING: [Vivado 12-13340] Unable to auto find GCC executables from simulator install path! (path not set)
INFO: [Vivado 12-5682] Launching behavioral simulation in 'D:/WorkStations/ASIC/Whac-A-Mole/sim/FSM/FSM.sim/sim_1/behav/xsim'
INFO: [SIM-utils-51] Simulation object is 'sim_1'
INFO: [USF-XSim-2] XSim::Compile design
INFO: [USF-XSim-61] Executing 'COMPILE and ANALYZE' step in 'D:/WorkStations/ASIC/Whac-A-Mole/sim/FSM/FSM.sim/sim_1/behav/xsim'
"xvlog --incr --relax -prj OVERALL_FSM_tb_vlog.prj"
INFO: [VRFC 10-2263] Analyzing Verilog file "D:/WorkStations/ASIC/Whac-A-Mole/src/GAME_CONTROLLER.v" into library xil_defaultlib
INFO: [VRFC 10-311] analyzing module GAME_CONTROLLER
INFO: [VRFC 10-2263] Analyzing Verilog file "D:/WorkStations/ASIC/Whac-A-Mole/src/MOLE.v" into library xil_defaultlib
INFO: [VRFC 10-311] analyzing module MOLE
INFO: [VRFC 10-2263] Analyzing Verilog file "D:/WorkStations/ASIC/Whac-A-Mole/src/OVERALL_FSM.v" into library xil_defaultlib
INFO: [VRFC 10-311] analyzing module OVERALL_FSM
INFO: [VRFC 10-2263] Analyzing Verilog file "D:/WorkStations/ASIC/Whac-A-Mole/src/PRNG.v" into library xil_defaultlib
INFO: [VRFC 10-311] analyzing module PRNG
INFO: [VRFC 10-2263] Analyzing Verilog file "D:/WorkStations/ASIC/Whac-A-Mole/tb/OVERALL_FSM_tb.v" into library xil_defaultlib
INFO: [VRFC 10-311] analyzing module OVERALL_FSM_tb
INFO: [USF-XSim-69] 'compile' step finished in '1' seconds
Command: launch_simulation -step elaborate -simset sim_1 -mode behavioral
INFO: [Vivado 12-12493] Simulation top is 'OVERALL_FSM_tb'
WARNING: [Vivado 12-13340] Unable to auto find GCC executables from simulator install path! (path not set)
INFO: [Vivado 12-5682] Launching behavioral simulation in 'D:/WorkStations/ASIC/Whac-A-Mole/sim/FSM/FSM.sim/sim_1/behav/xsim'
INFO: [SIM-utils-51] Simulation object is 'sim_1'
INFO: [USF-XSim-3] XSim::Elaborate design
INFO: [USF-XSim-61] Executing 'ELABORATE' step in 'D:/WorkStations/ASIC/Whac-A-Mole/sim/FSM/FSM.sim/sim_1/behav/xsim'
"xelab --incr --debug typical --relax --mt 2 -L xil_defaultlib -L unisims_ver -L unimacro_ver -L secureip --snapshot OVERALL_FSM_tb_behav xil_defaultlib.OVERALL_FSM_tb xil_defaultlib.glbl -log elaborate.log"
Vivado Simulator v2024.2.0
Copyright 1986-2022 Xilinx, Inc. All Rights Reserved.
Copyright 2022-2024 Advanced Micro Devices, Inc. All Rights Reserved.
Running: E:/Apps/Manual/Vivado/Vivado/2024.2/bin/unwrapped/win64.o/xelab.exe --incr --debug typical --relax --mt 2 -L xil_defaultlib -L unisims_ver -L unimacro_ver -L secureip --snapshot OVERALL_FSM_tb_behav xil_defaultlib.OVERALL_FSM_tb xil_defaultlib.glbl -log elaborate.log 
Using 2 slave threads.
Starting static elaboration
Pass Through NonSizing Optimizer
Completed static elaboration
Starting simulation data flow analysis
WARNING: [XSIM 43-4099] "D:/WorkStations/ASIC/Whac-A-Mole/src/OVERALL_FSM.v" Line 2. Module OVERALL_FSM doesn't have a timescale but at least one module in design has a timescale.
WARNING: [XSIM 43-4099] "D:/WorkStations/ASIC/Whac-A-Mole/src/GAME_CONTROLLER.v" Line 2. Module GAME_CONTROLLER doesn't have a timescale but at least one module in design has a timescale.
WARNING: [XSIM 43-4099] "D:/WorkStations/ASIC/Whac-A-Mole/src/MOLE.v" Line 2. Module MOLE doesn't have a timescale but at least one module in design has a timescale.
WARNING: [XSIM 43-4099] "D:/WorkStations/ASIC/Whac-A-Mole/src/PRNG.v" Line 2. Module PRNG doesn't have a timescale but at least one module in design has a timescale.
WARNING: [XSIM 43-4099] "D:/WorkStations/ASIC/Whac-A-Mole/src/OVERALL_FSM.v" Line 2. Module OVERALL_FSM doesn't have a timescale but at least one module in design has a timescale.
WARNING: [XSIM 43-4099] "D:/WorkStations/ASIC/Whac-A-Mole/src/GAME_CONTROLLER.v" Line 2. Module GAME_CONTROLLER doesn't have a timescale but at least one module in design has a timescale.
WARNING: [XSIM 43-4099] "D:/WorkStations/ASIC/Whac-A-Mole/src/MOLE.v" Line 2. Module MOLE doesn't have a timescale but at least one module in design has a timescale.
WARNING: [XSIM 43-4099] "D:/WorkStations/ASIC/Whac-A-Mole/src/PRNG.v" Line 2. Module PRNG doesn't have a timescale but at least one module in design has a timescale.
Completed simulation data flow analysis
Time Resolution for simulation is 1ps
Compiling module xil_defaultlib.PRNG
Compiling module xil_defaultlib.MOLE
Compiling module xil_defaultlib.GAME_CONTROLLER
Compiling module xil_defaultlib.OVERALL_FSM
Compiling module xil_defaultlib.OVERALL_FSM_tb
Compiling module xil_defaultlib.glbl
Built simulation snapshot OVERALL_FSM_tb_behav
INFO: [USF-XSim-69] 'elaborate' step finished in '3' seconds
Time resolution is 1 ps
Time: 0 | State: 00 | Score:    0 | Level:  1 | Life Span:         60 | Gen Interval:         60
Time: 15000 | State: xx | Score:    0 | Level:  1 | Life Span:         60 | Gen Interval:         60
Time: 25000 | State: 00 | Score:    0 | Level:  1 | Life Span:         60 | Gen Interval:         60
Time: 35000 | State: 01 | Score:    0 | Level:  1 | Life Span:         60 | Gen Interval:         60
$finish called at time : 130 ns : File "D:/WorkStations/ASIC/Whac-A-Mole/tb/OVERALL_FSM_tb.v" Line 91
relaunch_sim: Time (s): cpu = 00:00:02 ; elapsed = 00:00:07 . Memory (MB): peak = 2384.664 ; gain = 0.000
relaunch_sim
Command: launch_simulation -step compile -simset sim_1 -mode behavioral
INFO: [Vivado 12-12493] Simulation top is 'OVERALL_FSM_tb'
WARNING: [Vivado 12-13340] Unable to auto find GCC executables from simulator install path! (path not set)
INFO: [Vivado 12-5682] Launching behavioral simulation in 'D:/WorkStations/ASIC/Whac-A-Mole/sim/FSM/FSM.sim/sim_1/behav/xsim'
INFO: [SIM-utils-51] Simulation object is 'sim_1'
INFO: [USF-XSim-2] XSim::Compile design
INFO: [USF-XSim-61] Executing 'COMPILE and ANALYZE' step in 'D:/WorkStations/ASIC/Whac-A-Mole/sim/FSM/FSM.sim/sim_1/behav/xsim'
"xvlog --incr --relax -prj OVERALL_FSM_tb_vlog.prj"
INFO: [USF-XSim-69] 'compile' step finished in '1' seconds
Command: launch_simulation -step elaborate -simset sim_1 -mode behavioral
INFO: [Vivado 12-12493] Simulation top is 'OVERALL_FSM_tb'
WARNING: [Vivado 12-13340] Unable to auto find GCC executables from simulator install path! (path not set)
INFO: [Vivado 12-5682] Launching behavioral simulation in 'D:/WorkStations/ASIC/Whac-A-Mole/sim/FSM/FSM.sim/sim_1/behav/xsim'
INFO: [SIM-utils-51] Simulation object is 'sim_1'
INFO: [USF-XSim-3] XSim::Elaborate design
INFO: [USF-XSim-61] Executing 'ELABORATE' step in 'D:/WorkStations/ASIC/Whac-A-Mole/sim/FSM/FSM.sim/sim_1/behav/xsim'
"xelab --incr --debug typical --relax --mt 2 -L xil_defaultlib -L unisims_ver -L unimacro_ver -L secureip --snapshot OVERALL_FSM_tb_behav xil_defaultlib.OVERALL_FSM_tb xil_defaultlib.glbl -log elaborate.log"
Vivado Simulator v2024.2.0
Copyright 1986-2022 Xilinx, Inc. All Rights Reserved.
Copyright 2022-2024 Advanced Micro Devices, Inc. All Rights Reserved.
Running: E:/Apps/Manual/Vivado/Vivado/2024.2/bin/unwrapped/win64.o/xelab.exe --incr --debug typical --relax --mt 2 -L xil_defaultlib -L unisims_ver -L unimacro_ver -L secureip --snapshot OVERALL_FSM_tb_behav xil_defaultlib.OVERALL_FSM_tb xil_defaultlib.glbl -log elaborate.log 
Using 2 slave threads.
Starting static elaboration
Pass Through NonSizing Optimizer
Completed static elaboration
INFO: [XSIM 43-4323] No Change in HDL. Linking previously generated obj files to create kernel
INFO: [USF-XSim-69] 'elaborate' step finished in '2' seconds
Time resolution is 1 ps
Time: 0 | State: 00 | Score:    0 | Level:  1 | Life Span:         60 | Gen Interval:         60
Time: 15000 | State: xx | Score:    0 | Level:  1 | Life Span:         60 | Gen Interval:         60
Time: 25000 | State: 00 | Score:    0 | Level:  1 | Life Span:         60 | Gen Interval:         60
Time: 35000 | State: 01 | Score:    0 | Level:  1 | Life Span:         60 | Gen Interval:         60
$finish called at time : 130 ns : File "D:/WorkStations/ASIC/Whac-A-Mole/tb/OVERALL_FSM_tb.v" Line 91
relaunch_sim: Time (s): cpu = 00:00:01 ; elapsed = 00:00:05 . Memory (MB): peak = 2384.664 ; gain = 0.000
run all
Time: 7375000 | State: 01 | Score:    0 | Level:  2 | Life Span:         40 | Gen Interval:         40
Time: 7785000 | State: 10 | Score:    0 | Level:  1 | Life Span:         60 | Gen Interval:         60
Time: 7795000 | State: 00 | Score:    0 | Level:  1 | Life Span:         60 | Gen Interval:         60
relaunch_sim
Command: launch_simulation -step compile -simset sim_1 -mode behavioral
INFO: [Vivado 12-12493] Simulation top is 'OVERALL_FSM_tb'
WARNING: [Vivado 12-13340] Unable to auto find GCC executables from simulator install path! (path not set)
INFO: [Vivado 12-5682] Launching behavioral simulation in 'D:/WorkStations/ASIC/Whac-A-Mole/sim/FSM/FSM.sim/sim_1/behav/xsim'
INFO: [SIM-utils-51] Simulation object is 'sim_1'
INFO: [USF-XSim-2] XSim::Compile design
INFO: [USF-XSim-61] Executing 'COMPILE and ANALYZE' step in 'D:/WorkStations/ASIC/Whac-A-Mole/sim/FSM/FSM.sim/sim_1/behav/xsim'
"xvlog --incr --relax -prj OVERALL_FSM_tb_vlog.prj"
INFO: [VRFC 10-2263] Analyzing Verilog file "D:/WorkStations/ASIC/Whac-A-Mole/src/GAME_CONTROLLER.v" into library xil_defaultlib
INFO: [VRFC 10-311] analyzing module GAME_CONTROLLER
INFO: [VRFC 10-2263] Analyzing Verilog file "D:/WorkStations/ASIC/Whac-A-Mole/src/MOLE.v" into library xil_defaultlib
INFO: [VRFC 10-311] analyzing module MOLE
INFO: [VRFC 10-2263] Analyzing Verilog file "D:/WorkStations/ASIC/Whac-A-Mole/src/OVERALL_FSM.v" into library xil_defaultlib
INFO: [VRFC 10-311] analyzing module OVERALL_FSM
INFO: [VRFC 10-2263] Analyzing Verilog file "D:/WorkStations/ASIC/Whac-A-Mole/src/PRNG.v" into library xil_defaultlib
INFO: [VRFC 10-311] analyzing module PRNG
INFO: [VRFC 10-2263] Analyzing Verilog file "D:/WorkStations/ASIC/Whac-A-Mole/tb/OVERALL_FSM_tb.v" into library xil_defaultlib
INFO: [VRFC 10-311] analyzing module OVERALL_FSM_tb
INFO: [USF-XSim-69] 'compile' step finished in '2' seconds
Command: launch_simulation -step elaborate -simset sim_1 -mode behavioral
INFO: [Vivado 12-12493] Simulation top is 'OVERALL_FSM_tb'
WARNING: [Vivado 12-13340] Unable to auto find GCC executables from simulator install path! (path not set)
INFO: [Vivado 12-5682] Launching behavioral simulation in 'D:/WorkStations/ASIC/Whac-A-Mole/sim/FSM/FSM.sim/sim_1/behav/xsim'
INFO: [SIM-utils-51] Simulation object is 'sim_1'
INFO: [USF-XSim-3] XSim::Elaborate design
INFO: [USF-XSim-61] Executing 'ELABORATE' step in 'D:/WorkStations/ASIC/Whac-A-Mole/sim/FSM/FSM.sim/sim_1/behav/xsim'
"xelab --incr --debug typical --relax --mt 2 -L xil_defaultlib -L unisims_ver -L unimacro_ver -L secureip --snapshot OVERALL_FSM_tb_behav xil_defaultlib.OVERALL_FSM_tb xil_defaultlib.glbl -log elaborate.log"
Vivado Simulator v2024.2.0
Copyright 1986-2022 Xilinx, Inc. All Rights Reserved.
Copyright 2022-2024 Advanced Micro Devices, Inc. All Rights Reserved.
Running: E:/Apps/Manual/Vivado/Vivado/2024.2/bin/unwrapped/win64.o/xelab.exe --incr --debug typical --relax --mt 2 -L xil_defaultlib -L unisims_ver -L unimacro_ver -L secureip --snapshot OVERALL_FSM_tb_behav xil_defaultlib.OVERALL_FSM_tb xil_defaultlib.glbl -log elaborate.log 
Using 2 slave threads.
Starting static elaboration
Pass Through NonSizing Optimizer
Completed static elaboration
Starting simulation data flow analysis
WARNING: [XSIM 43-4099] "D:/WorkStations/ASIC/Whac-A-Mole/src/OVERALL_FSM.v" Line 2. Module OVERALL_FSM doesn't have a timescale but at least one module in design has a timescale.
WARNING: [XSIM 43-4099] "D:/WorkStations/ASIC/Whac-A-Mole/src/GAME_CONTROLLER.v" Line 2. Module GAME_CONTROLLER doesn't have a timescale but at least one module in design has a timescale.
WARNING: [XSIM 43-4099] "D:/WorkStations/ASIC/Whac-A-Mole/src/MOLE.v" Line 2. Module MOLE doesn't have a timescale but at least one module in design has a timescale.
WARNING: [XSIM 43-4099] "D:/WorkStations/ASIC/Whac-A-Mole/src/PRNG.v" Line 2. Module PRNG doesn't have a timescale but at least one module in design has a timescale.
WARNING: [XSIM 43-4099] "D:/WorkStations/ASIC/Whac-A-Mole/src/OVERALL_FSM.v" Line 2. Module OVERALL_FSM doesn't have a timescale but at least one module in design has a timescale.
WARNING: [XSIM 43-4099] "D:/WorkStations/ASIC/Whac-A-Mole/src/GAME_CONTROLLER.v" Line 2. Module GAME_CONTROLLER doesn't have a timescale but at least one module in design has a timescale.
WARNING: [XSIM 43-4099] "D:/WorkStations/ASIC/Whac-A-Mole/src/MOLE.v" Line 2. Module MOLE doesn't have a timescale but at least one module in design has a timescale.
WARNING: [XSIM 43-4099] "D:/WorkStations/ASIC/Whac-A-Mole/src/PRNG.v" Line 2. Module PRNG doesn't have a timescale but at least one module in design has a timescale.
Completed simulation data flow analysis
Time Resolution for simulation is 1ps
Compiling module xil_defaultlib.PRNG
Compiling module xil_defaultlib.MOLE
Compiling module xil_defaultlib.GAME_CONTROLLER
Compiling module xil_defaultlib.OVERALL_FSM
Compiling module xil_defaultlib.OVERALL_FSM_tb
Compiling module xil_defaultlib.glbl
Built simulation snapshot OVERALL_FSM_tb_behav
INFO: [USF-XSim-69] 'elaborate' step finished in '3' seconds
Time resolution is 1 ps
Time: 0 | State: 00 | Score:    0 | Level:  1 | Life Span:         60 | Gen Interval:         60
Time: 15000 | State: xx | Score:    0 | Level:  1 | Life Span:         60 | Gen Interval:         60
Time: 25000 | State: 00 | Score:    0 | Level:  1 | Life Span:         60 | Gen Interval:         60
Time: 35000 | State: 01 | Score:    0 | Level:  1 | Life Span:         60 | Gen Interval:         60
$finish called at time : 130 ns : File "D:/WorkStations/ASIC/Whac-A-Mole/tb/OVERALL_FSM_tb.v" Line 91
relaunch_sim: Time (s): cpu = 00:00:01 ; elapsed = 00:00:07 . Memory (MB): peak = 2384.664 ; gain = 0.000
run all
Time: 675000 | State: 01 | Score:    1 | Level:  1 | Life Span:         60 | Gen Interval:         60
Time: 685000 | State: 01 | Score:    3 | Level:  1 | Life Span:         60 | Gen Interval:         60
Time: 2505000 | State: 01 | Score:    4 | Level:  1 | Life Span:         60 | Gen Interval:         60
Time: 2515000 | State: 01 | Score:    6 | Level:  1 | Life Span:         60 | Gen Interval:         60
Time: 4325000 | State: 01 | Score:    6 | Level:  2 | Life Span:         40 | Gen Interval:         40
Time: 6575000 | State: 10 | Score:    0 | Level:  1 | Life Span:         60 | Gen Interval:         60
Time: 6585000 | State: 00 | Score:    0 | Level:  1 | Life Span:         60 | Gen Interval:         60
run: Time (s): cpu = 00:00:10 ; elapsed = 00:00:08 . Memory (MB): peak = 2384.664 ; gain = 0.000
relaunch_sim
Command: launch_simulation -step compile -simset sim_1 -mode behavioral
INFO: [Vivado 12-12493] Simulation top is 'OVERALL_FSM_tb'
WARNING: [Vivado 12-13340] Unable to auto find GCC executables from simulator install path! (path not set)
INFO: [Vivado 12-5682] Launching behavioral simulation in 'D:/WorkStations/ASIC/Whac-A-Mole/sim/FSM/FSM.sim/sim_1/behav/xsim'
INFO: [SIM-utils-51] Simulation object is 'sim_1'
INFO: [USF-XSim-2] XSim::Compile design
INFO: [USF-XSim-61] Executing 'COMPILE and ANALYZE' step in 'D:/WorkStations/ASIC/Whac-A-Mole/sim/FSM/FSM.sim/sim_1/behav/xsim'
"xvlog --incr --relax -prj OVERALL_FSM_tb_vlog.prj"
INFO: [VRFC 10-2263] Analyzing Verilog file "D:/WorkStations/ASIC/Whac-A-Mole/src/GAME_CONTROLLER.v" into library xil_defaultlib
INFO: [VRFC 10-311] analyzing module GAME_CONTROLLER
INFO: [VRFC 10-2263] Analyzing Verilog file "D:/WorkStations/ASIC/Whac-A-Mole/src/MOLE.v" into library xil_defaultlib
INFO: [VRFC 10-311] analyzing module MOLE
INFO: [VRFC 10-2263] Analyzing Verilog file "D:/WorkStations/ASIC/Whac-A-Mole/src/OVERALL_FSM.v" into library xil_defaultlib
INFO: [VRFC 10-311] analyzing module OVERALL_FSM
INFO: [VRFC 10-2263] Analyzing Verilog file "D:/WorkStations/ASIC/Whac-A-Mole/src/PRNG.v" into library xil_defaultlib
INFO: [VRFC 10-311] analyzing module PRNG
INFO: [VRFC 10-2263] Analyzing Verilog file "D:/WorkStations/ASIC/Whac-A-Mole/tb/OVERALL_FSM_tb.v" into library xil_defaultlib
INFO: [VRFC 10-311] analyzing module OVERALL_FSM_tb
INFO: [USF-XSim-69] 'compile' step finished in '2' seconds
Command: launch_simulation -step elaborate -simset sim_1 -mode behavioral
INFO: [Vivado 12-12493] Simulation top is 'OVERALL_FSM_tb'
WARNING: [Vivado 12-13340] Unable to auto find GCC executables from simulator install path! (path not set)
INFO: [Vivado 12-5682] Launching behavioral simulation in 'D:/WorkStations/ASIC/Whac-A-Mole/sim/FSM/FSM.sim/sim_1/behav/xsim'
INFO: [SIM-utils-51] Simulation object is 'sim_1'
INFO: [USF-XSim-3] XSim::Elaborate design
INFO: [USF-XSim-61] Executing 'ELABORATE' step in 'D:/WorkStations/ASIC/Whac-A-Mole/sim/FSM/FSM.sim/sim_1/behav/xsim'
"xelab --incr --debug typical --relax --mt 2 -L xil_defaultlib -L unisims_ver -L unimacro_ver -L secureip --snapshot OVERALL_FSM_tb_behav xil_defaultlib.OVERALL_FSM_tb xil_defaultlib.glbl -log elaborate.log"
Vivado Simulator v2024.2.0
Copyright 1986-2022 Xilinx, Inc. All Rights Reserved.
Copyright 2022-2024 Advanced Micro Devices, Inc. All Rights Reserved.
Running: E:/Apps/Manual/Vivado/Vivado/2024.2/bin/unwrapped/win64.o/xelab.exe --incr --debug typical --relax --mt 2 -L xil_defaultlib -L unisims_ver -L unimacro_ver -L secureip --snapshot OVERALL_FSM_tb_behav xil_defaultlib.OVERALL_FSM_tb xil_defaultlib.glbl -log elaborate.log 
Using 2 slave threads.
Starting static elaboration
Pass Through NonSizing Optimizer
Completed static elaboration
Starting simulation data flow analysis
WARNING: [XSIM 43-4099] "D:/WorkStations/ASIC/Whac-A-Mole/src/OVERALL_FSM.v" Line 2. Module OVERALL_FSM doesn't have a timescale but at least one module in design has a timescale.
WARNING: [XSIM 43-4099] "D:/WorkStations/ASIC/Whac-A-Mole/src/GAME_CONTROLLER.v" Line 2. Module GAME_CONTROLLER doesn't have a timescale but at least one module in design has a timescale.
WARNING: [XSIM 43-4099] "D:/WorkStations/ASIC/Whac-A-Mole/src/MOLE.v" Line 2. Module MOLE doesn't have a timescale but at least one module in design has a timescale.
WARNING: [XSIM 43-4099] "D:/WorkStations/ASIC/Whac-A-Mole/src/PRNG.v" Line 2. Module PRNG doesn't have a timescale but at least one module in design has a timescale.
WARNING: [XSIM 43-4099] "D:/WorkStations/ASIC/Whac-A-Mole/src/OVERALL_FSM.v" Line 2. Module OVERALL_FSM doesn't have a timescale but at least one module in design has a timescale.
WARNING: [XSIM 43-4099] "D:/WorkStations/ASIC/Whac-A-Mole/src/GAME_CONTROLLER.v" Line 2. Module GAME_CONTROLLER doesn't have a timescale but at least one module in design has a timescale.
WARNING: [XSIM 43-4099] "D:/WorkStations/ASIC/Whac-A-Mole/src/MOLE.v" Line 2. Module MOLE doesn't have a timescale but at least one module in design has a timescale.
WARNING: [XSIM 43-4099] "D:/WorkStations/ASIC/Whac-A-Mole/src/PRNG.v" Line 2. Module PRNG doesn't have a timescale but at least one module in design has a timescale.
Completed simulation data flow analysis
Time Resolution for simulation is 1ps
Compiling module xil_defaultlib.PRNG
Compiling module xil_defaultlib.MOLE
Compiling module xil_defaultlib.GAME_CONTROLLER
Compiling module xil_defaultlib.OVERALL_FSM
Compiling module xil_defaultlib.OVERALL_FSM_tb
Compiling module xil_defaultlib.glbl
Built simulation snapshot OVERALL_FSM_tb_behav
INFO: [USF-XSim-69] 'elaborate' step finished in '3' seconds
Time resolution is 1 ps
Time: 0 | State: 00 | Score:    0 | Level:  1 | Life Span:         60 | Gen Interval:         60
Time: 15000 | State: xx | Score:    0 | Level:  1 | Life Span:         60 | Gen Interval:         60
Time: 25000 | State: 00 | Score:    0 | Level:  1 | Life Span:         60 | Gen Interval:         60
Time: 35000 | State: 01 | Score:    0 | Level:  1 | Life Span:         60 | Gen Interval:         60
$finish called at time : 130 ns : File "D:/WorkStations/ASIC/Whac-A-Mole/tb/OVERALL_FSM_tb.v" Line 93
relaunch_sim: Time (s): cpu = 00:00:01 ; elapsed = 00:00:07 . Memory (MB): peak = 2384.664 ; gain = 0.000
run all
Time: 675000 | State: 01 | Score:    1 | Level:  1 | Life Span:         60 | Gen Interval:         60
Time: 685000 | State: 01 | Score:    3 | Level:  1 | Life Span:         60 | Gen Interval:         60
Time: 2505000 | State: 01 | Score:    4 | Level:  1 | Life Span:         60 | Gen Interval:         60
Time: 2515000 | State: 01 | Score:    6 | Level:  1 | Life Span:         60 | Gen Interval:         60
Time: 4325000 | State: 01 | Score:    6 | Level:  2 | Life Span:         40 | Gen Interval:         40
Time: 6575000 | State: 10 | Score:    0 | Level:  1 | Life Span:         60 | Gen Interval:         60
Time: 6585000 | State: 00 | Score:    0 | Level:  1 | Life Span:         60 | Gen Interval:         60
run: Time (s): cpu = 00:00:09 ; elapsed = 00:00:07 . Memory (MB): peak = 2384.664 ; gain = 0.000
save_wave_config {D:/WorkStations/ASIC/Whac-A-Mole/sim/FSM/OVERALL_FSM_tb_behav.wcfg}
close_sim
INFO: [Simtcl 6-16] Simulation closed
exit
INFO: [Common 17-206] Exiting Vivado at Fri May  2 23:42:24 2025...
