Copyright 1986-2022 Xilinx, Inc. All Rights Reserved. Copyright 2022-2024 Advanced Micro Devices, Inc. All Rights Reserved.
---------------------------------------------------------------------------------------------------------------------------------------------
| Tool Version : Vivado v.2024.2 (win64) Build 5239630 Fri Nov 08 22:35:27 MST 2024
| Date         : Mon May  5 00:48:56 2025
| Host         : cosmos running 64-bit major release  (build 9200)
| Command      : report_control_sets -verbose -file TOP_control_sets_placed.rpt
| Design       : TOP
| Device       : xc7z010
---------------------------------------------------------------------------------------------------------------------------------------------

Control Set Information

Table of Contents
-----------------
1. Summary
2. Histogram
3. Flip-Flop Distribution
4. Detailed Control Set Information

1. Summary
----------

+----------------------------------------------------------+-------+
|                          Status                          | Count |
+----------------------------------------------------------+-------+
| Total control sets                                       |   128 |
|    Minimum number of control sets                        |   128 |
|    Addition due to synthesis replication                 |     0 |
|    Addition due to physical synthesis replication        |     0 |
| Unused register locations in slices containing registers |   764 |
+----------------------------------------------------------+-------+
* Control sets can be merged at opt_design using control_set_merge or merge_equivalent_drivers
** Run report_qor_suggestions for automated merging and remapping suggestions


2. Histogram
------------

+--------------------+-------+
|       Fanout       | Count |
+--------------------+-------+
| Total control sets |   128 |
| >= 0 to < 4        |    99 |
| >= 4 to < 6        |     1 |
| >= 6 to < 8        |     2 |
| >= 8 to < 10       |    12 |
| >= 10 to < 12      |     3 |
| >= 12 to < 14      |     3 |
| >= 14 to < 16      |     0 |
| >= 16              |     8 |
+--------------------+-------+
* Control sets can be remapped at either synth_design or opt_design


3. Flip-Flop Distribution
-------------------------

+--------------+-----------------------+------------------------+-----------------+--------------+
| Clock Enable | Synchronous Set/Reset | Asynchronous Set/Reset | Total Registers | Total Slices |
+--------------+-----------------------+------------------------+-----------------+--------------+
| No           | No                    | No                     |              11 |            6 |
| No           | No                    | Yes                    |             468 |          207 |
| No           | Yes                   | No                     |              32 |           32 |
| Yes          | No                    | No                     |               0 |            0 |
| Yes          | No                    | Yes                    |             277 |           92 |
| Yes          | Yes                   | No                     |               0 |            0 |
+--------------+-----------------------+------------------------+-----------------+--------------+


4. Detailed Control Set Information
-----------------------------------

+-----------------------------------------------------------------------------+----------------------------------------------------------+----------------------------------------------------------------------------+------------------+----------------+--------------+
|                                 Clock Signal                                |                       Enable Signal                      |                              Set/Reset Signal                              | Slice Load Count | Bel Load Count | Bels / Slice |
+-----------------------------------------------------------------------------+----------------------------------------------------------+----------------------------------------------------------------------------+------------------+----------------+--------------+
|  overall_FSM/game_controller/mole/gen_location/rand_reg_reg[16]_LDC_i_1_n_0 |                                                          | overall_FSM/game_controller/mole/gen_location/rand_reg_reg[16]_LDC_i_2_n_0 |                1 |              1 |         1.00 |
|  overall_FSM/game_controller/mole/gen_location/rand_reg_reg[17]_LDC_i_1_n_0 |                                                          | overall_FSM/game_controller/mole/gen_location/rand_reg_reg[17]_LDC_i_2_n_0 |                1 |              1 |         1.00 |
|  overall_FSM/game_controller/mole/gen_location/rand_reg_reg[18]_LDC_i_1_n_0 |                                                          | overall_FSM/game_controller/mole/gen_location/rand_reg_reg[18]_LDC_i_2_n_0 |                1 |              1 |         1.00 |
|  overall_FSM/game_controller/mole/gen_location/rand_reg_reg[10]_LDC_i_1_n_0 |                                                          | overall_FSM/game_controller/mole/gen_location/rand_reg_reg[10]_LDC_i_2_n_0 |                1 |              1 |         1.00 |
|  overall_FSM/game_controller/mole/gen_location/rand_reg_reg[11]_LDC_i_1_n_0 |                                                          | overall_FSM/game_controller/mole/gen_location/rand_reg_reg[11]_LDC_i_2_n_0 |                1 |              1 |         1.00 |
|  overall_FSM/game_controller/mole/gen_location/rand_reg_reg[13]_LDC_i_1_n_0 |                                                          | overall_FSM/game_controller/mole/gen_location/rand_reg_reg[13]_LDC_i_2_n_0 |                1 |              1 |         1.00 |
|  overall_FSM/game_controller/mole/gen_location/rand_reg_reg[0]_LDC_i_1_n_0  |                                                          | overall_FSM/game_controller/mole/gen_location/rand_reg_reg[0]_LDC_i_2_n_0  |                1 |              1 |         1.00 |
|  overall_FSM/game_controller/mole/gen_location/rand_reg_reg[15]_LDC_i_1_n_0 |                                                          | overall_FSM/game_controller/mole/gen_location/rand_reg_reg[15]_LDC_i_2_n_0 |                1 |              1 |         1.00 |
|  overall_FSM/game_controller/mole/gen_location/rand_reg_reg[12]_LDC_i_1_n_0 |                                                          | overall_FSM/game_controller/mole/gen_location/rand_reg_reg[12]_LDC_i_2_n_0 |                1 |              1 |         1.00 |
|  overall_FSM/game_controller/mole/gen_location/rand_reg_reg[14]_LDC_i_1_n_0 |                                                          | overall_FSM/game_controller/mole/gen_location/rand_reg_reg[14]_LDC_i_2_n_0 |                1 |              1 |         1.00 |
|  overall_FSM/game_controller/mole/gen_location/rand_reg_reg[27]_LDC_i_1_n_0 |                                                          | overall_FSM/game_controller/mole/gen_location/rand_reg_reg[27]_LDC_i_2_n_0 |                1 |              1 |         1.00 |
|  overall_FSM/game_controller/mole/gen_location/rand_reg_reg[20]_LDC_i_1_n_0 |                                                          | overall_FSM/game_controller/mole/gen_location/rand_reg_reg[20]_LDC_i_2_n_0 |                1 |              1 |         1.00 |
|  overall_FSM/game_controller/mole/gen_location/rand_reg_reg[24]_LDC_i_1_n_0 |                                                          | overall_FSM/game_controller/mole/gen_location/rand_reg_reg[24]_LDC_i_2_n_0 |                1 |              1 |         1.00 |
|  overall_FSM/game_controller/mole/gen_location/rand_reg_reg[1]_LDC_i_1_n_0  |                                                          | overall_FSM/game_controller/mole/gen_location/rand_reg_reg[1]_LDC_i_2_n_0  |                1 |              1 |         1.00 |
|  overall_FSM/game_controller/mole/gen_location/rand_reg_reg[22]_LDC_i_1_n_0 |                                                          | overall_FSM/game_controller/mole/gen_location/rand_reg_reg[22]_LDC_i_2_n_0 |                1 |              1 |         1.00 |
|  overall_FSM/game_controller/mole/gen_location/rand_reg_reg[26]_LDC_i_1_n_0 |                                                          | overall_FSM/game_controller/mole/gen_location/rand_reg_reg[26]_LDC_i_2_n_0 |                1 |              1 |         1.00 |
|  overall_FSM/game_controller/mole/gen_location/rand_reg_reg[21]_LDC_i_1_n_0 |                                                          | overall_FSM/game_controller/mole/gen_location/rand_reg_reg[21]_LDC_i_2_n_0 |                1 |              1 |         1.00 |
|  overall_FSM/game_controller/mole/gen_location/rand_reg_reg[25]_LDC_i_1_n_0 |                                                          | overall_FSM/game_controller/mole/gen_location/rand_reg_reg[25]_LDC_i_2_n_0 |                1 |              1 |         1.00 |
|  overall_FSM/game_controller/mole/gen_location/rand_reg_reg[19]_LDC_i_1_n_0 |                                                          | overall_FSM/game_controller/mole/gen_location/rand_reg_reg[19]_LDC_i_2_n_0 |                1 |              1 |         1.00 |
|  overall_FSM/game_controller/mole/gen_location/rand_reg_reg[23]_LDC_i_1_n_0 |                                                          | overall_FSM/game_controller/mole/gen_location/rand_reg_reg[23]_LDC_i_2_n_0 |                1 |              1 |         1.00 |
|  overall_FSM/game_controller/mole/gen_location/rand_reg_reg[30]_LDC_i_1_n_0 |                                                          | overall_FSM/game_controller/mole/gen_location/rand_reg_reg[30]_LDC_i_2_n_0 |                1 |              1 |         1.00 |
|  overall_FSM/game_controller/mole/gen_location/rand_reg_reg[5]_LDC_i_1_n_0  |                                                          | overall_FSM/game_controller/mole/gen_location/rand_reg_reg[5]_LDC_i_2_n_0  |                1 |              1 |         1.00 |
|  overall_FSM/game_controller/mole/gen_location/rand_reg_reg[6]_LDC_i_1_n_0  |                                                          | overall_FSM/game_controller/mole/gen_location/rand_reg_reg[6]_LDC_i_2_n_0  |                1 |              1 |         1.00 |
|  overall_FSM/game_controller/mole/gen_location/rand_reg_reg[8]_LDC_i_1_n_0  |                                                          | overall_FSM/game_controller/mole/gen_location/rand_reg_reg[8]_LDC_i_2_n_0  |                1 |              1 |         1.00 |
|  overall_FSM/game_controller/mole/gen_location/rand_reg_reg[2]_LDC_i_1_n_0  |                                                          | overall_FSM/game_controller/mole/gen_location/rand_reg_reg[2]_LDC_i_2_n_0  |                1 |              1 |         1.00 |
|  overall_FSM/game_controller/mole/gen_location/rand_reg_reg[31]_LDC_i_1_n_0 |                                                          | overall_FSM/game_controller/mole/gen_location/rand_reg_reg[31]_LDC_i_2_n_0 |                1 |              1 |         1.00 |
|  overall_FSM/game_controller/mole/gen_location/rand_reg_reg[29]_LDC_i_1_n_0 |                                                          | overall_FSM/game_controller/mole/gen_location/rand_reg_reg[29]_LDC_i_2_n_0 |                1 |              1 |         1.00 |
|  overall_FSM/game_controller/mole/gen_location/rand_reg_reg[4]_LDC_i_1_n_0  |                                                          | overall_FSM/game_controller/mole/gen_location/rand_reg_reg[4]_LDC_i_2_n_0  |                1 |              1 |         1.00 |
|  overall_FSM/game_controller/mole/gen_location/rand_reg_reg[3]_LDC_i_1_n_0  |                                                          | overall_FSM/game_controller/mole/gen_location/rand_reg_reg[3]_LDC_i_2_n_0  |                1 |              1 |         1.00 |
|  overall_FSM/game_controller/mole/gen_location/rand_reg_reg[7]_LDC_i_1_n_0  |                                                          | overall_FSM/game_controller/mole/gen_location/rand_reg_reg[7]_LDC_i_2_n_0  |                1 |              1 |         1.00 |
|  overall_FSM/game_controller/mole/gen_location/rand_reg_reg[28]_LDC_i_1_n_0 |                                                          | overall_FSM/game_controller/mole/gen_location/rand_reg_reg[28]_LDC_i_2_n_0 |                1 |              1 |         1.00 |
|  overall_FSM/game_controller/mole/gen_location/rand_reg_reg[9]_LDC_i_1_n_0  |                                                          | overall_FSM/game_controller/mole/gen_location/rand_reg_reg[9]_LDC_i_2_n_0  |                1 |              1 |         1.00 |
|  u_clk_wiz_0/inst/clk_out1                                                  |                                                          | overall_FSM/game_controller/mole/gen_location/rand_reg_reg[2]_LDC_i_1_n_0  |                1 |              1 |         1.00 |
|  u_clk_wiz_0/inst/clk_out1                                                  |                                                          | overall_FSM/game_controller/mole/gen_location/rand_reg_reg[28]_LDC_i_2_n_0 |                1 |              1 |         1.00 |
|  u_clk_wiz_0/inst/clk_out1                                                  |                                                          | overall_FSM/game_controller/mole/gen_location/rand_reg_reg[31]_LDC_i_1_n_0 |                1 |              1 |         1.00 |
|  u_clk_wiz_0/inst/clk_out1                                                  |                                                          | overall_FSM/game_controller/mole/gen_location/rand_reg_reg[30]_LDC_i_2_n_0 |                1 |              1 |         1.00 |
|  u_clk_wiz_0/inst/clk_out1                                                  |                                                          | overall_FSM/game_controller/mole/gen_location/rand_reg_reg[5]_LDC_i_2_n_0  |                1 |              1 |         1.00 |
|  u_clk_wiz_0/inst/clk_out1                                                  |                                                          | overall_FSM/game_controller/mole/gen_location/rand_reg_reg[29]_LDC_i_1_n_0 |                1 |              1 |         1.00 |
|  u_clk_wiz_0/inst/clk_out1                                                  |                                                          | overall_FSM/game_controller/mole/gen_location/rand_reg_reg[4]_LDC_i_1_n_0  |                1 |              1 |         1.00 |
|  dri_clk                                                                    | u_touch_top/u_i2c_dri_m/scl_i_1_n_0                      | u_touch_top/u_touch_dri/rst_n                                              |                1 |              1 |         1.00 |
|  u_clk_wiz_0/inst/clk_out1                                                  |                                                          | overall_FSM/game_controller/mole/gen_location/rand_reg_reg[3]_LDC_i_1_n_0  |                1 |              1 |         1.00 |
|  u_clk_wiz_0/inst/clk_out1                                                  |                                                          | overall_FSM/game_controller/mole/gen_location/rand_reg_reg[3]_LDC_i_2_n_0  |                1 |              1 |         1.00 |
|  dri_clk                                                                    | u_touch_top/u_touch_dri/touch_rst_n0                     | u_touch_top/u_touch_dri/rst_n                                              |                1 |              1 |         1.00 |
|  u_clk_wiz_0/inst/clk_out1                                                  |                                                          | overall_FSM/game_controller/mole/gen_location/rand_reg_reg[6]_LDC_i_2_n_0  |                1 |              1 |         1.00 |
|  u_clk_wiz_0/inst/clk_out1                                                  |                                                          | overall_FSM/game_controller/mole/gen_location/rand_reg_reg[7]_LDC_i_1_n_0  |                1 |              1 |         1.00 |
|  u_clk_wiz_0/inst/clk_out1                                                  |                                                          | overall_FSM/game_controller/mole/gen_location/rand_reg_reg[2]_LDC_i_2_n_0  |                1 |              1 |         1.00 |
|  u_clk_wiz_0/inst/clk_out1                                                  |                                                          | overall_FSM/game_controller/mole/gen_location/rand_reg_reg[28]_LDC_i_1_n_0 |                1 |              1 |         1.00 |
|  u_clk_wiz_0/inst/clk_out1                                                  |                                                          | overall_FSM/game_controller/mole/gen_location/rand_reg_reg[9]_LDC_i_1_n_0  |                1 |              1 |         1.00 |
|  u_clk_wiz_0/inst/clk_out1                                                  |                                                          | overall_FSM/game_controller/mole/gen_location/rand_reg_reg[15]_LDC_i_2_n_0 |                1 |              1 |         1.00 |
|  u_clk_wiz_0/inst/clk_out1                                                  |                                                          | overall_FSM/game_controller/mole/gen_location/rand_reg_reg[9]_LDC_i_2_n_0  |                1 |              1 |         1.00 |
|  u_clk_wiz_0/inst/clk_out1                                                  |                                                          | overall_FSM/game_controller/mole/gen_location/rand_reg_reg[8]_LDC_i_2_n_0  |                1 |              1 |         1.00 |
|  u_clk_wiz_0/inst/clk_out1                                                  |                                                          | overall_FSM/game_controller/mole/gen_location/rand_reg_reg[16]_LDC_i_2_n_0 |                1 |              1 |         1.00 |
|  u_clk_wiz_0/inst/clk_out1                                                  |                                                          | overall_FSM/game_controller/mole/gen_location/rand_reg_reg[16]_LDC_i_1_n_0 |                1 |              1 |         1.00 |
|  u_clk_wiz_0/inst/clk_out1                                                  |                                                          | overall_FSM/game_controller/mole/gen_location/rand_reg_reg[17]_LDC_i_1_n_0 |                1 |              1 |         1.00 |
|  u_clk_wiz_0/inst/clk_out1                                                  |                                                          | overall_FSM/game_controller/mole/gen_location/rand_reg_reg[17]_LDC_i_2_n_0 |                1 |              1 |         1.00 |
|  u_clk_wiz_0/inst/clk_out1                                                  |                                                          | overall_FSM/game_controller/mole/gen_location/rand_reg_reg[0]_LDC_i_2_n_0  |                1 |              1 |         1.00 |
|  u_clk_wiz_0/inst/clk_out1                                                  |                                                          | overall_FSM/game_controller/mole/gen_location/rand_reg_reg[14]_LDC_i_2_n_0 |                1 |              1 |         1.00 |
|  u_clk_wiz_0/inst/clk_out1                                                  |                                                          | overall_FSM/game_controller/mole/gen_location/rand_reg_reg[18]_LDC_i_1_n_0 |                1 |              1 |         1.00 |
|  u_clk_wiz_0/inst/clk_out1                                                  |                                                          | overall_FSM/game_controller/mole/gen_location/rand_reg_reg[18]_LDC_i_2_n_0 |                1 |              1 |         1.00 |
|  u_clk_wiz_0/inst/clk_out1                                                  |                                                          | overall_FSM/game_controller/mole/gen_location/rand_reg_reg[10]_LDC_i_1_n_0 |                1 |              1 |         1.00 |
|  u_clk_wiz_0/inst/clk_out1                                                  |                                                          | overall_FSM/game_controller/mole/gen_location/rand_reg_reg[11]_LDC_i_1_n_0 |                1 |              1 |         1.00 |
|  u_clk_wiz_0/inst/clk_out1                                                  |                                                          | overall_FSM/game_controller/mole/gen_location/rand_reg_reg[13]_LDC_i_1_n_0 |                1 |              1 |         1.00 |
|  u_clk_wiz_0/inst/clk_out1                                                  |                                                          | overall_FSM/game_controller/mole/gen_location/rand_reg_reg[0]_LDC_i_1_n_0  |                1 |              1 |         1.00 |
|  u_clk_wiz_0/inst/clk_out1                                                  |                                                          | overall_FSM/game_controller/mole/gen_location/rand_reg_reg[15]_LDC_i_1_n_0 |                1 |              1 |         1.00 |
|  u_clk_wiz_0/inst/clk_out1                                                  |                                                          | overall_FSM/game_controller/mole/gen_location/rand_reg_reg[24]_LDC_i_2_n_0 |                1 |              1 |         1.00 |
|  u_clk_wiz_0/inst/clk_out1                                                  |                                                          | overall_FSM/game_controller/mole/gen_location/rand_reg_reg[12]_LDC_i_2_n_0 |                1 |              1 |         1.00 |
|  u_clk_wiz_0/inst/clk_out1                                                  |                                                          | overall_FSM/game_controller/mole/gen_location/rand_reg_reg[11]_LDC_i_2_n_0 |                1 |              1 |         1.00 |
|  u_clk_wiz_0/inst/clk_out1                                                  |                                                          | overall_FSM/game_controller/mole/gen_location/rand_reg_reg[10]_LDC_i_2_n_0 |                1 |              1 |         1.00 |
|  u_clk_wiz_0/inst/clk_out1                                                  |                                                          | overall_FSM/game_controller/mole/gen_location/rand_reg_reg[13]_LDC_i_2_n_0 |                1 |              1 |         1.00 |
|  u_clk_wiz_0/inst/clk_out1                                                  |                                                          | overall_FSM/game_controller/mole/gen_location/rand_reg_reg[12]_LDC_i_1_n_0 |                1 |              1 |         1.00 |
|  u_clk_wiz_0/inst/clk_out1                                                  |                                                          | overall_FSM/game_controller/mole/gen_location/rand_reg_reg[14]_LDC_i_1_n_0 |                1 |              1 |         1.00 |
|  u_clk_wiz_0/inst/clk_out1                                                  |                                                          | overall_FSM/game_controller/mole/gen_location/rand_reg_reg[23]_LDC_i_2_n_0 |                1 |              1 |         1.00 |
|  u_clk_wiz_0/inst/clk_out1                                                  |                                                          | overall_FSM/game_controller/mole/gen_location/rand_reg_reg[26]_LDC_i_2_n_0 |                1 |              1 |         1.00 |
|  u_clk_wiz_0/inst/clk_out1                                                  |                                                          | overall_FSM/game_controller/mole/gen_location/rand_reg_reg[27]_LDC_i_1_n_0 |                1 |              1 |         1.00 |
|  u_clk_wiz_0/inst/clk_out1                                                  |                                                          | overall_FSM/game_controller/mole/gen_location/rand_reg_reg[20]_LDC_i_1_n_0 |                1 |              1 |         1.00 |
|  u_clk_wiz_0/inst/clk_out1                                                  |                                                          | overall_FSM/game_controller/mole/gen_location/rand_reg_reg[24]_LDC_i_1_n_0 |                1 |              1 |         1.00 |
|  u_clk_wiz_0/inst/clk_out1                                                  |                                                          | overall_FSM/game_controller/mole/gen_location/rand_reg_reg[1]_LDC_i_1_n_0  |                1 |              1 |         1.00 |
|  u_clk_wiz_0/inst/clk_out1                                                  |                                                          | overall_FSM/game_controller/mole/gen_location/rand_reg_reg[19]_LDC_i_2_n_0 |                1 |              1 |         1.00 |
|  u_clk_wiz_0/inst/clk_out1                                                  |                                                          | overall_FSM/game_controller/mole/gen_location/rand_reg_reg[1]_LDC_i_2_n_0  |                1 |              1 |         1.00 |
|  u_clk_wiz_0/inst/clk_out1                                                  |                                                          | overall_FSM/game_controller/mole/gen_location/rand_reg_reg[22]_LDC_i_2_n_0 |                1 |              1 |         1.00 |
|  u_clk_wiz_0/inst/clk_out1                                                  |                                                          | overall_FSM/game_controller/mole/gen_location/rand_reg_reg[22]_LDC_i_1_n_0 |                1 |              1 |         1.00 |
|  u_clk_wiz_0/inst/clk_out1                                                  |                                                          | overall_FSM/game_controller/mole/gen_location/rand_reg_reg[25]_LDC_i_2_n_0 |                1 |              1 |         1.00 |
|  u_clk_wiz_0/inst/clk_out1                                                  |                                                          | overall_FSM/game_controller/mole/gen_location/rand_reg_reg[26]_LDC_i_1_n_0 |                1 |              1 |         1.00 |
|  u_clk_wiz_0/inst/clk_out1                                                  |                                                          | overall_FSM/game_controller/mole/gen_location/rand_reg_reg[20]_LDC_i_2_n_0 |                1 |              1 |         1.00 |
|  u_clk_wiz_0/inst/clk_out1                                                  |                                                          | overall_FSM/game_controller/mole/gen_location/rand_reg_reg[21]_LDC_i_1_n_0 |                1 |              1 |         1.00 |
|  u_clk_wiz_0/inst/clk_out1                                                  |                                                          | overall_FSM/game_controller/mole/gen_location/rand_reg_reg[25]_LDC_i_1_n_0 |                1 |              1 |         1.00 |
|  u_clk_wiz_0/inst/clk_out1                                                  |                                                          | overall_FSM/game_controller/mole/gen_location/rand_reg_reg[19]_LDC_i_1_n_0 |                1 |              1 |         1.00 |
|  u_clk_wiz_0/inst/clk_out1                                                  |                                                          | overall_FSM/game_controller/mole/gen_location/rand_reg_reg[21]_LDC_i_2_n_0 |                1 |              1 |         1.00 |
|  u_clk_wiz_0/inst/clk_out1                                                  |                                                          | overall_FSM/game_controller/mole/gen_location/rand_reg_reg[23]_LDC_i_1_n_0 |                1 |              1 |         1.00 |
|  u_clk_wiz_0/inst/clk_out1                                                  |                                                          | overall_FSM/game_controller/mole/gen_location/rand_reg_reg[30]_LDC_i_1_n_0 |                1 |              1 |         1.00 |
|  u_clk_wiz_0/inst/clk_out1                                                  |                                                          | overall_FSM/game_controller/mole/gen_location/rand_reg_reg[31]_LDC_i_2_n_0 |                1 |              1 |         1.00 |
|  u_clk_wiz_0/inst/clk_out1                                                  |                                                          | overall_FSM/game_controller/mole/gen_location/rand_reg_reg[5]_LDC_i_1_n_0  |                1 |              1 |         1.00 |
|  u_clk_wiz_0/inst/clk_out1                                                  |                                                          | overall_FSM/game_controller/mole/gen_location/rand_reg_reg[6]_LDC_i_1_n_0  |                1 |              1 |         1.00 |
|  u_clk_wiz_0/inst/clk_out1                                                  |                                                          | overall_FSM/game_controller/mole/gen_location/rand_reg_reg[7]_LDC_i_2_n_0  |                1 |              1 |         1.00 |
|  u_clk_wiz_0/inst/clk_out1                                                  |                                                          | overall_FSM/game_controller/mole/gen_location/rand_reg_reg[27]_LDC_i_2_n_0 |                1 |              1 |         1.00 |
|  u_clk_wiz_0/inst/clk_out1                                                  |                                                          | overall_FSM/game_controller/mole/gen_location/rand_reg_reg[4]_LDC_i_2_n_0  |                1 |              1 |         1.00 |
|  u_clk_wiz_0/inst/clk_out1                                                  |                                                          | overall_FSM/game_controller/mole/gen_location/rand_reg_reg[8]_LDC_i_1_n_0  |                1 |              1 |         1.00 |
|  u_clk_wiz_0/inst/clk_out1                                                  |                                                          | overall_FSM/game_controller/mole/gen_location/rand_reg_reg[29]_LDC_i_2_n_0 |                1 |              1 |         1.00 |
|  dri_clk                                                                    | u_touch_top/u_touch_dri/slave_addr0                      | u_touch_top/u_touch_dri/rst_n                                              |                1 |              3 |         3.00 |
|  u_clk_wiz_0/inst/clk_out1                                                  | overall_FSM/game_controller/sel                          | u_touch_top/u_touch_dri/tp_y_coord_reg[3]_0                                |                3 |              4 |         1.33 |
|  u_clk_wiz_0/inst/clk_out1                                                  | overall_FSM/game_controller/mole/p_10_out[19]            | u_touch_top/u_touch_dri/tp_y_coord_reg[3]_0                                |                3 |              6 |         2.00 |
|  u_clk_wiz_0/inst/clk_out1                                                  | overall_FSM/game_controller/mole/p_10_out[3]             | u_touch_top/u_touch_dri/tp_y_coord_reg[3]_0                                |                6 |              7 |         1.17 |
|  dri_clk                                                                    | u_touch_top/u_touch_dri/chip_version[7]_i_1_n_0          | u_touch_top/u_touch_dri/rst_n                                              |                3 |              8 |         2.67 |
|  dri_clk                                                                    | u_touch_top/u_touch_dri/chip_version[15]_i_1_n_0         | u_touch_top/u_touch_dri/rst_n                                              |                3 |              8 |         2.67 |
|  dri_clk                                                                    | u_touch_top/u_i2c_dri_m/reg_cnt[7]_i_1_n_0               | u_touch_top/u_touch_dri/rst_n                                              |                3 |              8 |         2.67 |
|  dri_clk                                                                    | u_touch_top/u_i2c_dri_m/i2c_data_r[7]_i_1_n_0            | u_touch_top/u_touch_dri/rst_n                                              |                1 |              8 |         8.00 |
|  dri_clk                                                                    | u_touch_top/u_touch_dri/tp_y_coord_t[15]_i_1_n_0         | u_touch_top/u_touch_dri/rst_n                                              |                1 |              8 |         8.00 |
|  dri_clk                                                                    | u_touch_top/u_touch_dri/tp_x_coord_t[7]_i_1_n_0          | u_touch_top/u_touch_dri/rst_n                                              |                1 |              8 |         8.00 |
|  dri_clk                                                                    | u_touch_top/u_touch_dri/tp_x_coord_t[15]_i_1_n_0         | u_touch_top/u_touch_dri/rst_n                                              |                2 |              8 |         4.00 |
|  dri_clk                                                                    | u_touch_top/u_touch_dri/tp_y_coord_t[7]_i_1_n_0          | u_touch_top/u_touch_dri/rst_n                                              |                1 |              8 |         8.00 |
|  u_clk_wiz_0/inst/clk_out1                                                  | overall_FSM/game_controller/mole/E[0]                    | u_touch_top/u_touch_dri/tp_y_coord_reg[3]_0                                |                4 |              8 |         2.00 |
|  u_clk_wiz_0/inst/clk_out1                                                  | overall_FSM/game_controller/mole/survival                | u_touch_top/u_touch_dri/tp_y_coord_reg[3]_0                                |                3 |              8 |         2.67 |
|  dri_clk                                                                    | u_touch_top/u_i2c_dri_m/addr_t                           | u_touch_top/u_touch_dri/rst_n                                              |                3 |              9 |         3.00 |
|  u_clk_wiz_0/inst/clk_out1                                                  | overall_FSM/game_controller/mole/p_10_out[15]            | u_touch_top/u_touch_dri/tp_y_coord_reg[3]_0                                |                4 |              9 |         2.25 |
|  lcd_clk_OBUF_BUFG                                                          | u_lcd_rgb_char/u_lcd_driver/sel                          | u_touch_top/u_touch_dri/rst_n                                              |                3 |             11 |         3.67 |
|  lcd_clk_OBUF_BUFG                                                          |                                                          |                                                                            |                6 |             11 |         1.83 |
|  u_clk_wiz_0/inst/clk_out1                                                  | u_lcd_rgb_char/u_rd_id/rd_flag_i_1_n_0                   | u_touch_top/u_touch_dri/rst_n                                              |                4 |             11 |         2.75 |
|  dri_clk                                                                    | u_touch_top/u_touch_dri/i2c_addr0                        | u_touch_top/u_touch_dri/rst_n                                              |                7 |             12 |         1.71 |
|  u_clk_wiz_0/inst/clk_out1                                                  | overall_FSM/game_controller/mole/p_10_out[7]             | u_touch_top/u_touch_dri/tp_y_coord_reg[3]_0                                |                4 |             12 |         3.00 |
|  u_clk_wiz_0/inst/clk_out1                                                  | overall_FSM/game_controller/timer_reg                    | u_touch_top/u_touch_dri/tp_y_coord_reg[3]_0                                |                4 |             13 |         3.25 |
|  u_clk_wiz_0/inst/clk_out1                                                  | overall_FSM/game_controller/mole/p_10_out[11]            | u_touch_top/u_touch_dri/tp_y_coord_reg[3]_0                                |                7 |             16 |         2.29 |
|  u_clk_wiz_0/inst/clk_out1                                                  | overall_FSM/game_controller/score_reg[9]_i_1_n_0         | u_touch_top/u_touch_dri/tp_y_coord_reg[3]_0                                |                5 |             18 |         3.60 |
|  dri_clk                                                                    | u_touch_top/u_touch_dri/__28/last_tp_x_coord[15]_i_1_n_0 | u_touch_top/u_touch_dri/rst_n                                              |                8 |             32 |         4.00 |
|  dri_clk                                                                    | u_touch_top/u_touch_dri/tp_x_coord0                      | u_touch_top/u_touch_dri/rst_n                                              |                6 |             32 |         5.33 |
|  u_clk_wiz_0/inst/clk_out1                                                  |                                                          | u_touch_top/u_touch_dri/rst_n                                              |               18 |             49 |         2.72 |
|  lcd_clk_OBUF_BUFG                                                          |                                                          | u_touch_top/u_touch_dri/rst_n                                              |               30 |             51 |         1.70 |
|  dri_clk                                                                    |                                                          | u_touch_top/u_touch_dri/rst_n                                              |               30 |             75 |         2.50 |
|  u_clk_wiz_0/inst/clk_out1                                                  |                                                          | u_touch_top/u_touch_dri/tp_y_coord_reg[3]_0                                |               65 |            229 |         3.52 |
+-----------------------------------------------------------------------------+----------------------------------------------------------+----------------------------------------------------------------------------+------------------+----------------+--------------+


